#
# There is insufficient memory for the Java Runtime Environment to continue.
# Native memory allocation (malloc) failed to allocate 2194032 bytes for Chunk::new
# Possible reasons:
#   The system is out of physical RAM or swap space
#   The process is running with CompressedOops enabled, and the Java Heap may be blocking the growth of the native heap
# Possible solutions:
#   Reduce memory load on the system
#   Increase physical memory or swap space
#   Check if swap backing store is full
#   Decrease Java heap size (-Xmx/-Xms)
#   Decrease number of Java threads
#   Decrease Java thread stack sizes (-Xss)
#   Set larger code cache with -XX:ReservedCodeCacheSize=
#   JVM is running with Unscaled Compressed Oops mode in which the Java heap is
#     placed in the first 4GB address space. The Java Heap base address is the
#     maximum limit for the native heap growth. Please use -XX:HeapBaseMinAddress
#     to set the Java Heap base and to place the Java Heap above 4GB virtual address.
# This output file may be truncated or incomplete.
#
#  Out of Memory Error (arena.cpp:168), pid=19320, tid=17112
#
# JRE version: Java(TM) SE Runtime Environment (21.0.4+8) (build 21.0.4+8-LTS-274)
# Java VM: Java HotSpot(TM) 64-Bit Server VM (21.0.4+8-LTS-274, mixed mode, sharing, tiered, compressed oops, compressed class ptrs, g1 gc, windows-amd64)
# No core dump will be written. Minidumps are not enabled by default on client versions of Windows
#

---------------  S U M M A R Y ------------

Command Line: --add-opens=java.base/java.util=ALL-UNNAMED --add-opens=java.base/java.lang=ALL-UNNAMED --add-opens=java.base/java.lang.invoke=ALL-UNNAMED --add-opens=java.prefs/java.util.prefs=ALL-UNNAMED --add-exports=jdk.compiler/com.sun.tools.javac.api=ALL-UNNAMED --add-exports=jdk.compiler/com.sun.tools.javac.util=ALL-UNNAMED --add-opens=java.base/java.nio.charset=ALL-UNNAMED --add-opens=java.base/java.net=ALL-UNNAMED --add-opens=java.base/java.util.concurrent.atomic=ALL-UNNAMED -XX:MaxMetaspaceSize=384m -XX:+HeapDumpOnOutOfMemoryError -Xms256m -Xmx512m -Dfile.encoding=UTF-8 -Duser.country=US -Duser.language=en -Duser.variant -javaagent:C:\Users\Shibli Sadik\.gradle\wrapper\dists\gradle-8.10.2-bin\a04bxjujx95o3nb99gddekhwo\gradle-8.10.2\lib\agents\gradle-instrumentation-agent-8.10.2.jar org.gradle.launcher.daemon.bootstrap.GradleDaemon 8.10.2

Host: Intel(R) Core(TM) i5-8265U CPU @ 1.60GHz, 8 cores, 3G,  Windows 11 , 64 bit Build 22621 (10.0.22621.3958)
Time: Sat Oct 19 22:36:32 2024 Bangladesh Standard Time elapsed time: 16.671387 seconds (0d 0h 0m 16s)

---------------  T H R E A D  ---------------

Current thread (0x00000252974ccbe0):  JavaThread "C2 CompilerThread0" daemon [_thread_in_native, id=17112, stack(0x000000f7d6600000,0x000000f7d6700000) (1024K)]


Current CompileTask:
C2:  16671 3792   !   4       java.lang.ClassLoader::loadClass (121 bytes)

Stack: [0x000000f7d6600000,0x000000f7d6700000]
Native frames: (J=compiled Java code, j=interpreted, Vv=VM code, C=native code)
V  [jvm.dll+0x6c8e59]
V  [jvm.dll+0x853181]
V  [jvm.dll+0x8556ae]
V  [jvm.dll+0x855d83]
V  [jvm.dll+0x27d526]
V  [jvm.dll+0xc4aad]
V  [jvm.dll+0xc4fe3]
V  [jvm.dll+0x3b400c]
V  [jvm.dll+0x1df439]
V  [jvm.dll+0x2463d2]
V  [jvm.dll+0x24585f]
V  [jvm.dll+0x1c69de]
V  [jvm.dll+0x254d49]
V  [jvm.dll+0x2532da]
V  [jvm.dll+0x3ed426]
V  [jvm.dll+0x7fd65b]
V  [jvm.dll+0x6c753d]
C  [ucrtbase.dll+0x29333]
C  [KERNEL32.DLL+0x1257d]
C  [ntdll.dll+0x5af08]


---------------  P R O C E S S  ---------------

Threads class SMR info:
_java_thread_list=0x00000252b344b3b0, length=34, elements={
0x00000252f6ac18f0, 0x00000252fc26d4b0, 0x00000252fc26e010, 0x00000252974c17d0,
0x00000252974c4340, 0x00000252974c4da0, 0x00000252974c5800, 0x00000252974ccbe0,
0x00000252974d5690, 0x00000252975a7930, 0x0000025297721cc0, 0x00000252b1d06d60,
0x00000252b276b440, 0x00000252b172c450, 0x000002529765c580, 0x000002529765d390,
0x000002529765da00, 0x00000252b24a4410, 0x00000252b24a4aa0, 0x00000252b24a5130,
0x00000252b24a3060, 0x00000252b24a36f0, 0x00000252b24a5e50, 0x00000252b24a29d0,
0x00000252b24a3d80, 0x00000252b491c060, 0x00000252b49150d0, 0x00000252b491a620,
0x00000252b4919900, 0x00000252b4918be0, 0x00000252b491acb0, 0x00000252b4915760,
0x00000252b491b9d0, 0x00000252b491c6f0
}

Java Threads: ( => current thread )
  0x00000252f6ac18f0 JavaThread "main"                              [_thread_blocked, id=11468, stack(0x000000f7d5800000,0x000000f7d5900000) (1024K)]
  0x00000252fc26d4b0 JavaThread "Reference Handler"          daemon [_thread_blocked, id=21380, stack(0x000000f7d6000000,0x000000f7d6100000) (1024K)]
  0x00000252fc26e010 JavaThread "Finalizer"                  daemon [_thread_blocked, id=4692, stack(0x000000f7d6100000,0x000000f7d6200000) (1024K)]
  0x00000252974c17d0 JavaThread "Signal Dispatcher"          daemon [_thread_blocked, id=6128, stack(0x000000f7d6200000,0x000000f7d6300000) (1024K)]
  0x00000252974c4340 JavaThread "Attach Listener"            daemon [_thread_blocked, id=13176, stack(0x000000f7d6300000,0x000000f7d6400000) (1024K)]
  0x00000252974c4da0 JavaThread "Service Thread"             daemon [_thread_blocked, id=9484, stack(0x000000f7d6400000,0x000000f7d6500000) (1024K)]
  0x00000252974c5800 JavaThread "Monitor Deflation Thread"   daemon [_thread_blocked, id=14920, stack(0x000000f7d6500000,0x000000f7d6600000) (1024K)]
=>0x00000252974ccbe0 JavaThread "C2 CompilerThread0"         daemon [_thread_in_native, id=17112, stack(0x000000f7d6600000,0x000000f7d6700000) (1024K)]
  0x00000252974d5690 JavaThread "C1 CompilerThread0"         daemon [_thread_in_native, id=12936, stack(0x000000f7d6700000,0x000000f7d6800000) (1024K)]
  0x00000252975a7930 JavaThread "Common-Cleaner"             daemon [_thread_blocked, id=7920, stack(0x000000f7d6800000,0x000000f7d6900000) (1024K)]
  0x0000025297721cc0 JavaThread "Notification Thread"        daemon [_thread_blocked, id=5264, stack(0x000000f7d6900000,0x000000f7d6a00000) (1024K)]
  0x00000252b1d06d60 JavaThread "Daemon health stats"               [_thread_blocked, id=444, stack(0x000000f7d6f00000,0x000000f7d7000000) (1024K)]
  0x00000252b276b440 JavaThread "Incoming local TCP Connector on port 6270"        [_thread_in_native, id=8956, stack(0x000000f7d7000000,0x000000f7d7100000) (1024K)]
  0x00000252b172c450 JavaThread "Daemon periodic checks"            [_thread_blocked, id=19788, stack(0x000000f7d7100000,0x000000f7d7200000) (1024K)]
  0x000002529765c580 JavaThread "Daemon"                            [_thread_blocked, id=17760, stack(0x000000f7d7200000,0x000000f7d7300000) (1024K)]
  0x000002529765d390 JavaThread "Handler for socket connection from /127.0.0.1:6270 to /127.0.0.1:6271"        [_thread_in_native, id=20524, stack(0x000000f7d7300000,0x000000f7d7400000) (1024K)]
  0x000002529765da00 JavaThread "Cancel handler"                    [_thread_blocked, id=4196, stack(0x000000f7d7400000,0x000000f7d7500000) (1024K)]
  0x00000252b24a4410 JavaThread "Daemon worker"                     [_thread_in_Java, id=20940, stack(0x000000f7d7500000,0x000000f7d7600000) (1024K)]
  0x00000252b24a4aa0 JavaThread "Asynchronous log dispatcher for DefaultDaemonConnection: socket connection from /127.0.0.1:6270 to /127.0.0.1:6271"        [_thread_blocked, id=13364, stack(0x000000f7d7600000,0x000000f7d7700000) (1024K)]
  0x00000252b24a5130 JavaThread "Stdin handler"                     [_thread_blocked, id=20452, stack(0x000000f7d7700000,0x000000f7d7800000) (1024K)]
  0x00000252b24a3060 JavaThread "Daemon client event forwarder"        [_thread_blocked, id=3976, stack(0x000000f7d7800000,0x000000f7d7900000) (1024K)]
  0x00000252b24a36f0 JavaThread "Cache worker for journal cache (C:\Users\Shibli Sadik\.gradle\caches\journal-1)"        [_thread_blocked, id=11728, stack(0x000000f7d7900000,0x000000f7d7a00000) (1024K)]
  0x00000252b24a5e50 JavaThread "File lock request listener"        [_thread_in_native, id=6988, stack(0x000000f7d7a00000,0x000000f7d7b00000) (1024K)]
  0x00000252b24a29d0 JavaThread "Cache worker for file hash cache (C:\Users\Shibli Sadik\.gradle\caches\8.10.2\fileHashes)"        [_thread_blocked, id=20204, stack(0x000000f7d7b00000,0x000000f7d7c00000) (1024K)]
  0x00000252b24a3d80 JavaThread "Cache worker for file hash cache (G:\java\gradle\project2\gamertoky1188\gamertoky1188\.gradle\8.10.2\fileHashes)"        [_thread_blocked, id=16972, stack(0x000000f7d7f00000,0x000000f7d8000000) (1024K)]
  0x00000252b491c060 JavaThread "Cache worker for Build Output Cleanup Cache (G:\java\gradle\project2\gamertoky1188\gamertoky1188\.gradle\buildOutputCleanup)"        [_thread_blocked, id=2432, stack(0x000000f7d8000000,0x000000f7d8100000) (1024K)]
  0x00000252b49150d0 JavaThread "File watcher server"        daemon [_thread_in_native, id=16444, stack(0x000000f7d8100000,0x000000f7d8200000) (1024K)]
  0x00000252b491a620 JavaThread "File watcher consumer"      daemon [_thread_blocked, id=3624, stack(0x000000f7d8200000,0x000000f7d8300000) (1024K)]
  0x00000252b4919900 JavaThread "Cache worker for checksums cache (G:\java\gradle\project2\gamertoky1188\gamertoky1188\.gradle\8.10.2\checksums)"        [_thread_blocked, id=22172, stack(0x000000f7d8300000,0x000000f7d8400000) (1024K)]
  0x00000252b4918be0 JavaThread "Cache worker for file content cache (C:\Users\Shibli Sadik\.gradle\caches\8.10.2\fileContent)"        [_thread_blocked, id=416, stack(0x000000f7d8400000,0x000000f7d8500000) (1024K)]
  0x00000252b491acb0 JavaThread "Cache worker for cache directory md-rule (C:\Users\Shibli Sadik\.gradle\caches\8.10.2\md-rule)"        [_thread_blocked, id=16980, stack(0x000000f7d8500000,0x000000f7d8600000) (1024K)]
  0x00000252b4915760 JavaThread "Cache worker for cache directory md-supplier (C:\Users\Shibli Sadik\.gradle\caches\8.10.2\md-supplier)"        [_thread_blocked, id=7776, stack(0x000000f7d8600000,0x000000f7d8700000) (1024K)]
  0x00000252b491b9d0 JavaThread "jar transforms"                    [_thread_blocked, id=1988, stack(0x000000f7d8700000,0x000000f7d8800000) (1024K)]
  0x00000252b491c6f0 JavaThread "jar transforms Thread 2"           [_thread_blocked, id=4448, stack(0x000000f7d8800000,0x000000f7d8900000) (1024K)]
Total: 34

Other Threads:
  0x00000252fc24eec0 VMThread "VM Thread"                           [id=13656, stack(0x000000f7d5f00000,0x000000f7d6000000) (1024K)]
  0x00000252fc2358a0 WatcherThread "VM Periodic Task Thread"        [id=9564, stack(0x000000f7d5e00000,0x000000f7d5f00000) (1024K)]
  0x00000252f6aebf20 WorkerThread "GC Thread#0"                     [id=21332, stack(0x000000f7d5900000,0x000000f7d5a00000) (1024K)]
  0x00000252978b5050 WorkerThread "GC Thread#1"                     [id=11448, stack(0x000000f7d6a00000,0x000000f7d6b00000) (1024K)]
  0x00000252b12f6dd0 WorkerThread "GC Thread#2"                     [id=21012, stack(0x000000f7d6b00000,0x000000f7d6c00000) (1024K)]
  0x00000252b1170e70 WorkerThread "GC Thread#3"                     [id=19032, stack(0x000000f7d6c00000,0x000000f7d6d00000) (1024K)]
  0x00000252b1171210 WorkerThread "GC Thread#4"                     [id=20276, stack(0x000000f7d6d00000,0x000000f7d6e00000) (1024K)]
  0x00000252b11715b0 WorkerThread "GC Thread#5"                     [id=12308, stack(0x000000f7d6e00000,0x000000f7d6f00000) (1024K)]
  0x00000252b44fba30 WorkerThread "GC Thread#6"                     [id=21944, stack(0x000000f7d7c00000,0x000000f7d7d00000) (1024K)]
  0x00000252b44fbdd0 WorkerThread "GC Thread#7"                     [id=1796, stack(0x000000f7d7d00000,0x000000f7d7e00000) (1024K)]
  0x00000252f6af16f0 ConcurrentGCThread "G1 Main Marker"            [id=21848, stack(0x000000f7d5a00000,0x000000f7d5b00000) (1024K)]
  0x00000252f6af2090 WorkerThread "G1 Conc#0"                       [id=10880, stack(0x000000f7d5b00000,0x000000f7d5c00000) (1024K)]
  0x00000252b44fc170 WorkerThread "G1 Conc#1"                       [id=17356, stack(0x000000f7d7e00000,0x000000f7d7f00000) (1024K)]
  0x00000252fc1061f0 ConcurrentGCThread "G1 Refine#0"               [id=5928, stack(0x000000f7d5c00000,0x000000f7d5d00000) (1024K)]
  0x00000252fc106a10 ConcurrentGCThread "G1 Service"                [id=3388, stack(0x000000f7d5d00000,0x000000f7d5e00000) (1024K)]
Total: 15

Threads with active compile tasks:
C2 CompilerThread0    16798 3792   !   4       java.lang.ClassLoader::loadClass (121 bytes)
Total: 1

VM state: not at safepoint (normal execution)

VM Mutex/Monitor currently owned by a thread: None

Heap address: 0x00000000e0000000, size: 512 MB, Compressed Oops mode: 32-bit

CDS archive(s) mapped at: [0x0000025298000000-0x0000025298c90000-0x0000025298c90000), size 13172736, SharedBaseAddress: 0x0000025298000000, ArchiveRelocationMode: 1.
Compressed class space mapped at: 0x0000025299000000-0x00000252ad000000, reserved size: 335544320
Narrow klass base: 0x0000025298000000, Narrow klass shift: 0, Narrow klass range: 0x100000000

GC Precious Log:
 CardTable entry size: 512
 Card Set container configuration: InlinePtr #cards 5 size 8 Array Of Cards #cards 12 size 40 Howl #buckets 4 coarsen threshold 1843 Howl Bitmap #cards 512 size 80 coarsen threshold 460 Card regions per heap region 1 cards per card region 2048
 CPUs: 8 total, 8 available
 Memory: 3977M
 Large Page Support: Disabled
 NUMA Support: Disabled
 Compressed Oops: Enabled (32-bit)
 Heap Region Size: 1M
 Heap Min Capacity: 256M
 Heap Initial Capacity: 256M
 Heap Max Capacity: 512M
 Pre-touch: Disabled
 Parallel Workers: 8
 Concurrent Workers: 2
 Concurrent Refinement Workers: 8
 Periodic GC: Disabled

Heap:
 garbage-first heap   total 262144K, used 115391K [0x00000000e0000000, 0x0000000100000000)
  region size 1024K, 104 young (106496K), 14 survivors (14336K)
 Metaspace       used 34515K, committed 35840K, reserved 393216K
  class space    used 5050K, committed 5696K, reserved 327680K

Heap Regions: E=young(eden), S=young(survivor), O=old, HS=humongous(starts), HC=humongous(continues), CS=collection set, F=free, TAMS=top-at-mark-start, PB=parsable bottom
|   0|0x00000000e0000000, 0x00000000e0100000, 0x00000000e0100000|100%| O|  |TAMS 0x00000000e0000000| PB 0x00000000e0000000| Untracked 
|   1|0x00000000e0100000, 0x00000000e0200000, 0x00000000e0200000|100%| O|Cm|TAMS 0x00000000e0100000| PB 0x00000000e0100000| Complete 
|   2|0x00000000e0200000, 0x00000000e0300000, 0x00000000e0300000|100%|HS|  |TAMS 0x00000000e0200000| PB 0x00000000e0200000| Complete 
|   3|0x00000000e0300000, 0x00000000e0400000, 0x00000000e0400000|100%|HC|  |TAMS 0x00000000e0300000| PB 0x00000000e0300000| Complete 
|   4|0x00000000e0400000, 0x00000000e0500000, 0x00000000e0500000|100%|HC|  |TAMS 0x00000000e0400000| PB 0x00000000e0400000| Complete 
|   5|0x00000000e0500000, 0x00000000e0600000, 0x00000000e0600000|100%|HC|  |TAMS 0x00000000e0500000| PB 0x00000000e0500000| Complete 
|   6|0x00000000e0600000, 0x00000000e0700000, 0x00000000e0700000|100%| O|  |TAMS 0x00000000e0600000| PB 0x00000000e0600000| Untracked 
|   7|0x00000000e0700000, 0x00000000e0800000, 0x00000000e0800000|100%| O|  |TAMS 0x00000000e0700000| PB 0x00000000e0700000| Untracked 
|   8|0x00000000e0800000, 0x00000000e0900000, 0x00000000e0900000|100%| O|  |TAMS 0x00000000e0800000| PB 0x00000000e0800000| Untracked 
|   9|0x00000000e0900000, 0x00000000e0a00000, 0x00000000e0a00000|100%|HS|  |TAMS 0x00000000e0900000| PB 0x00000000e0900000| Complete 
|  10|0x00000000e0a00000, 0x00000000e0a00000, 0x00000000e0b00000|  0%| F|  |TAMS 0x00000000e0a00000| PB 0x00000000e0a00000| Untracked 
|  11|0x00000000e0b00000, 0x00000000e0bafc80, 0x00000000e0c00000| 68%| O|  |TAMS 0x00000000e0b00000| PB 0x00000000e0b00000| Untracked 
|  12|0x00000000e0c00000, 0x00000000e0c00000, 0x00000000e0d00000|  0%| F|  |TAMS 0x00000000e0c00000| PB 0x00000000e0c00000| Untracked 
|  13|0x00000000e0d00000, 0x00000000e0d00000, 0x00000000e0e00000|  0%| F|  |TAMS 0x00000000e0d00000| PB 0x00000000e0d00000| Untracked 
|  14|0x00000000e0e00000, 0x00000000e0e00000, 0x00000000e0f00000|  0%| F|  |TAMS 0x00000000e0e00000| PB 0x00000000e0e00000| Untracked 
|  15|0x00000000e0f00000, 0x00000000e0f00000, 0x00000000e1000000|  0%| F|  |TAMS 0x00000000e0f00000| PB 0x00000000e0f00000| Untracked 
|  16|0x00000000e1000000, 0x00000000e1000000, 0x00000000e1100000|  0%| F|  |TAMS 0x00000000e1000000| PB 0x00000000e1000000| Untracked 
|  17|0x00000000e1100000, 0x00000000e1100000, 0x00000000e1200000|  0%| F|  |TAMS 0x00000000e1100000| PB 0x00000000e1100000| Untracked 
|  18|0x00000000e1200000, 0x00000000e1200000, 0x00000000e1300000|  0%| F|  |TAMS 0x00000000e1200000| PB 0x00000000e1200000| Untracked 
|  19|0x00000000e1300000, 0x00000000e1300000, 0x00000000e1400000|  0%| F|  |TAMS 0x00000000e1300000| PB 0x00000000e1300000| Untracked 
|  20|0x00000000e1400000, 0x00000000e1400000, 0x00000000e1500000|  0%| F|  |TAMS 0x00000000e1400000| PB 0x00000000e1400000| Untracked 
|  21|0x00000000e1500000, 0x00000000e1500000, 0x00000000e1600000|  0%| F|  |TAMS 0x00000000e1500000| PB 0x00000000e1500000| Untracked 
|  22|0x00000000e1600000, 0x00000000e1600000, 0x00000000e1700000|  0%| F|  |TAMS 0x00000000e1600000| PB 0x00000000e1600000| Untracked 
|  23|0x00000000e1700000, 0x00000000e1700000, 0x00000000e1800000|  0%| F|  |TAMS 0x00000000e1700000| PB 0x00000000e1700000| Untracked 
|  24|0x00000000e1800000, 0x00000000e1800000, 0x00000000e1900000|  0%| F|  |TAMS 0x00000000e1800000| PB 0x00000000e1800000| Untracked 
|  25|0x00000000e1900000, 0x00000000e1900000, 0x00000000e1a00000|  0%| F|  |TAMS 0x00000000e1900000| PB 0x00000000e1900000| Untracked 
|  26|0x00000000e1a00000, 0x00000000e1a00000, 0x00000000e1b00000|  0%| F|  |TAMS 0x00000000e1a00000| PB 0x00000000e1a00000| Untracked 
|  27|0x00000000e1b00000, 0x00000000e1b00000, 0x00000000e1c00000|  0%| F|  |TAMS 0x00000000e1b00000| PB 0x00000000e1b00000| Untracked 
|  28|0x00000000e1c00000, 0x00000000e1c00000, 0x00000000e1d00000|  0%| F|  |TAMS 0x00000000e1c00000| PB 0x00000000e1c00000| Untracked 
|  29|0x00000000e1d00000, 0x00000000e1d00000, 0x00000000e1e00000|  0%| F|  |TAMS 0x00000000e1d00000| PB 0x00000000e1d00000| Untracked 
|  30|0x00000000e1e00000, 0x00000000e1e00000, 0x00000000e1f00000|  0%| F|  |TAMS 0x00000000e1e00000| PB 0x00000000e1e00000| Untracked 
|  31|0x00000000e1f00000, 0x00000000e1f00000, 0x00000000e2000000|  0%| F|  |TAMS 0x00000000e1f00000| PB 0x00000000e1f00000| Untracked 
|  32|0x00000000e2000000, 0x00000000e2000000, 0x00000000e2100000|  0%| F|  |TAMS 0x00000000e2000000| PB 0x00000000e2000000| Untracked 
|  33|0x00000000e2100000, 0x00000000e2100000, 0x00000000e2200000|  0%| F|  |TAMS 0x00000000e2100000| PB 0x00000000e2100000| Untracked 
|  34|0x00000000e2200000, 0x00000000e2200000, 0x00000000e2300000|  0%| F|  |TAMS 0x00000000e2200000| PB 0x00000000e2200000| Untracked 
|  35|0x00000000e2300000, 0x00000000e2300000, 0x00000000e2400000|  0%| F|  |TAMS 0x00000000e2300000| PB 0x00000000e2300000| Untracked 
|  36|0x00000000e2400000, 0x00000000e2400000, 0x00000000e2500000|  0%| F|  |TAMS 0x00000000e2400000| PB 0x00000000e2400000| Untracked 
|  37|0x00000000e2500000, 0x00000000e2500000, 0x00000000e2600000|  0%| F|  |TAMS 0x00000000e2500000| PB 0x00000000e2500000| Untracked 
|  38|0x00000000e2600000, 0x00000000e2600000, 0x00000000e2700000|  0%| F|  |TAMS 0x00000000e2600000| PB 0x00000000e2600000| Untracked 
|  39|0x00000000e2700000, 0x00000000e2700000, 0x00000000e2800000|  0%| F|  |TAMS 0x00000000e2700000| PB 0x00000000e2700000| Untracked 
|  40|0x00000000e2800000, 0x00000000e2800000, 0x00000000e2900000|  0%| F|  |TAMS 0x00000000e2800000| PB 0x00000000e2800000| Untracked 
|  41|0x00000000e2900000, 0x00000000e2900000, 0x00000000e2a00000|  0%| F|  |TAMS 0x00000000e2900000| PB 0x00000000e2900000| Untracked 
|  42|0x00000000e2a00000, 0x00000000e2a00000, 0x00000000e2b00000|  0%| F|  |TAMS 0x00000000e2a00000| PB 0x00000000e2a00000| Untracked 
|  43|0x00000000e2b00000, 0x00000000e2b00000, 0x00000000e2c00000|  0%| F|  |TAMS 0x00000000e2b00000| PB 0x00000000e2b00000| Untracked 
|  44|0x00000000e2c00000, 0x00000000e2c00000, 0x00000000e2d00000|  0%| F|  |TAMS 0x00000000e2c00000| PB 0x00000000e2c00000| Untracked 
|  45|0x00000000e2d00000, 0x00000000e2d00000, 0x00000000e2e00000|  0%| F|  |TAMS 0x00000000e2d00000| PB 0x00000000e2d00000| Untracked 
|  46|0x00000000e2e00000, 0x00000000e2e00000, 0x00000000e2f00000|  0%| F|  |TAMS 0x00000000e2e00000| PB 0x00000000e2e00000| Untracked 
|  47|0x00000000e2f00000, 0x00000000e2f00000, 0x00000000e3000000|  0%| F|  |TAMS 0x00000000e2f00000| PB 0x00000000e2f00000| Untracked 
|  48|0x00000000e3000000, 0x00000000e3000000, 0x00000000e3100000|  0%| F|  |TAMS 0x00000000e3000000| PB 0x00000000e3000000| Untracked 
|  49|0x00000000e3100000, 0x00000000e3100000, 0x00000000e3200000|  0%| F|  |TAMS 0x00000000e3100000| PB 0x00000000e3100000| Untracked 
|  50|0x00000000e3200000, 0x00000000e3200000, 0x00000000e3300000|  0%| F|  |TAMS 0x00000000e3200000| PB 0x00000000e3200000| Untracked 
|  51|0x00000000e3300000, 0x00000000e3300000, 0x00000000e3400000|  0%| F|  |TAMS 0x00000000e3300000| PB 0x00000000e3300000| Untracked 
|  52|0x00000000e3400000, 0x00000000e3400000, 0x00000000e3500000|  0%| F|  |TAMS 0x00000000e3400000| PB 0x00000000e3400000| Untracked 
|  53|0x00000000e3500000, 0x00000000e3500000, 0x00000000e3600000|  0%| F|  |TAMS 0x00000000e3500000| PB 0x00000000e3500000| Untracked 
|  54|0x00000000e3600000, 0x00000000e3600000, 0x00000000e3700000|  0%| F|  |TAMS 0x00000000e3600000| PB 0x00000000e3600000| Untracked 
|  55|0x00000000e3700000, 0x00000000e3700000, 0x00000000e3800000|  0%| F|  |TAMS 0x00000000e3700000| PB 0x00000000e3700000| Untracked 
|  56|0x00000000e3800000, 0x00000000e3800000, 0x00000000e3900000|  0%| F|  |TAMS 0x00000000e3800000| PB 0x00000000e3800000| Untracked 
|  57|0x00000000e3900000, 0x00000000e3900000, 0x00000000e3a00000|  0%| F|  |TAMS 0x00000000e3900000| PB 0x00000000e3900000| Untracked 
|  58|0x00000000e3a00000, 0x00000000e3a00000, 0x00000000e3b00000|  0%| F|  |TAMS 0x00000000e3a00000| PB 0x00000000e3a00000| Untracked 
|  59|0x00000000e3b00000, 0x00000000e3b00000, 0x00000000e3c00000|  0%| F|  |TAMS 0x00000000e3b00000| PB 0x00000000e3b00000| Untracked 
|  60|0x00000000e3c00000, 0x00000000e3c00000, 0x00000000e3d00000|  0%| F|  |TAMS 0x00000000e3c00000| PB 0x00000000e3c00000| Untracked 
|  61|0x00000000e3d00000, 0x00000000e3d00000, 0x00000000e3e00000|  0%| F|  |TAMS 0x00000000e3d00000| PB 0x00000000e3d00000| Untracked 
|  62|0x00000000e3e00000, 0x00000000e3e00000, 0x00000000e3f00000|  0%| F|  |TAMS 0x00000000e3e00000| PB 0x00000000e3e00000| Untracked 
|  63|0x00000000e3f00000, 0x00000000e3f00000, 0x00000000e4000000|  0%| F|  |TAMS 0x00000000e3f00000| PB 0x00000000e3f00000| Untracked 
|  64|0x00000000e4000000, 0x00000000e4000000, 0x00000000e4100000|  0%| F|  |TAMS 0x00000000e4000000| PB 0x00000000e4000000| Untracked 
|  65|0x00000000e4100000, 0x00000000e4100000, 0x00000000e4200000|  0%| F|  |TAMS 0x00000000e4100000| PB 0x00000000e4100000| Untracked 
|  66|0x00000000e4200000, 0x00000000e4200000, 0x00000000e4300000|  0%| F|  |TAMS 0x00000000e4200000| PB 0x00000000e4200000| Untracked 
|  67|0x00000000e4300000, 0x00000000e4300000, 0x00000000e4400000|  0%| F|  |TAMS 0x00000000e4300000| PB 0x00000000e4300000| Untracked 
|  68|0x00000000e4400000, 0x00000000e4400000, 0x00000000e4500000|  0%| F|  |TAMS 0x00000000e4400000| PB 0x00000000e4400000| Untracked 
|  69|0x00000000e4500000, 0x00000000e4500000, 0x00000000e4600000|  0%| F|  |TAMS 0x00000000e4500000| PB 0x00000000e4500000| Untracked 
|  70|0x00000000e4600000, 0x00000000e4600000, 0x00000000e4700000|  0%| F|  |TAMS 0x00000000e4600000| PB 0x00000000e4600000| Untracked 
|  71|0x00000000e4700000, 0x00000000e4700000, 0x00000000e4800000|  0%| F|  |TAMS 0x00000000e4700000| PB 0x00000000e4700000| Untracked 
|  72|0x00000000e4800000, 0x00000000e4800000, 0x00000000e4900000|  0%| F|  |TAMS 0x00000000e4800000| PB 0x00000000e4800000| Untracked 
|  73|0x00000000e4900000, 0x00000000e4900000, 0x00000000e4a00000|  0%| F|  |TAMS 0x00000000e4900000| PB 0x00000000e4900000| Untracked 
|  74|0x00000000e4a00000, 0x00000000e4a00000, 0x00000000e4b00000|  0%| F|  |TAMS 0x00000000e4a00000| PB 0x00000000e4a00000| Untracked 
|  75|0x00000000e4b00000, 0x00000000e4b00000, 0x00000000e4c00000|  0%| F|  |TAMS 0x00000000e4b00000| PB 0x00000000e4b00000| Untracked 
|  76|0x00000000e4c00000, 0x00000000e4c00000, 0x00000000e4d00000|  0%| F|  |TAMS 0x00000000e4c00000| PB 0x00000000e4c00000| Untracked 
|  77|0x00000000e4d00000, 0x00000000e4d00000, 0x00000000e4e00000|  0%| F|  |TAMS 0x00000000e4d00000| PB 0x00000000e4d00000| Untracked 
|  78|0x00000000e4e00000, 0x00000000e4e00000, 0x00000000e4f00000|  0%| F|  |TAMS 0x00000000e4e00000| PB 0x00000000e4e00000| Untracked 
|  79|0x00000000e4f00000, 0x00000000e4f00000, 0x00000000e5000000|  0%| F|  |TAMS 0x00000000e4f00000| PB 0x00000000e4f00000| Untracked 
|  80|0x00000000e5000000, 0x00000000e5000000, 0x00000000e5100000|  0%| F|  |TAMS 0x00000000e5000000| PB 0x00000000e5000000| Untracked 
|  81|0x00000000e5100000, 0x00000000e5100000, 0x00000000e5200000|  0%| F|  |TAMS 0x00000000e5100000| PB 0x00000000e5100000| Untracked 
|  82|0x00000000e5200000, 0x00000000e5200000, 0x00000000e5300000|  0%| F|  |TAMS 0x00000000e5200000| PB 0x00000000e5200000| Untracked 
|  83|0x00000000e5300000, 0x00000000e5300000, 0x00000000e5400000|  0%| F|  |TAMS 0x00000000e5300000| PB 0x00000000e5300000| Untracked 
|  84|0x00000000e5400000, 0x00000000e5400000, 0x00000000e5500000|  0%| F|  |TAMS 0x00000000e5400000| PB 0x00000000e5400000| Untracked 
|  85|0x00000000e5500000, 0x00000000e5500000, 0x00000000e5600000|  0%| F|  |TAMS 0x00000000e5500000| PB 0x00000000e5500000| Untracked 
|  86|0x00000000e5600000, 0x00000000e5600000, 0x00000000e5700000|  0%| F|  |TAMS 0x00000000e5600000| PB 0x00000000e5600000| Untracked 
|  87|0x00000000e5700000, 0x00000000e5700000, 0x00000000e5800000|  0%| F|  |TAMS 0x00000000e5700000| PB 0x00000000e5700000| Untracked 
|  88|0x00000000e5800000, 0x00000000e5800000, 0x00000000e5900000|  0%| F|  |TAMS 0x00000000e5800000| PB 0x00000000e5800000| Untracked 
|  89|0x00000000e5900000, 0x00000000e5900000, 0x00000000e5a00000|  0%| F|  |TAMS 0x00000000e5900000| PB 0x00000000e5900000| Untracked 
|  90|0x00000000e5a00000, 0x00000000e5a00000, 0x00000000e5b00000|  0%| F|  |TAMS 0x00000000e5a00000| PB 0x00000000e5a00000| Untracked 
|  91|0x00000000e5b00000, 0x00000000e5b00000, 0x00000000e5c00000|  0%| F|  |TAMS 0x00000000e5b00000| PB 0x00000000e5b00000| Untracked 
|  92|0x00000000e5c00000, 0x00000000e5c00000, 0x00000000e5d00000|  0%| F|  |TAMS 0x00000000e5c00000| PB 0x00000000e5c00000| Untracked 
|  93|0x00000000e5d00000, 0x00000000e5d00000, 0x00000000e5e00000|  0%| F|  |TAMS 0x00000000e5d00000| PB 0x00000000e5d00000| Untracked 
|  94|0x00000000e5e00000, 0x00000000e5e00000, 0x00000000e5f00000|  0%| F|  |TAMS 0x00000000e5e00000| PB 0x00000000e5e00000| Untracked 
|  95|0x00000000e5f00000, 0x00000000e5f00000, 0x00000000e6000000|  0%| F|  |TAMS 0x00000000e5f00000| PB 0x00000000e5f00000| Untracked 
|  96|0x00000000e6000000, 0x00000000e6000000, 0x00000000e6100000|  0%| F|  |TAMS 0x00000000e6000000| PB 0x00000000e6000000| Untracked 
|  97|0x00000000e6100000, 0x00000000e6100000, 0x00000000e6200000|  0%| F|  |TAMS 0x00000000e6100000| PB 0x00000000e6100000| Untracked 
|  98|0x00000000e6200000, 0x00000000e6200000, 0x00000000e6300000|  0%| F|  |TAMS 0x00000000e6200000| PB 0x00000000e6200000| Untracked 
|  99|0x00000000e6300000, 0x00000000e6300000, 0x00000000e6400000|  0%| F|  |TAMS 0x00000000e6300000| PB 0x00000000e6300000| Untracked 
| 100|0x00000000e6400000, 0x00000000e6400000, 0x00000000e6500000|  0%| F|  |TAMS 0x00000000e6400000| PB 0x00000000e6400000| Untracked 
| 101|0x00000000e6500000, 0x00000000e6500000, 0x00000000e6600000|  0%| F|  |TAMS 0x00000000e6500000| PB 0x00000000e6500000| Untracked 
| 102|0x00000000e6600000, 0x00000000e6600000, 0x00000000e6700000|  0%| F|  |TAMS 0x00000000e6600000| PB 0x00000000e6600000| Untracked 
| 103|0x00000000e6700000, 0x00000000e6700000, 0x00000000e6800000|  0%| F|  |TAMS 0x00000000e6700000| PB 0x00000000e6700000| Untracked 
| 104|0x00000000e6800000, 0x00000000e6800000, 0x00000000e6900000|  0%| F|  |TAMS 0x00000000e6800000| PB 0x00000000e6800000| Untracked 
| 105|0x00000000e6900000, 0x00000000e6900000, 0x00000000e6a00000|  0%| F|  |TAMS 0x00000000e6900000| PB 0x00000000e6900000| Untracked 
| 106|0x00000000e6a00000, 0x00000000e6a00000, 0x00000000e6b00000|  0%| F|  |TAMS 0x00000000e6a00000| PB 0x00000000e6a00000| Untracked 
| 107|0x00000000e6b00000, 0x00000000e6b00000, 0x00000000e6c00000|  0%| F|  |TAMS 0x00000000e6b00000| PB 0x00000000e6b00000| Untracked 
| 108|0x00000000e6c00000, 0x00000000e6c00000, 0x00000000e6d00000|  0%| F|  |TAMS 0x00000000e6c00000| PB 0x00000000e6c00000| Untracked 
| 109|0x00000000e6d00000, 0x00000000e6d00000, 0x00000000e6e00000|  0%| F|  |TAMS 0x00000000e6d00000| PB 0x00000000e6d00000| Untracked 
| 110|0x00000000e6e00000, 0x00000000e6e00000, 0x00000000e6f00000|  0%| F|  |TAMS 0x00000000e6e00000| PB 0x00000000e6e00000| Untracked 
| 111|0x00000000e6f00000, 0x00000000e6f00000, 0x00000000e7000000|  0%| F|  |TAMS 0x00000000e6f00000| PB 0x00000000e6f00000| Untracked 
| 112|0x00000000e7000000, 0x00000000e7000000, 0x00000000e7100000|  0%| F|  |TAMS 0x00000000e7000000| PB 0x00000000e7000000| Untracked 
| 113|0x00000000e7100000, 0x00000000e7100000, 0x00000000e7200000|  0%| F|  |TAMS 0x00000000e7100000| PB 0x00000000e7100000| Untracked 
| 114|0x00000000e7200000, 0x00000000e7200000, 0x00000000e7300000|  0%| F|  |TAMS 0x00000000e7200000| PB 0x00000000e7200000| Untracked 
| 115|0x00000000e7300000, 0x00000000e7300000, 0x00000000e7400000|  0%| F|  |TAMS 0x00000000e7300000| PB 0x00000000e7300000| Untracked 
| 116|0x00000000e7400000, 0x00000000e7400000, 0x00000000e7500000|  0%| F|  |TAMS 0x00000000e7400000| PB 0x00000000e7400000| Untracked 
| 117|0x00000000e7500000, 0x00000000e7500000, 0x00000000e7600000|  0%| F|  |TAMS 0x00000000e7500000| PB 0x00000000e7500000| Untracked 
| 118|0x00000000e7600000, 0x00000000e7600000, 0x00000000e7700000|  0%| F|  |TAMS 0x00000000e7600000| PB 0x00000000e7600000| Untracked 
| 119|0x00000000e7700000, 0x00000000e7700000, 0x00000000e7800000|  0%| F|  |TAMS 0x00000000e7700000| PB 0x00000000e7700000| Untracked 
| 120|0x00000000e7800000, 0x00000000e7800000, 0x00000000e7900000|  0%| F|  |TAMS 0x00000000e7800000| PB 0x00000000e7800000| Untracked 
| 121|0x00000000e7900000, 0x00000000e7900000, 0x00000000e7a00000|  0%| F|  |TAMS 0x00000000e7900000| PB 0x00000000e7900000| Untracked 
| 122|0x00000000e7a00000, 0x00000000e7a00000, 0x00000000e7b00000|  0%| F|  |TAMS 0x00000000e7a00000| PB 0x00000000e7a00000| Untracked 
| 123|0x00000000e7b00000, 0x00000000e7b00000, 0x00000000e7c00000|  0%| F|  |TAMS 0x00000000e7b00000| PB 0x00000000e7b00000| Untracked 
| 124|0x00000000e7c00000, 0x00000000e7c00000, 0x00000000e7d00000|  0%| F|  |TAMS 0x00000000e7c00000| PB 0x00000000e7c00000| Untracked 
| 125|0x00000000e7d00000, 0x00000000e7d00000, 0x00000000e7e00000|  0%| F|  |TAMS 0x00000000e7d00000| PB 0x00000000e7d00000| Untracked 
| 126|0x00000000e7e00000, 0x00000000e7e00000, 0x00000000e7f00000|  0%| F|  |TAMS 0x00000000e7e00000| PB 0x00000000e7e00000| Untracked 
| 127|0x00000000e7f00000, 0x00000000e7f00000, 0x00000000e8000000|  0%| F|  |TAMS 0x00000000e7f00000| PB 0x00000000e7f00000| Untracked 
| 128|0x00000000e8000000, 0x00000000e8000000, 0x00000000e8100000|  0%| F|  |TAMS 0x00000000e8000000| PB 0x00000000e8000000| Untracked 
| 129|0x00000000e8100000, 0x00000000e8100000, 0x00000000e8200000|  0%| F|  |TAMS 0x00000000e8100000| PB 0x00000000e8100000| Untracked 
| 130|0x00000000e8200000, 0x00000000e8200000, 0x00000000e8300000|  0%| F|  |TAMS 0x00000000e8200000| PB 0x00000000e8200000| Untracked 
| 131|0x00000000e8300000, 0x00000000e8300000, 0x00000000e8400000|  0%| F|  |TAMS 0x00000000e8300000| PB 0x00000000e8300000| Untracked 
| 132|0x00000000e8400000, 0x00000000e8400000, 0x00000000e8500000|  0%| F|  |TAMS 0x00000000e8400000| PB 0x00000000e8400000| Untracked 
| 133|0x00000000e8500000, 0x00000000e8500000, 0x00000000e8600000|  0%| F|  |TAMS 0x00000000e8500000| PB 0x00000000e8500000| Untracked 
| 134|0x00000000e8600000, 0x00000000e8600000, 0x00000000e8700000|  0%| F|  |TAMS 0x00000000e8600000| PB 0x00000000e8600000| Untracked 
| 135|0x00000000e8700000, 0x00000000e8700000, 0x00000000e8800000|  0%| F|  |TAMS 0x00000000e8700000| PB 0x00000000e8700000| Untracked 
| 136|0x00000000e8800000, 0x00000000e8800000, 0x00000000e8900000|  0%| F|  |TAMS 0x00000000e8800000| PB 0x00000000e8800000| Untracked 
| 137|0x00000000e8900000, 0x00000000e8900000, 0x00000000e8a00000|  0%| F|  |TAMS 0x00000000e8900000| PB 0x00000000e8900000| Untracked 
| 138|0x00000000e8a00000, 0x00000000e8a00000, 0x00000000e8b00000|  0%| F|  |TAMS 0x00000000e8a00000| PB 0x00000000e8a00000| Untracked 
| 139|0x00000000e8b00000, 0x00000000e8b00000, 0x00000000e8c00000|  0%| F|  |TAMS 0x00000000e8b00000| PB 0x00000000e8b00000| Untracked 
| 140|0x00000000e8c00000, 0x00000000e8c00000, 0x00000000e8d00000|  0%| F|  |TAMS 0x00000000e8c00000| PB 0x00000000e8c00000| Untracked 
| 141|0x00000000e8d00000, 0x00000000e8d00000, 0x00000000e8e00000|  0%| F|  |TAMS 0x00000000e8d00000| PB 0x00000000e8d00000| Untracked 
| 142|0x00000000e8e00000, 0x00000000e8e00000, 0x00000000e8f00000|  0%| F|  |TAMS 0x00000000e8e00000| PB 0x00000000e8e00000| Untracked 
| 143|0x00000000e8f00000, 0x00000000e8f00000, 0x00000000e9000000|  0%| F|  |TAMS 0x00000000e8f00000| PB 0x00000000e8f00000| Untracked 
| 144|0x00000000e9000000, 0x00000000e9000000, 0x00000000e9100000|  0%| F|  |TAMS 0x00000000e9000000| PB 0x00000000e9000000| Untracked 
| 145|0x00000000e9100000, 0x00000000e9100000, 0x00000000e9200000|  0%| F|  |TAMS 0x00000000e9100000| PB 0x00000000e9100000| Untracked 
| 146|0x00000000e9200000, 0x00000000e9200000, 0x00000000e9300000|  0%| F|  |TAMS 0x00000000e9200000| PB 0x00000000e9200000| Untracked 
| 147|0x00000000e9300000, 0x00000000e9300000, 0x00000000e9400000|  0%| F|  |TAMS 0x00000000e9300000| PB 0x00000000e9300000| Untracked 
| 148|0x00000000e9400000, 0x00000000e9400000, 0x00000000e9500000|  0%| F|  |TAMS 0x00000000e9400000| PB 0x00000000e9400000| Untracked 
| 149|0x00000000e9500000, 0x00000000e9600000, 0x00000000e9600000|100%| S|CS|TAMS 0x00000000e9500000| PB 0x00000000e9500000| Complete 
| 150|0x00000000e9600000, 0x00000000e9700000, 0x00000000e9700000|100%| S|CS|TAMS 0x00000000e9600000| PB 0x00000000e9600000| Complete 
| 151|0x00000000e9700000, 0x00000000e9800000, 0x00000000e9800000|100%| S|CS|TAMS 0x00000000e9700000| PB 0x00000000e9700000| Complete 
| 152|0x00000000e9800000, 0x00000000e9900000, 0x00000000e9900000|100%| S|CS|TAMS 0x00000000e9800000| PB 0x00000000e9800000| Complete 
| 153|0x00000000e9900000, 0x00000000e9a00000, 0x00000000e9a00000|100%| S|CS|TAMS 0x00000000e9900000| PB 0x00000000e9900000| Complete 
| 154|0x00000000e9a00000, 0x00000000e9b00000, 0x00000000e9b00000|100%| S|CS|TAMS 0x00000000e9a00000| PB 0x00000000e9a00000| Complete 
| 155|0x00000000e9b00000, 0x00000000e9c00000, 0x00000000e9c00000|100%| S|CS|TAMS 0x00000000e9b00000| PB 0x00000000e9b00000| Complete 
| 156|0x00000000e9c00000, 0x00000000e9d00000, 0x00000000e9d00000|100%| S|CS|TAMS 0x00000000e9c00000| PB 0x00000000e9c00000| Complete 
| 157|0x00000000e9d00000, 0x00000000e9e00000, 0x00000000e9e00000|100%| S|CS|TAMS 0x00000000e9d00000| PB 0x00000000e9d00000| Complete 
| 158|0x00000000e9e00000, 0x00000000e9f00000, 0x00000000e9f00000|100%| S|CS|TAMS 0x00000000e9e00000| PB 0x00000000e9e00000| Complete 
| 159|0x00000000e9f00000, 0x00000000ea000000, 0x00000000ea000000|100%| S|CS|TAMS 0x00000000e9f00000| PB 0x00000000e9f00000| Complete 
| 160|0x00000000ea000000, 0x00000000ea100000, 0x00000000ea100000|100%| S|CS|TAMS 0x00000000ea000000| PB 0x00000000ea000000| Complete 
| 161|0x00000000ea100000, 0x00000000ea200000, 0x00000000ea200000|100%| S|CS|TAMS 0x00000000ea100000| PB 0x00000000ea100000| Complete 
| 162|0x00000000ea200000, 0x00000000ea300000, 0x00000000ea300000|100%| S|CS|TAMS 0x00000000ea200000| PB 0x00000000ea200000| Complete 
| 163|0x00000000ea300000, 0x00000000ea300000, 0x00000000ea400000|  0%| F|  |TAMS 0x00000000ea300000| PB 0x00000000ea300000| Untracked 
| 164|0x00000000ea400000, 0x00000000ea400000, 0x00000000ea500000|  0%| F|  |TAMS 0x00000000ea400000| PB 0x00000000ea400000| Untracked 
| 165|0x00000000ea500000, 0x00000000ea500000, 0x00000000ea600000|  0%| F|  |TAMS 0x00000000ea500000| PB 0x00000000ea500000| Untracked 
| 166|0x00000000ea600000, 0x00000000ea700000, 0x00000000ea700000|100%| E|  |TAMS 0x00000000ea600000| PB 0x00000000ea600000| Complete 
| 167|0x00000000ea700000, 0x00000000ea800000, 0x00000000ea800000|100%| E|CS|TAMS 0x00000000ea700000| PB 0x00000000ea700000| Complete 
| 168|0x00000000ea800000, 0x00000000ea900000, 0x00000000ea900000|100%| E|CS|TAMS 0x00000000ea800000| PB 0x00000000ea800000| Complete 
| 169|0x00000000ea900000, 0x00000000eaa00000, 0x00000000eaa00000|100%| E|CS|TAMS 0x00000000ea900000| PB 0x00000000ea900000| Complete 
| 170|0x00000000eaa00000, 0x00000000eab00000, 0x00000000eab00000|100%| E|CS|TAMS 0x00000000eaa00000| PB 0x00000000eaa00000| Complete 
| 171|0x00000000eab00000, 0x00000000eac00000, 0x00000000eac00000|100%| E|CS|TAMS 0x00000000eab00000| PB 0x00000000eab00000| Complete 
| 172|0x00000000eac00000, 0x00000000ead00000, 0x00000000ead00000|100%| E|CS|TAMS 0x00000000eac00000| PB 0x00000000eac00000| Complete 
| 173|0x00000000ead00000, 0x00000000eae00000, 0x00000000eae00000|100%| E|CS|TAMS 0x00000000ead00000| PB 0x00000000ead00000| Complete 
| 174|0x00000000eae00000, 0x00000000eaf00000, 0x00000000eaf00000|100%| E|  |TAMS 0x00000000eae00000| PB 0x00000000eae00000| Complete 
| 175|0x00000000eaf00000, 0x00000000eb000000, 0x00000000eb000000|100%| E|CS|TAMS 0x00000000eaf00000| PB 0x00000000eaf00000| Complete 
| 176|0x00000000eb000000, 0x00000000eb100000, 0x00000000eb100000|100%| E|CS|TAMS 0x00000000eb000000| PB 0x00000000eb000000| Complete 
| 177|0x00000000eb100000, 0x00000000eb200000, 0x00000000eb200000|100%| E|CS|TAMS 0x00000000eb100000| PB 0x00000000eb100000| Complete 
| 178|0x00000000eb200000, 0x00000000eb300000, 0x00000000eb300000|100%| E|CS|TAMS 0x00000000eb200000| PB 0x00000000eb200000| Complete 
| 179|0x00000000eb300000, 0x00000000eb400000, 0x00000000eb400000|100%| E|CS|TAMS 0x00000000eb300000| PB 0x00000000eb300000| Complete 
| 180|0x00000000eb400000, 0x00000000eb500000, 0x00000000eb500000|100%| E|CS|TAMS 0x00000000eb400000| PB 0x00000000eb400000| Complete 
| 181|0x00000000eb500000, 0x00000000eb600000, 0x00000000eb600000|100%| E|CS|TAMS 0x00000000eb500000| PB 0x00000000eb500000| Complete 
| 182|0x00000000eb600000, 0x00000000eb700000, 0x00000000eb700000|100%| E|CS|TAMS 0x00000000eb600000| PB 0x00000000eb600000| Complete 
| 183|0x00000000eb700000, 0x00000000eb800000, 0x00000000eb800000|100%| E|CS|TAMS 0x00000000eb700000| PB 0x00000000eb700000| Complete 
| 184|0x00000000eb800000, 0x00000000eb900000, 0x00000000eb900000|100%| E|CS|TAMS 0x00000000eb800000| PB 0x00000000eb800000| Complete 
| 185|0x00000000eb900000, 0x00000000eba00000, 0x00000000eba00000|100%| E|CS|TAMS 0x00000000eb900000| PB 0x00000000eb900000| Complete 
| 186|0x00000000eba00000, 0x00000000ebb00000, 0x00000000ebb00000|100%| E|CS|TAMS 0x00000000eba00000| PB 0x00000000eba00000| Complete 
| 187|0x00000000ebb00000, 0x00000000ebc00000, 0x00000000ebc00000|100%| E|CS|TAMS 0x00000000ebb00000| PB 0x00000000ebb00000| Complete 
| 188|0x00000000ebc00000, 0x00000000ebd00000, 0x00000000ebd00000|100%| E|CS|TAMS 0x00000000ebc00000| PB 0x00000000ebc00000| Complete 
| 189|0x00000000ebd00000, 0x00000000ebe00000, 0x00000000ebe00000|100%| E|CS|TAMS 0x00000000ebd00000| PB 0x00000000ebd00000| Complete 
| 190|0x00000000ebe00000, 0x00000000ebf00000, 0x00000000ebf00000|100%| E|CS|TAMS 0x00000000ebe00000| PB 0x00000000ebe00000| Complete 
| 191|0x00000000ebf00000, 0x00000000ec000000, 0x00000000ec000000|100%| E|CS|TAMS 0x00000000ebf00000| PB 0x00000000ebf00000| Complete 
| 192|0x00000000ec000000, 0x00000000ec100000, 0x00000000ec100000|100%| E|CS|TAMS 0x00000000ec000000| PB 0x00000000ec000000| Complete 
| 193|0x00000000ec100000, 0x00000000ec200000, 0x00000000ec200000|100%| E|CS|TAMS 0x00000000ec100000| PB 0x00000000ec100000| Complete 
| 194|0x00000000ec200000, 0x00000000ec300000, 0x00000000ec300000|100%| E|CS|TAMS 0x00000000ec200000| PB 0x00000000ec200000| Complete 
| 195|0x00000000ec300000, 0x00000000ec400000, 0x00000000ec400000|100%| E|CS|TAMS 0x00000000ec300000| PB 0x00000000ec300000| Complete 
| 196|0x00000000ec400000, 0x00000000ec500000, 0x00000000ec500000|100%| E|CS|TAMS 0x00000000ec400000| PB 0x00000000ec400000| Complete 
| 197|0x00000000ec500000, 0x00000000ec600000, 0x00000000ec600000|100%| E|CS|TAMS 0x00000000ec500000| PB 0x00000000ec500000| Complete 
| 198|0x00000000ec600000, 0x00000000ec700000, 0x00000000ec700000|100%| E|CS|TAMS 0x00000000ec600000| PB 0x00000000ec600000| Complete 
| 199|0x00000000ec700000, 0x00000000ec800000, 0x00000000ec800000|100%| E|CS|TAMS 0x00000000ec700000| PB 0x00000000ec700000| Complete 
| 200|0x00000000ec800000, 0x00000000ec900000, 0x00000000ec900000|100%| E|CS|TAMS 0x00000000ec800000| PB 0x00000000ec800000| Complete 
| 201|0x00000000ec900000, 0x00000000eca00000, 0x00000000eca00000|100%| E|CS|TAMS 0x00000000ec900000| PB 0x00000000ec900000| Complete 
| 202|0x00000000eca00000, 0x00000000ecb00000, 0x00000000ecb00000|100%| E|CS|TAMS 0x00000000eca00000| PB 0x00000000eca00000| Complete 
| 203|0x00000000ecb00000, 0x00000000ecc00000, 0x00000000ecc00000|100%| E|CS|TAMS 0x00000000ecb00000| PB 0x00000000ecb00000| Complete 
| 204|0x00000000ecc00000, 0x00000000ecd00000, 0x00000000ecd00000|100%| E|CS|TAMS 0x00000000ecc00000| PB 0x00000000ecc00000| Complete 
| 205|0x00000000ecd00000, 0x00000000ece00000, 0x00000000ece00000|100%| E|CS|TAMS 0x00000000ecd00000| PB 0x00000000ecd00000| Complete 
| 206|0x00000000ece00000, 0x00000000ecf00000, 0x00000000ecf00000|100%| E|CS|TAMS 0x00000000ece00000| PB 0x00000000ece00000| Complete 
| 207|0x00000000ecf00000, 0x00000000ed000000, 0x00000000ed000000|100%| E|CS|TAMS 0x00000000ecf00000| PB 0x00000000ecf00000| Complete 
| 208|0x00000000ed000000, 0x00000000ed100000, 0x00000000ed100000|100%| E|CS|TAMS 0x00000000ed000000| PB 0x00000000ed000000| Complete 
| 209|0x00000000ed100000, 0x00000000ed200000, 0x00000000ed200000|100%| E|CS|TAMS 0x00000000ed100000| PB 0x00000000ed100000| Complete 
| 210|0x00000000ed200000, 0x00000000ed300000, 0x00000000ed300000|100%| E|CS|TAMS 0x00000000ed200000| PB 0x00000000ed200000| Complete 
| 211|0x00000000ed300000, 0x00000000ed400000, 0x00000000ed400000|100%| E|CS|TAMS 0x00000000ed300000| PB 0x00000000ed300000| Complete 
| 212|0x00000000ed400000, 0x00000000ed500000, 0x00000000ed500000|100%| E|CS|TAMS 0x00000000ed400000| PB 0x00000000ed400000| Complete 
| 213|0x00000000ed500000, 0x00000000ed600000, 0x00000000ed600000|100%| E|CS|TAMS 0x00000000ed500000| PB 0x00000000ed500000| Complete 
| 214|0x00000000ed600000, 0x00000000ed700000, 0x00000000ed700000|100%| E|CS|TAMS 0x00000000ed600000| PB 0x00000000ed600000| Complete 
| 215|0x00000000ed700000, 0x00000000ed800000, 0x00000000ed800000|100%| E|CS|TAMS 0x00000000ed700000| PB 0x00000000ed700000| Complete 
| 216|0x00000000ed800000, 0x00000000ed900000, 0x00000000ed900000|100%| E|CS|TAMS 0x00000000ed800000| PB 0x00000000ed800000| Complete 
| 217|0x00000000ed900000, 0x00000000eda00000, 0x00000000eda00000|100%| E|CS|TAMS 0x00000000ed900000| PB 0x00000000ed900000| Complete 
| 218|0x00000000eda00000, 0x00000000edb00000, 0x00000000edb00000|100%| E|CS|TAMS 0x00000000eda00000| PB 0x00000000eda00000| Complete 
| 219|0x00000000edb00000, 0x00000000edc00000, 0x00000000edc00000|100%| E|CS|TAMS 0x00000000edb00000| PB 0x00000000edb00000| Complete 
| 220|0x00000000edc00000, 0x00000000edd00000, 0x00000000edd00000|100%| E|CS|TAMS 0x00000000edc00000| PB 0x00000000edc00000| Complete 
| 221|0x00000000edd00000, 0x00000000ede00000, 0x00000000ede00000|100%| E|CS|TAMS 0x00000000edd00000| PB 0x00000000edd00000| Complete 
| 222|0x00000000ede00000, 0x00000000edf00000, 0x00000000edf00000|100%| E|CS|TAMS 0x00000000ede00000| PB 0x00000000ede00000| Complete 
| 223|0x00000000edf00000, 0x00000000ee000000, 0x00000000ee000000|100%| E|CS|TAMS 0x00000000edf00000| PB 0x00000000edf00000| Complete 
| 224|0x00000000ee000000, 0x00000000ee100000, 0x00000000ee100000|100%| E|CS|TAMS 0x00000000ee000000| PB 0x00000000ee000000| Complete 
| 225|0x00000000ee100000, 0x00000000ee200000, 0x00000000ee200000|100%| E|CS|TAMS 0x00000000ee100000| PB 0x00000000ee100000| Complete 
| 226|0x00000000ee200000, 0x00000000ee300000, 0x00000000ee300000|100%| E|CS|TAMS 0x00000000ee200000| PB 0x00000000ee200000| Complete 
| 227|0x00000000ee300000, 0x00000000ee400000, 0x00000000ee400000|100%| E|CS|TAMS 0x00000000ee300000| PB 0x00000000ee300000| Complete 
| 228|0x00000000ee400000, 0x00000000ee500000, 0x00000000ee500000|100%| E|CS|TAMS 0x00000000ee400000| PB 0x00000000ee400000| Complete 
| 229|0x00000000ee500000, 0x00000000ee600000, 0x00000000ee600000|100%| E|CS|TAMS 0x00000000ee500000| PB 0x00000000ee500000| Complete 
| 230|0x00000000ee600000, 0x00000000ee700000, 0x00000000ee700000|100%| E|CS|TAMS 0x00000000ee600000| PB 0x00000000ee600000| Complete 
| 231|0x00000000ee700000, 0x00000000ee800000, 0x00000000ee800000|100%| E|CS|TAMS 0x00000000ee700000| PB 0x00000000ee700000| Complete 
| 232|0x00000000ee800000, 0x00000000ee900000, 0x00000000ee900000|100%| E|CS|TAMS 0x00000000ee800000| PB 0x00000000ee800000| Complete 
| 233|0x00000000ee900000, 0x00000000eea00000, 0x00000000eea00000|100%| E|CS|TAMS 0x00000000ee900000| PB 0x00000000ee900000| Complete 
| 234|0x00000000eea00000, 0x00000000eeb00000, 0x00000000eeb00000|100%| E|CS|TAMS 0x00000000eea00000| PB 0x00000000eea00000| Complete 
| 235|0x00000000eeb00000, 0x00000000eec00000, 0x00000000eec00000|100%| E|CS|TAMS 0x00000000eeb00000| PB 0x00000000eeb00000| Complete 
| 236|0x00000000eec00000, 0x00000000eed00000, 0x00000000eed00000|100%| E|CS|TAMS 0x00000000eec00000| PB 0x00000000eec00000| Complete 
| 237|0x00000000eed00000, 0x00000000eee00000, 0x00000000eee00000|100%| E|CS|TAMS 0x00000000eed00000| PB 0x00000000eed00000| Complete 
| 238|0x00000000eee00000, 0x00000000eef00000, 0x00000000eef00000|100%| E|CS|TAMS 0x00000000eee00000| PB 0x00000000eee00000| Complete 
| 239|0x00000000eef00000, 0x00000000ef000000, 0x00000000ef000000|100%| E|CS|TAMS 0x00000000eef00000| PB 0x00000000eef00000| Complete 
| 240|0x00000000ef000000, 0x00000000ef100000, 0x00000000ef100000|100%| E|CS|TAMS 0x00000000ef000000| PB 0x00000000ef000000| Complete 
| 241|0x00000000ef100000, 0x00000000ef200000, 0x00000000ef200000|100%| E|CS|TAMS 0x00000000ef100000| PB 0x00000000ef100000| Complete 
| 242|0x00000000ef200000, 0x00000000ef300000, 0x00000000ef300000|100%| E|CS|TAMS 0x00000000ef200000| PB 0x00000000ef200000| Complete 
| 243|0x00000000ef300000, 0x00000000ef400000, 0x00000000ef400000|100%| E|CS|TAMS 0x00000000ef300000| PB 0x00000000ef300000| Complete 
| 244|0x00000000ef400000, 0x00000000ef500000, 0x00000000ef500000|100%| E|CS|TAMS 0x00000000ef400000| PB 0x00000000ef400000| Complete 
| 245|0x00000000ef500000, 0x00000000ef600000, 0x00000000ef600000|100%| E|CS|TAMS 0x00000000ef500000| PB 0x00000000ef500000| Complete 
| 246|0x00000000ef600000, 0x00000000ef700000, 0x00000000ef700000|100%| E|CS|TAMS 0x00000000ef600000| PB 0x00000000ef600000| Complete 
| 247|0x00000000ef700000, 0x00000000ef800000, 0x00000000ef800000|100%| E|CS|TAMS 0x00000000ef700000| PB 0x00000000ef700000| Complete 
| 248|0x00000000ef800000, 0x00000000ef900000, 0x00000000ef900000|100%| E|CS|TAMS 0x00000000ef800000| PB 0x00000000ef800000| Complete 
| 249|0x00000000ef900000, 0x00000000efa00000, 0x00000000efa00000|100%| E|CS|TAMS 0x00000000ef900000| PB 0x00000000ef900000| Complete 
| 250|0x00000000efa00000, 0x00000000efb00000, 0x00000000efb00000|100%| E|CS|TAMS 0x00000000efa00000| PB 0x00000000efa00000| Complete 
| 251|0x00000000efb00000, 0x00000000efc00000, 0x00000000efc00000|100%| E|CS|TAMS 0x00000000efb00000| PB 0x00000000efb00000| Complete 
| 252|0x00000000efc00000, 0x00000000efd00000, 0x00000000efd00000|100%| E|CS|TAMS 0x00000000efc00000| PB 0x00000000efc00000| Complete 
| 253|0x00000000efd00000, 0x00000000efe00000, 0x00000000efe00000|100%| E|CS|TAMS 0x00000000efd00000| PB 0x00000000efd00000| Complete 
| 254|0x00000000efe00000, 0x00000000eff00000, 0x00000000eff00000|100%| E|CS|TAMS 0x00000000efe00000| PB 0x00000000efe00000| Complete 
| 255|0x00000000eff00000, 0x00000000f0000000, 0x00000000f0000000|100%| E|CS|TAMS 0x00000000eff00000| PB 0x00000000eff00000| Complete 

Card table byte_map: [0x00000252f8ec0000,0x00000252f8fc0000] _byte_map_base: 0x00000252f87c0000

Marking Bits: (CMBitMap*) 0x00000252f6aec4c0
 Bits: [0x00000252f8fc0000, 0x00000252f97c0000)

Polling page: 0x00000252f8330000

Metaspace:

Usage:
  Non-class:     28.83 MB used.
      Class:      4.94 MB used.
       Both:     33.78 MB used.

Virtual space:
  Non-class space:       64.00 MB reserved,      29.44 MB ( 46%) committed,  1 nodes.
      Class space:      320.00 MB reserved,       5.56 MB (  2%) committed,  1 nodes.
             Both:      384.00 MB reserved,      35.00 MB (  9%) committed. 

Chunk freelists:
   Non-Class:  2.31 MB
       Class:  10.45 MB
        Both:  12.77 MB

MaxMetaspaceSize: 384.00 MB
CompressedClassSpaceSize: 320.00 MB
Initial GC threshold: 21.00 MB
Current GC threshold: 35.12 MB
CDS: on
 - commit_granule_bytes: 65536.
 - commit_granule_words: 8192.
 - virtual_space_node_default_size: 8388608.
 - enlarge_chunks_in_place: 1.
 - use_allocation_guard: 0.


Internal statistics:

num_allocs_failed_limit: 3.
num_arena_births: 2194.
num_arena_deaths: 0.
num_vsnodes_births: 2.
num_vsnodes_deaths: 0.
num_space_committed: 560.
num_space_uncommitted: 0.
num_chunks_returned_to_freelist: 3.
num_chunks_taken_from_freelist: 3771.
num_chunk_merges: 3.
num_chunk_splits: 2420.
num_chunks_enlarged: 1463.
num_inconsistent_stats: 0.

CodeHeap 'non-profiled nmethods': size=120000Kb used=2241Kb max_used=2241Kb free=117758Kb
 bounds [0x000002528fe80000, 0x00000252900f0000, 0x00000252973b0000]
CodeHeap 'profiled nmethods': size=120000Kb used=8130Kb max_used=8130Kb free=111869Kb
 bounds [0x00000252883b0000, 0x0000025288bb0000, 0x000002528f8e0000]
CodeHeap 'non-nmethods': size=5760Kb used=1527Kb max_used=1563Kb free=4232Kb
 bounds [0x000002528f8e0000, 0x000002528fb50000, 0x000002528fe80000]
 total_blobs=4601 nmethods=4006 adapters=499
 compilation: enabled
              stopped_count=0, restarted_count=0
 full_count=0

Compilation events (20 events):
Event: 16.520 Thread 0x00000252974d5690 3949       2       java.lang.String::join (281 bytes)
Event: 16.522 Thread 0x00000252974d5690 nmethod 3949 0x0000025288b82410 code [0x0000025288b82660, 0x0000025288b82e30]
Event: 16.522 Thread 0x00000252974d5690 3950       2       java.util.StringJoiner::<init> (63 bytes)
Event: 16.523 Thread 0x00000252974d5690 nmethod 3950 0x0000025288b83510 code [0x0000025288b83720, 0x0000025288b83c68]
Event: 16.523 Thread 0x00000252974d5690 3951       2       java.util.StringJoiner::toString (53 bytes)
Event: 16.523 Thread 0x00000252974d5690 nmethod 3951 0x0000025288b83e90 code [0x0000025288b84040, 0x0000025288b841d8]
Event: 16.523 Thread 0x00000252974d5690 3953       2       java.lang.ClassValue$Entry::isPromise (14 bytes)
Event: 16.523 Thread 0x00000252974d5690 nmethod 3953 0x0000025288b84290 code [0x0000025288b84420, 0x0000025288b84538]
Event: 16.523 Thread 0x00000252974d5690 3952       1       java.lang.ClassValue$Version::promise (5 bytes)
Event: 16.524 Thread 0x00000252974d5690 nmethod 3952 0x00000252900ad690 code [0x00000252900ad820, 0x00000252900ad8e8]
Event: 16.524 Thread 0x00000252974d5690 3954       3       jdk.internal.org.objectweb.asm.MethodWriter::visitInsn (115 bytes)
Event: 16.525 Thread 0x00000252974d5690 nmethod 3954 0x0000025288b84610 code [0x0000025288b84800, 0x0000025288b84bf8]
Event: 16.526 Thread 0x00000252974d5690 3955       1       org.codehaus.groovy.util.ManagedConcurrentLinkedQueue::access$000 (5 bytes)
Event: 16.526 Thread 0x00000252974d5690 nmethod 3955 0x00000252900ad990 code [0x00000252900adb20, 0x00000252900adbd0]
Event: 16.526 Thread 0x00000252974d5690 3956       1       org.codehaus.groovy.reflection.ClassInfo::access$200 (5 bytes)
Event: 16.526 Thread 0x00000252974d5690 nmethod 3956 0x00000252900adc90 code [0x00000252900ade20, 0x00000252900aded0]
Event: 16.527 Thread 0x00000252974d5690 3957       1       java.util.Collections$EmptySet::contains (2 bytes)
Event: 16.528 Thread 0x00000252974d5690 nmethod 3957 0x00000252900adf90 code [0x00000252900ae120, 0x00000252900ae1e8]
Event: 16.535 Thread 0x00000252974d5690 3958       2       org.codehaus.groovy.reflection.ParameterTypes::getParameterTypes (16 bytes)
Event: 16.535 Thread 0x00000252974d5690 nmethod 3958 0x0000025288b84d90 code [0x0000025288b84f20, 0x0000025288b85060]

GC Heap History (8 events):
Event: 2.422 GC heap before
{Heap before GC invocations=0 (full 0):
 garbage-first heap   total 262144K, used 22528K [0x00000000e0000000, 0x0000000100000000)
  region size 1024K, 23 young (23552K), 0 survivors (0K)
 Metaspace       used 1117K, committed 1216K, reserved 393216K
  class space    used 78K, committed 128K, reserved 327680K
}
Event: 2.427 GC heap after
{Heap after GC invocations=1 (full 0):
 garbage-first heap   total 262144K, used 4415K [0x00000000e0000000, 0x0000000100000000)
  region size 1024K, 3 young (3072K), 3 survivors (3072K)
 Metaspace       used 1117K, committed 1216K, reserved 393216K
  class space    used 78K, committed 128K, reserved 327680K
}
Event: 3.786 GC heap before
{Heap before GC invocations=1 (full 0):
 garbage-first heap   total 262144K, used 41279K [0x00000000e0000000, 0x0000000100000000)
  region size 1024K, 35 young (35840K), 3 survivors (3072K)
 Metaspace       used 4414K, committed 4608K, reserved 393216K
  class space    used 542K, committed 640K, reserved 327680K
}
Event: 3.792 GC heap after
{Heap after GC invocations=2 (full 0):
 garbage-first heap   total 262144K, used 12017K [0x00000000e0000000, 0x0000000100000000)
  region size 1024K, 4 young (4096K), 4 survivors (4096K)
 Metaspace       used 4414K, committed 4608K, reserved 393216K
  class space    used 542K, committed 640K, reserved 327680K
}
Event: 6.309 GC heap before
{Heap before GC invocations=2 (full 0):
 garbage-first heap   total 262144K, used 60145K [0x00000000e0000000, 0x0000000100000000)
  region size 1024K, 49 young (50176K), 4 survivors (4096K)
 Metaspace       used 5255K, committed 5504K, reserved 393216K
  class space    used 687K, committed 832K, reserved 327680K
}
Event: 6.315 GC heap after
{Heap after GC invocations=3 (full 0):
 garbage-first heap   total 262144K, used 18111K [0x00000000e0000000, 0x0000000100000000)
  region size 1024K, 7 young (7168K), 7 survivors (7168K)
 Metaspace       used 5255K, committed 5504K, reserved 393216K
  class space    used 687K, committed 832K, reserved 327680K
}
Event: 13.454 GC heap before
{Heap before GC invocations=3 (full 0):
 garbage-first heap   total 262144K, used 105151K [0x00000000e0000000, 0x0000000100000000)
  region size 1024K, 93 young (95232K), 7 survivors (7168K)
 Metaspace       used 20850K, committed 21504K, reserved 393216K
  class space    used 3002K, committed 3328K, reserved 327680K
}
Event: 13.471 GC heap after
{Heap after GC invocations=4 (full 0):
 garbage-first heap   total 262144K, used 25279K [0x00000000e0000000, 0x0000000100000000)
  region size 1024K, 14 young (14336K), 14 survivors (14336K)
 Metaspace       used 20850K, committed 21504K, reserved 393216K
  class space    used 3002K, committed 3328K, reserved 327680K
}

Dll operation events (15 events):
Event: 0.089 Loaded shared library C:\Program Files\Java\jdk-21\bin\java.dll
Event: 0.263 Loaded shared library C:\Program Files\Java\jdk-21\bin\jsvml.dll
Event: 0.384 Loaded shared library C:\Program Files\Java\jdk-21\bin\zip.dll
Event: 0.393 Loaded shared library C:\Program Files\Java\jdk-21\bin\instrument.dll
Event: 0.409 Loaded shared library C:\Program Files\Java\jdk-21\bin\net.dll
Event: 0.419 Loaded shared library C:\Program Files\Java\jdk-21\bin\nio.dll
Event: 0.425 Loaded shared library C:\Program Files\Java\jdk-21\bin\zip.dll
Event: 1.892 Loaded shared library C:\Program Files\Java\jdk-21\bin\jimage.dll
Event: 2.533 Loaded shared library C:\Program Files\Java\jdk-21\bin\verify.dll
Event: 2.815 Loaded shared library C:\Users\Shibli Sadik\.gradle\native\c067742578af261105cb4f569cf0c3c89f3d7b1fecec35dd04571415982c5e48\windows-amd64\native-platform.dll
Event: 2.833 Loaded shared library C:\Users\Shibli Sadik\.gradle\native\100fb08df4bc3b14c8652ba06237920a3bd2aa13389f12d3474272988ae205f9\windows-amd64\native-platform-file-events.dll
Event: 6.818 Loaded shared library C:\Program Files\Java\jdk-21\bin\management.dll
Event: 6.825 Loaded shared library C:\Program Files\Java\jdk-21\bin\management_ext.dll
Event: 7.803 Loaded shared library C:\Program Files\Java\jdk-21\bin\extnet.dll
Event: 8.125 Loaded shared library C:\Program Files\Java\jdk-21\bin\sunmscapi.dll

Deoptimization events (20 events):
Event: 16.265 Thread 0x00000252b24a4410 Uncommon trap: trap_request=0xffffff45 fr.pc=0x00000252900446b8 relative=0x0000000000000498
Event: 16.265 Thread 0x00000252b24a4410 Uncommon trap: reason=unstable_if action=reinterpret pc=0x00000252900446b8 method=jdk.internal.org.objectweb.asm.MethodWriter.visitMethodInsn(ILjava/lang/String;Ljava/lang/String;Ljava/lang/String;Z)V @ 81 c2
Event: 16.265 Thread 0x00000252b24a4410 DEOPT PACKING pc=0x00000252900446b8 sp=0x000000f7d75f0550
Event: 16.265 Thread 0x00000252b24a4410 DEOPT UNPACKING pc=0x000002528f9346a2 sp=0x000000f7d75f04f0 mode 2
Event: 16.265 Thread 0x00000252b24a4410 Uncommon trap: trap_request=0xffffff45 fr.pc=0x0000025290046948 relative=0x00000000000009a8
Event: 16.265 Thread 0x00000252b24a4410 Uncommon trap: reason=unstable_if action=reinterpret pc=0x0000025290046948 method=jdk.internal.org.objectweb.asm.MethodWriter.visitInsn(I)V @ 24 c2
Event: 16.265 Thread 0x00000252b24a4410 DEOPT PACKING pc=0x0000025290046948 sp=0x000000f7d75f0540
Event: 16.265 Thread 0x00000252b24a4410 DEOPT UNPACKING pc=0x000002528f9346a2 sp=0x000000f7d75f0528 mode 2
Event: 16.268 Thread 0x00000252b24a4410 Uncommon trap: trap_request=0xffffff45 fr.pc=0x0000025290004784 relative=0x0000000000000d24
Event: 16.268 Thread 0x00000252b24a4410 Uncommon trap: reason=unstable_if action=reinterpret pc=0x0000025290004784 method=java.lang.invoke.LambdaForm.useCount(Ljava/lang/invoke/LambdaForm$Name;)I @ 8 c2
Event: 16.268 Thread 0x00000252b24a4410 DEOPT PACKING pc=0x0000025290004784 sp=0x000000f7d75f5e90
Event: 16.268 Thread 0x00000252b24a4410 DEOPT UNPACKING pc=0x000002528f9346a2 sp=0x000000f7d75f5d60 mode 2
Event: 16.350 Thread 0x00000252b24a4410 Uncommon trap: trap_request=0xffffff45 fr.pc=0x00000252900a4ca4 relative=0x0000000000001244
Event: 16.350 Thread 0x00000252b24a4410 Uncommon trap: reason=unstable_if action=reinterpret pc=0x00000252900a4ca4 method=java.util.concurrent.ConcurrentHashMap.computeIfAbsent(Ljava/lang/Object;Ljava/util/function/Function;)Ljava/lang/Object; @ 312 c2
Event: 16.350 Thread 0x00000252b24a4410 DEOPT PACKING pc=0x00000252900a4ca4 sp=0x000000f7d75f5860
Event: 16.350 Thread 0x00000252b24a4410 DEOPT UNPACKING pc=0x000002528f9346a2 sp=0x000000f7d75f57d8 mode 2
Event: 16.538 Thread 0x00000252b24a4410 Uncommon trap: trap_request=0xffffff45 fr.pc=0x000002528ff26f1c relative=0x000000000000061c
Event: 16.538 Thread 0x00000252b24a4410 Uncommon trap: reason=unstable_if action=reinterpret pc=0x000002528ff26f1c method=java.util.Properties$LineReader.readLine()I @ 95 c2
Event: 16.538 Thread 0x00000252b24a4410 DEOPT PACKING pc=0x000002528ff26f1c sp=0x000000f7d75f87f0
Event: 16.538 Thread 0x00000252b24a4410 DEOPT UNPACKING pc=0x000002528f9346a2 sp=0x000000f7d75f87a0 mode 2

Classes loaded (20 events):
Event: 16.513 Loading class java/util/stream/LongStream
Event: 16.514 Loading class java/util/stream/LongStream done
Event: 16.515 Loading class java/util/stream/DoubleStream
Event: 16.515 Loading class java/util/stream/DoubleStream done
Event: 16.515 Loading class java/util/function/LongPredicate
Event: 16.516 Loading class java/util/function/LongPredicate done
Event: 16.516 Loading class java/util/function/DoublePredicate
Event: 16.516 Loading class java/util/function/DoublePredicate done
Event: 16.516 Loading class java/util/function/DoubleFunction
Event: 16.516 Loading class java/util/function/DoubleFunction done
Event: 16.526 Loading class java/util/concurrent/Future$State
Event: 16.526 Loading class java/util/concurrent/Future$State done
Event: 16.529 Loading class java/lang/constant/ClassDesc
Event: 16.529 Loading class java/lang/constant/ClassDesc done
Event: 16.529 Loading class java/lang/Enum$EnumDesc
Event: 16.530 Loading class java/lang/constant/DynamicConstantDesc
Event: 16.530 Loading class java/lang/constant/DynamicConstantDesc done
Event: 16.530 Loading class java/lang/Enum$EnumDesc done
Event: 16.533 Loading class java/util/ResourceBundle$CacheKey
Event: 16.533 Loading class java/util/ResourceBundle$CacheKey done

Classes unloaded (0 events):
No events

Classes redefined (0 events):
No events

Internal exceptions (20 events):
Event: 15.514 Thread 0x00000252b24a4410 Exception <a 'java/lang/NoSuchMethodError'{0x00000000ec3545f0}: 'java.lang.Object java.lang.invoke.DirectMethodHandle$Holder.newInvokeSpecial(java.lang.Object, java.lang.Object, java.lang.Object, java.lang.Object, java.lang.Object, java.lang.Object, java.lang.Object, java.lang.Object, java.lang.Object, java.lang.Object, java.lang.Object, java.lang.Object)'> (0x00000000ec3545f0) 
thrown [s\open\src\hotspot\share\interpreter\linkResolver.cpp, line 773]
Event: 15.552 Thread 0x00000252b24a4410 Exception <a 'java/lang/NoSuchMethodError'{0x00000000ec14ba60}: 'java.lang.Object java.lang.invoke.DirectMethodHandle$Holder.newInvokeSpecial(java.lang.Object, java.lang.Object, java.lang.Object, java.lang.Object, java.lang.Object, java.lang.Object, java.lang.Object, java.lang.Object, java.lang.Object)'> (0x00000000ec14ba60) 
thrown [s\open\src\hotspot\share\interpreter\linkResolver.cpp, line 773]
Event: 15.666 Thread 0x00000252b24a4410 Exception <a 'java/lang/IncompatibleClassChangeError'{0x00000000ebfe92c0}: Found class java.lang.Object, but interface was expected> (0x00000000ebfe92c0) 
thrown [s\open\src\hotspot\share\interpreter\linkResolver.cpp, line 840]
Event: 15.688 Thread 0x00000252b24a4410 Exception <a 'java/lang/NoSuchMethodError'{0x00000000ebd1ba70}: 'java.lang.Object java.lang.invoke.DirectMethodHandle$Holder.newInvokeSpecial(java.lang.Object, java.lang.Object, long)'> (0x00000000ebd1ba70) 
thrown [s\open\src\hotspot\share\interpreter\linkResolver.cpp, line 773]
Event: 15.688 Thread 0x00000252b24a4410 Exception <a 'java/lang/NoSuchMethodError'{0x00000000ebd1fdb8}: 'java.lang.Object java.lang.invoke.Invokers$Holder.linkToTargetMethod(java.lang.Object, long, java.lang.Object)'> (0x00000000ebd1fdb8) 
thrown [s\open\src\hotspot\share\interpreter\linkResolver.cpp, line 773]
Event: 15.759 Thread 0x00000252b24a4410 Exception <a 'java/lang/NoSuchMethodError'{0x00000000ebb22bc0}: 'int java.lang.invoke.DirectMethodHandle$Holder.invokeInterface(java.lang.Object, java.lang.Object)'> (0x00000000ebb22bc0) 
thrown [s\open\src\hotspot\share\interpreter\linkResolver.cpp, line 773]
Event: 15.768 Thread 0x00000252b24a4410 Exception <a 'java/lang/NoSuchMethodError'{0x00000000ebb83100}: 'java.lang.Object java.lang.invoke.DirectMethodHandle$Holder.invokeVirtual(java.lang.Object, java.lang.Object, int)'> (0x00000000ebb83100) 
thrown [s\open\src\hotspot\share\interpreter\linkResolver.cpp, line 773]
Event: 15.790 Thread 0x00000252b24a4410 Exception <a 'java/lang/NoSuchMethodError'{0x00000000eba336d0}: 'java.lang.Object java.lang.invoke.DirectMethodHandle$Holder.invokeStatic(java.lang.Object, java.lang.Object, int, java.lang.Object)'> (0x00000000eba336d0) 
thrown [s\open\src\hotspot\share\interpreter\linkResolver.cpp, line 773]
Event: 15.790 Thread 0x00000252b24a4410 Exception <a 'java/lang/NoSuchMethodError'{0x00000000eba3aa38}: 'java.lang.Object java.lang.invoke.DirectMethodHandle$Holder.newInvokeSpecial(java.lang.Object, java.lang.Object, int, java.lang.Object)'> (0x00000000eba3aa38) 
thrown [s\open\src\hotspot\share\interpreter\linkResolver.cpp, line 773]
Event: 15.791 Thread 0x00000252b24a4410 Exception <a 'java/lang/NoSuchMethodError'{0x00000000eba3f140}: 'java.lang.Object java.lang.invoke.DirectMethodHandle$Holder.invokeSpecial(java.lang.Object, java.lang.Object, java.lang.Object, int, java.lang.Object)'> (0x00000000eba3f140) 
thrown [s\open\src\hotspot\share\interpreter\linkResolver.cpp, line 773]
Event: 15.912 Thread 0x00000252b24a4410 Exception <a 'java/lang/NoSuchMethodError'{0x00000000eb8cdc60}: 'void java.lang.invoke.DirectMethodHandle$Holder.invokeInterface(java.lang.Object, java.lang.Object, java.lang.Object, java.lang.Object, java.lang.Object, java.lang.Object, java.lang.Object)'> (0x00000000eb8cdc60) 
thrown [s\open\src\hotspot\share\interpreter\linkResolver.cpp, line 773]
Event: 15.912 Thread 0x00000252b24a4410 Exception <a 'java/lang/NoSuchMethodError'{0x00000000eb8d2548}: 'void java.lang.invoke.DelegatingMethodHandle$Holder.reinvoke_L(java.lang.Object, java.lang.Object, java.lang.Object, java.lang.Object, java.lang.Object, java.lang.Object, java.lang.Object)'> (0x00000000eb8d2548) 
thrown [s\open\src\hotspot\share\interpreter\linkResolver.cpp, line 773]
Event: 16.017 Thread 0x00000252b24a4410 Exception <a 'java/lang/NoSuchMethodError'{0x00000000eb66e958}: 'java.lang.Object java.lang.invoke.DirectMethodHandle$Holder.invokeSpecial(java.lang.Object, java.lang.Object, java.lang.Object, int, java.lang.Object, java.lang.Object)'> (0x00000000eb66e958) 
thrown [s\open\src\hotspot\share\interpreter\linkResolver.cpp, line 773]
Event: 16.265 Thread 0x00000252b24a4410 Implicit null exception at 0x000002528ffa4cc8 to 0x000002528ffa522c
Event: 16.265 Thread 0x00000252b24a4410 Implicit null exception at 0x0000025290044324 to 0x00000252900446ac
Event: 16.265 Thread 0x00000252b24a4410 Implicit null exception at 0x0000025290046030 to 0x0000025290046938
Event: 16.265 Thread 0x00000252b24a4410 Exception <a 'java/lang/NoSuchMethodError'{0x00000000eb14bb68}: 'java.lang.reflect.Method[] java.lang.Class.getDeclaredMethods(java.lang.Class)'> (0x00000000eb14bb68) 
thrown [s\open\src\hotspot\share\interpreter\linkResolver.cpp, line 773]
Event: 16.342 Thread 0x00000252b24a4410 Exception <a 'java/lang/NoSuchMethodError'{0x00000000eb0dcf98}: 'void java.lang.invoke.DirectMethodHandle$Holder.invokeStaticInit(java.lang.Object, java.lang.Object, java.lang.Object)'> (0x00000000eb0dcf98) 
thrown [s\open\src\hotspot\share\interpreter\linkResolver.cpp, line 773]
Event: 16.346 Thread 0x00000252b24a4410 Exception <a 'java/lang/NoSuchMethodError'{0x00000000eaf016b8}: 'void java.lang.invoke.DirectMethodHandle$Holder.invokeStaticInit(java.lang.Object, java.lang.Object, java.lang.Object, java.lang.Object, java.lang.Object)'> (0x00000000eaf016b8) 
thrown [s\open\src\hotspot\share\interpreter\linkResolver.cpp, line 773]
Event: 16.358 Thread 0x00000252b24a4410 Exception <a 'java/lang/NoSuchMethodError'{0x00000000eaf5a488}: 'int java.lang.invoke.DirectMethodHandle$Holder.invokeStaticInit(java.lang.Object, java.lang.Object, java.lang.Object, java.lang.Object)'> (0x00000000eaf5a488) 
thrown [s\open\src\hotspot\share\interpreter\linkResolver.cpp, line 773]

ZGC Phase Switch (0 events):
No events

VM Operations (20 events):
Event: 14.204 Executing VM operation: HandshakeAllThreads (Deoptimize)
Event: 14.204 Executing VM operation: HandshakeAllThreads (Deoptimize) done
Event: 14.990 Executing VM operation: HandshakeAllThreads (Deoptimize)
Event: 14.991 Executing VM operation: HandshakeAllThreads (Deoptimize) done
Event: 14.991 Executing VM operation: Cleanup
Event: 14.991 Executing VM operation: Cleanup done
Event: 15.294 Executing VM operation: HandshakeAllThreads (Deoptimize)
Event: 15.294 Executing VM operation: HandshakeAllThreads (Deoptimize) done
Event: 15.669 Executing VM operation: HandshakeAllThreads (Deoptimize)
Event: 15.669 Executing VM operation: HandshakeAllThreads (Deoptimize) done
Event: 15.689 Executing VM operation: HandshakeAllThreads (Deoptimize)
Event: 15.689 Executing VM operation: HandshakeAllThreads (Deoptimize) done
Event: 15.919 Executing VM operation: HandshakeAllThreads (Deoptimize)
Event: 15.919 Executing VM operation: HandshakeAllThreads (Deoptimize) done
Event: 15.919 Executing VM operation: HandshakeAllThreads (Deoptimize)
Event: 15.919 Executing VM operation: HandshakeAllThreads (Deoptimize) done
Event: 16.069 Executing VM operation: ICBufferFull
Event: 16.069 Executing VM operation: ICBufferFull done
Event: 16.234 Executing VM operation: HandshakeAllThreads (Deoptimize)
Event: 16.234 Executing VM operation: HandshakeAllThreads (Deoptimize) done

Events (20 events):
Event: 8.351 Thread 0x000002529765c580 Thread added: 0x000002529765c580
Event: 8.358 Thread 0x000002529765d390 Thread added: 0x000002529765d390
Event: 8.507 Thread 0x000002529765da00 Thread added: 0x000002529765da00
Event: 8.567 Thread 0x00000252b24a4410 Thread added: 0x00000252b24a4410
Event: 8.628 Thread 0x00000252b24a4aa0 Thread added: 0x00000252b24a4aa0
Event: 8.635 Thread 0x00000252b24a5130 Thread added: 0x00000252b24a5130
Event: 8.642 Thread 0x00000252b24a3060 Thread added: 0x00000252b24a3060
Event: 9.982 Thread 0x00000252b24a36f0 Thread added: 0x00000252b24a36f0
Event: 10.042 Thread 0x00000252b24a5e50 Thread added: 0x00000252b24a5e50
Event: 10.541 Thread 0x00000252b24a29d0 Thread added: 0x00000252b24a29d0
Event: 13.682 Thread 0x00000252b24a3d80 Thread added: 0x00000252b24a3d80
Event: 13.749 Thread 0x00000252b491c060 Thread added: 0x00000252b491c060
Event: 14.104 Thread 0x00000252b49150d0 Thread added: 0x00000252b49150d0
Event: 14.111 Thread 0x00000252b491a620 Thread added: 0x00000252b491a620
Event: 14.810 Thread 0x00000252b4919900 Thread added: 0x00000252b4919900
Event: 14.875 Thread 0x00000252b4918be0 Thread added: 0x00000252b4918be0
Event: 15.127 Thread 0x00000252b491acb0 Thread added: 0x00000252b491acb0
Event: 15.395 Thread 0x00000252b4915760 Thread added: 0x00000252b4915760
Event: 15.792 Thread 0x00000252b491b9d0 Thread added: 0x00000252b491b9d0
Event: 15.895 Thread 0x00000252b491c6f0 Thread added: 0x00000252b491c6f0


Dynamic libraries:
0x00007ff633fd0000 - 0x00007ff633fe0000 	C:\Program Files\Java\jdk-21\bin\java.exe
0x00007ffab7210000 - 0x00007ffab7427000 	C:\Windows\SYSTEM32\ntdll.dll
0x00007ffab4fa0000 - 0x00007ffab5064000 	C:\Windows\System32\KERNEL32.DLL
0x00007ffab49b0000 - 0x00007ffab4d67000 	C:\Windows\System32\KERNELBASE.dll
0x00007ffab4d70000 - 0x00007ffab4e81000 	C:\Windows\System32\ucrtbase.dll
0x00007ffaabdb0000 - 0x00007ffaabdcb000 	C:\Program Files\Java\jdk-21\bin\VCRUNTIME140.dll
0x00007ffaabd70000 - 0x00007ffaabd89000 	C:\Program Files\Java\jdk-21\bin\jli.dll
0x00007ffab59b0000 - 0x00007ffab5a62000 	C:\Windows\System32\ADVAPI32.dll
0x00007ffab51d0000 - 0x00007ffab5277000 	C:\Windows\System32\msvcrt.dll
0x00007ffab5120000 - 0x00007ffab51c8000 	C:\Windows\System32\sechost.dll
0x00007ffab4e90000 - 0x00007ffab4eb8000 	C:\Windows\System32\bcrypt.dll
0x00007ffab5a80000 - 0x00007ffab5b94000 	C:\Windows\System32\RPCRT4.dll
0x00007ffab53c0000 - 0x00007ffab556f000 	C:\Windows\System32\USER32.dll
0x00007ffab45e0000 - 0x00007ffab4606000 	C:\Windows\System32\win32u.dll
0x00007ffab62f0000 - 0x00007ffab6319000 	C:\Windows\System32\GDI32.dll
0x00007ffab4890000 - 0x00007ffab49a8000 	C:\Windows\System32\gdi32full.dll
0x00007ffab4610000 - 0x00007ffab46aa000 	C:\Windows\System32\msvcp_win.dll
0x00007ffa9d500000 - 0x00007ffa9d793000 	C:\Windows\WinSxS\amd64_microsoft.windows.common-controls_6595b64144ccf1df_6.0.22621.3672_none_2713b9d173822955\COMCTL32.dll
0x00007ffaaab60000 - 0x00007ffaaab6a000 	C:\Windows\SYSTEM32\VERSION.dll
0x00007ffab5bf0000 - 0x00007ffab5c21000 	C:\Windows\System32\IMM32.DLL
0x00007ffaabda0000 - 0x00007ffaabdac000 	C:\Program Files\Java\jdk-21\bin\vcruntime140_1.dll
0x00007ffa9a960000 - 0x00007ffa9a9ee000 	C:\Program Files\Java\jdk-21\bin\msvcp140.dll
0x00007ffa38280000 - 0x00007ffa38f93000 	C:\Program Files\Java\jdk-21\bin\server\jvm.dll
0x00007ffab5080000 - 0x00007ffab50f1000 	C:\Windows\System32\WS2_32.dll
0x00007ffaac880000 - 0x00007ffaac8b4000 	C:\Windows\SYSTEM32\WINMM.dll
0x00007ffab33d0000 - 0x00007ffab341d000 	C:\Windows\SYSTEM32\POWRPROF.dll
0x00007ffab33b0000 - 0x00007ffab33c3000 	C:\Windows\SYSTEM32\UMPDC.dll
0x00007ffab3660000 - 0x00007ffab3678000 	C:\Windows\SYSTEM32\kernel.appcore.dll
0x00007ffaa3600000 - 0x00007ffaa360a000 	C:\Program Files\Java\jdk-21\bin\jimage.dll
0x00007ffab1930000 - 0x00007ffab1b62000 	C:\Windows\SYSTEM32\DBGHELP.DLL
0x00007ffab6b90000 - 0x00007ffab6f1e000 	C:\Windows\System32\combase.dll
0x00007ffab6210000 - 0x00007ffab62e7000 	C:\Windows\System32\OLEAUT32.dll
0x00007ffa99340000 - 0x00007ffa99372000 	C:\Windows\SYSTEM32\dbgcore.DLL
0x00007ffab4ec0000 - 0x00007ffab4f3b000 	C:\Windows\System32\bcryptPrimitives.dll
0x00007ffaa35f0000 - 0x00007ffaa35ff000 	C:\Program Files\Java\jdk-21\bin\instrument.dll
0x00007ffaa32d0000 - 0x00007ffaa32ef000 	C:\Program Files\Java\jdk-21\bin\java.dll
0x00007ffab6320000 - 0x00007ffab6b89000 	C:\Windows\System32\SHELL32.dll
0x00007ffab24a0000 - 0x00007ffab2d9f000 	C:\Windows\SYSTEM32\windows.storage.dll
0x00007ffab2360000 - 0x00007ffab249f000 	C:\Windows\SYSTEM32\wintypes.dll
0x00007ffab70d0000 - 0x00007ffab71c9000 	C:\Windows\System32\SHCORE.dll
0x00007ffab60b0000 - 0x00007ffab610e000 	C:\Windows\System32\shlwapi.dll
0x00007ffab4450000 - 0x00007ffab4477000 	C:\Windows\SYSTEM32\profapi.dll
0x00007ffa6f480000 - 0x00007ffa6f557000 	C:\Program Files\Java\jdk-21\bin\jsvml.dll
0x00007ffaa3280000 - 0x00007ffaa3298000 	C:\Program Files\Java\jdk-21\bin\zip.dll
0x00007ffaa3580000 - 0x00007ffaa3590000 	C:\Program Files\Java\jdk-21\bin\net.dll
0x00007ffaaf8a0000 - 0x00007ffaaf9d6000 	C:\Windows\SYSTEM32\WINHTTP.dll
0x00007ffab3ad0000 - 0x00007ffab3b39000 	C:\Windows\system32\mswsock.dll
0x00007ffaa3180000 - 0x00007ffaa3196000 	C:\Program Files\Java\jdk-21\bin\nio.dll
0x00007ffaa3460000 - 0x00007ffaa3470000 	C:\Program Files\Java\jdk-21\bin\verify.dll
0x00007ffaa2eb0000 - 0x00007ffaa2ed7000 	C:\Users\Shibli Sadik\.gradle\native\c067742578af261105cb4f569cf0c3c89f3d7b1fecec35dd04571415982c5e48\windows-amd64\native-platform.dll
0x00007ffa6ec60000 - 0x00007ffa6eda4000 	C:\Users\Shibli Sadik\.gradle\native\100fb08df4bc3b14c8652ba06237920a3bd2aa13389f12d3474272988ae205f9\windows-amd64\native-platform-file-events.dll
0x00007ffaa3390000 - 0x00007ffaa339a000 	C:\Program Files\Java\jdk-21\bin\management.dll
0x00007ffaa32c0000 - 0x00007ffaa32cb000 	C:\Program Files\Java\jdk-21\bin\management_ext.dll
0x00007ffab5070000 - 0x00007ffab5078000 	C:\Windows\System32\PSAPI.DLL
0x00007ffab3d30000 - 0x00007ffab3d4b000 	C:\Windows\SYSTEM32\CRYPTSP.dll
0x00007ffab35c0000 - 0x00007ffab35f5000 	C:\Windows\system32\rsaenh.dll
0x00007ffab3bc0000 - 0x00007ffab3be8000 	C:\Windows\SYSTEM32\USERENV.dll
0x00007ffab3d20000 - 0x00007ffab3d2c000 	C:\Windows\SYSTEM32\CRYPTBASE.dll
0x00007ffab3070000 - 0x00007ffab309d000 	C:\Windows\SYSTEM32\IPHLPAPI.DLL
0x00007ffab5a70000 - 0x00007ffab5a79000 	C:\Windows\System32\NSI.dll
0x00007ffaa3170000 - 0x00007ffaa3179000 	C:\Program Files\Java\jdk-21\bin\extnet.dll
0x00007ffaa3160000 - 0x00007ffaa316e000 	C:\Program Files\Java\jdk-21\bin\sunmscapi.dll
0x00007ffab46b0000 - 0x00007ffab4816000 	C:\Windows\System32\CRYPT32.dll
0x00007ffab3ec0000 - 0x00007ffab3eed000 	C:\Windows\SYSTEM32\ncrypt.dll
0x00007ffab3e80000 - 0x00007ffab3eb7000 	C:\Windows\SYSTEM32\NTASN1.dll
0x00007ffaa5a00000 - 0x00007ffaa5a08000 	C:\Windows\system32\wshunix.dll

dbghelp: loaded successfully - version: 4.0.5 - missing functions: none
symbol engine: initialized successfully - sym options: 0x614 - pdb path: .;C:\Program Files\Java\jdk-21\bin;C:\Windows\SYSTEM32;C:\Windows\WinSxS\amd64_microsoft.windows.common-controls_6595b64144ccf1df_6.0.22621.3672_none_2713b9d173822955;C:\Program Files\Java\jdk-21\bin\server;C:\Users\Shibli Sadik\.gradle\native\c067742578af261105cb4f569cf0c3c89f3d7b1fecec35dd04571415982c5e48\windows-amd64;C:\Users\Shibli Sadik\.gradle\native\100fb08df4bc3b14c8652ba06237920a3bd2aa13389f12d3474272988ae205f9\windows-amd64

VM Arguments:
jvm_args: --add-opens=java.base/java.util=ALL-UNNAMED --add-opens=java.base/java.lang=ALL-UNNAMED --add-opens=java.base/java.lang.invoke=ALL-UNNAMED --add-opens=java.prefs/java.util.prefs=ALL-UNNAMED --add-exports=jdk.compiler/com.sun.tools.javac.api=ALL-UNNAMED --add-exports=jdk.compiler/com.sun.tools.javac.util=ALL-UNNAMED --add-opens=java.base/java.nio.charset=ALL-UNNAMED --add-opens=java.base/java.net=ALL-UNNAMED --add-opens=java.base/java.util.concurrent.atomic=ALL-UNNAMED -XX:MaxMetaspaceSize=384m -XX:+HeapDumpOnOutOfMemoryError -Xms256m -Xmx512m -Dfile.encoding=UTF-8 -Duser.country=US -Duser.language=en -Duser.variant -javaagent:C:\Users\Shibli Sadik\.gradle\wrapper\dists\gradle-8.10.2-bin\a04bxjujx95o3nb99gddekhwo\gradle-8.10.2\lib\agents\gradle-instrumentation-agent-8.10.2.jar 
java_command: org.gradle.launcher.daemon.bootstrap.GradleDaemon 8.10.2
java_class_path (initial): C:\Users\Shibli Sadik\.gradle\wrapper\dists\gradle-8.10.2-bin\a04bxjujx95o3nb99gddekhwo\gradle-8.10.2\lib\gradle-daemon-main-8.10.2.jar
Launcher Type: SUN_STANDARD

[Global flags]
     intx CICompilerCount                          = 4                                         {product} {ergonomic}
   size_t CompressedClassSpaceSize                 = 335544320                                 {product} {ergonomic}
     uint ConcGCThreads                            = 2                                         {product} {ergonomic}
     uint G1ConcRefinementThreads                  = 8                                         {product} {ergonomic}
   size_t G1HeapRegionSize                         = 1048576                                   {product} {ergonomic}
    uintx GCDrainStackTargetSize                   = 64                                        {product} {ergonomic}
     bool HeapDumpOnOutOfMemoryError               = true                                   {manageable} {command line}
   size_t InitialHeapSize                          = 268435456                                 {product} {command line}
   size_t MarkStackSize                            = 4194304                                   {product} {ergonomic}
   size_t MaxHeapSize                              = 536870912                                 {product} {command line}
   size_t MaxMetaspaceSize                         = 402653184                                 {product} {command line}
   size_t MaxNewSize                               = 321912832                                 {product} {ergonomic}
   size_t MinHeapDeltaBytes                        = 1048576                                   {product} {ergonomic}
   size_t MinHeapSize                              = 268435456                                 {product} {command line}
    uintx NonNMethodCodeHeapSize                   = 5839372                                {pd product} {ergonomic}
    uintx NonProfiledCodeHeapSize                  = 122909434                              {pd product} {ergonomic}
    uintx ProfiledCodeHeapSize                     = 122909434                              {pd product} {ergonomic}
    uintx ReservedCodeCacheSize                    = 251658240                              {pd product} {ergonomic}
     bool SegmentedCodeCache                       = true                                      {product} {ergonomic}
   size_t SoftMaxHeapSize                          = 536870912                              {manageable} {ergonomic}
     bool UseCompressedOops                        = true                           {product lp64_product} {ergonomic}
     bool UseG1GC                                  = true                                      {product} {ergonomic}
     bool UseLargePagesIndividualAllocation        = false                                  {pd product} {ergonomic}

Logging:
Log output configuration:
 #0: stdout all=warning uptime,level,tags foldmultilines=false
 #1: stderr all=off uptime,level,tags foldmultilines=false

Environment Variables:
JAVA_HOME=C:\Program Files\Java\jdk-21
PATH=C:\Program Files (x86)\VMware\VMware Workstation\bin\;C:\Program Files\Common Files\Oracle\Java\javapath;C:\Program Files (x86)\Common Files\Oracle\Java\java8path;C:\Program Files (x86)\Common Files\Oracle\Java\javapath;C:\Windows\system32;C:\Windows;C:\Windows\System32\Wbem;C:\Windows\System32\WindowsPowerShell\v1.0\;C:\Windows\System32\OpenSSH\;C:\ProgramData\chocolatey\bin;C:\Program Files\Microsoft SQL Server\150\Tools\Binn\;C:\Program Files\Microsoft SQL Server\Client SDK\ODBC\170\Tools\Binn\;C:\Program Files\dotnet\;C:\Program Files (x86)\Incredibuild;C:\Program Files (x86)\Windows Kits\10\Windows Performance Toolkit\;C:\Program Files\Git\cmd;C:\Program Files\Common Files\Oracle\Java\javapath;C:\Windows\system32;C:\Windows;C:\Windows\System32\Wbem;C:\Windows\System32\WindowsPowerShell\v1.0\;C:\Windows\System32\OpenSSH\;C:\ProgramData\chocolatey\bin;C:\Program Files\Microsoft SQL Server\150\Tools\Binn\;C:\Program Files\Microsoft SQL Server\Client SDK\ODBC\170\Tools\Binn\;C:\Program Files\dotnet\;C:\Program Files (x86)\Incredibuild;C:\Program Files (x86)\Wind;C:\Program Files\nodejs\;C:\ProgramData\chocolatey\lib\maven\apache-maven-3.9.9\bin;C:\Program Files\System32\scrcpy;C:\Program Files\scrcpy;C:\Program Files\Common Files\Oracle\Java\javapath;C:\Windows\system32;C:\Windows;C:\Windows\System32\Wbem;C:\Windows\System32\WindowsPowerShell\v1.0\;C:\Windows\System32\OpenSSH\;C:\ProgramData\chocolatey\bin;C:\Program Files\Microsoft SQL Server\150\Tools\Binn\;C:\Program Files\Microsoft SQL Server\Client SDK\ODBC\170\Tools\Binn\;C:\Program Files\dotnet\;C:\Program Files (x86)\Incredibuild;C:\Program Files (x86)\Windows Kits\10\Windows Performance Toolkit\;C:\Program Files\Git\cmd;C:\Users\Shibli Sadik\AppData\Local\Microsoft\WindowsApps;C:\Users\Shibli Sadik\AppData\Local\Programs\Microsoft VS Code\bin;C:\Program Files\JetBrains\IntelliJ IDEA 2024.2.1\bin;C:\Users\Shibli Sadik\.dotnet\tools;C:\Users\Shibli Sadik\AppData\Local\Packages\PythonSoftwareFoundation.Python.3.12_qbz5n2kfra8p0\LocalCache\local-packages\Python312\Scripts;C:\Users\Shibli Sadik\AppData\Roaming\npm;C:\Program Files\scrcpy;C:\Program Files\Common Files\Oracle\Java\javapath;C:\Windows\system32;C:\Windows;C:\Windows\System32\Wbem;C:\Windows\System32\WindowsPowerShell\v1.0\;C:\Windows\System32\OpenSSH\;C:\ProgramData\chocolatey\bin;C:\Program Files\Microsoft SQL Server\150\Tools\Binn\;C:\Program Files\Microsoft SQL Server\Client SDK\ODBC\170\Tools\Binn\;C:\Program Files\dotnet\;C:\Program Files (x86)\Incredibuild;C:\Program Files (x86)\Windows Kits\10\Windows Performance Toolkit\;C:\Program Files\Git\cmd;C:\Users\Shibli Sadik\AppData\Local\Microsoft\WindowsApps;C:\Users\Shibli Sadik\AppData\Local\Programs\Microsoft VS Code\bin;C:\Program Files\JetBrains\IntelliJ IDEA 2024.2.1\bin;C:\Users\Shibli Sadik\.dotnet\tools;C:\Users\Shibli Sadik\AppData\Local\Packages\PythonSoftwareFoundation.Python.3.12_qbz5n2kfra8p0\LocalCache\local-packages\Python312\Scripts;C:\Users\Shibli Sadik\AppData\Roaming\npm;C:\Program Files\scrcpy\scrcpy-win64-v2.6.1;C:\Program Files\PowerShell\7\;C:\Program Files\Common Files\Oracle\Java\javapath;C:\Program Files (x86)\Common Files\Oracle\Java\javapath;C:\Windows\system32;C:\Windows;C:\Windows\System32\Wbem;C:\Windows\System32\WindowsPowerShell\v1.0\;C:\Windows\System32\OpenSSH\;C:\ProgramData\chocolatey\bin;C:\Program Files\Microsoft SQL Server\150\Tools\Binn\;C:\Program Files\Microsoft SQL Server\Client SDK\ODBC\170\Tools\Binn\;C:\Program Files\dotnet\;C:\Program Files (x86)\Incredibuild;C:\Program Files (x86)\Windows Kits\10\Windows Performance Toolkit\;C:\Program Files\Git\cmd;C:\Users\Shibli Sadik\AppData\Local\Microsoft\WindowsApps;C:\Users\Shibli Sadik\AppData\Local\Programs\Microsoft VS Code\bin;C:\Program Files\JetBrains\IntelliJ IDEA 2024.2.1\bin;C:\Users\Shibli Sadik\.dotnet\tools;C:\Users\Shibli Sadik\AppData\Local\Packages\PythonSoftwareFoundation.Python.3.12_qbz5n2kfra8p0\LocalCache\local-packages\Python312\Scripts;C:\Users\Shibli Sadik\AppData\Roaming\npm;C:\Program Files\Nmap
USERNAME=Shibli Sadik
OS=Windows_NT
PROCESSOR_IDENTIFIER=Intel64 Family 6 Model 142 Stepping 11, GenuineIntel
TMP=C:\Users\SHIBLI~1\AppData\Local\Temp
TEMP=C:\Users\SHIBLI~1\AppData\Local\Temp




Periodic native trim disabled

---------------  S Y S T E M  ---------------

OS:
 Windows 11 , 64 bit Build 22621 (10.0.22621.3958)
OS uptime: 9 days 12:47 hours

CPU: total 8 (initial active 8) (4 cores per cpu, 2 threads per core) family 6 model 142 stepping 11 microcode 0xf2, cx8, cmov, fxsr, ht, mmx, 3dnowpref, sse, sse2, sse3, ssse3, sse4.1, sse4.2, popcnt, lzcnt, tsc, tscinvbit, avx, avx2, aes, erms, clmul, bmi1, bmi2, adx, fma, vzeroupper, clflush, clflushopt, rdtscp, f16c
Processor Information for all 8 processors :
  Max Mhz: 1800, Current Mhz: 1600, Mhz Limit: 1584

Memory: 4k page, system-wide physical 3977M (236M free)
TotalPageFile size 16265M (AvailPageFile size 3M)
current process WorkingSet (physical memory assigned to process): 241M, peak: 241M
current process commit charge ("private bytes"): 447M, peak: 447M

vm_info: Java HotSpot(TM) 64-Bit Server VM (21.0.4+8-LTS-274) for windows-amd64 JRE (21.0.4+8-LTS-274), built on 2024-06-05T05:23:33Z by "mach5one" with MS VC++ 17.6 (VS2022)

END.
