#
# There is insufficient memory for the Java Runtime Environment to continue.
# Native memory allocation (malloc) failed to allocate 1038816 bytes for Chunk::new
# Possible reasons:
#   The system is out of physical RAM or swap space
#   The process is running with CompressedOops enabled, and the Java Heap may be blocking the growth of the native heap
# Possible solutions:
#   Reduce memory load on the system
#   Increase physical memory or swap space
#   Check if swap backing store is full
#   Decrease Java heap size (-Xmx/-Xms)
#   Decrease number of Java threads
#   Decrease Java thread stack sizes (-Xss)
#   Set larger code cache with -XX:ReservedCodeCacheSize=
#   JVM is running with Unscaled Compressed Oops mode in which the Java heap is
#     placed in the first 4GB address space. The Java Heap base address is the
#     maximum limit for the native heap growth. Please use -XX:HeapBaseMinAddress
#     to set the Java Heap base and to place the Java Heap above 4GB virtual address.
# This output file may be truncated or incomplete.
#
#  Out of Memory Error (arena.cpp:168), pid=10252, tid=14528
#
# JRE version: Java(TM) SE Runtime Environment (21.0.4+8) (build 21.0.4+8-LTS-274)
# Java VM: Java HotSpot(TM) 64-Bit Server VM (21.0.4+8-LTS-274, mixed mode, sharing, tiered, compressed oops, compressed class ptrs, g1 gc, windows-amd64)
# No core dump will be written. Minidumps are not enabled by default on client versions of Windows
#

---------------  S U M M A R Y ------------

Command Line: --add-opens=java.base/java.util=ALL-UNNAMED --add-opens=java.base/java.lang=ALL-UNNAMED --add-opens=java.base/java.lang.invoke=ALL-UNNAMED --add-opens=java.prefs/java.util.prefs=ALL-UNNAMED --add-exports=jdk.compiler/com.sun.tools.javac.api=ALL-UNNAMED --add-exports=jdk.compiler/com.sun.tools.javac.util=ALL-UNNAMED --add-opens=java.base/java.nio.charset=ALL-UNNAMED --add-opens=java.base/java.net=ALL-UNNAMED --add-opens=java.base/java.util.concurrent.atomic=ALL-UNNAMED -XX:MaxMetaspaceSize=384m -XX:+HeapDumpOnOutOfMemoryError -Xms256m -Xmx512m -Dfile.encoding=UTF-8 -Duser.country=US -Duser.language=en -Duser.variant -javaagent:C:\Users\Shibli Sadik\.gradle\wrapper\dists\gradle-8.10.2-bin\a04bxjujx95o3nb99gddekhwo\gradle-8.10.2\lib\agents\gradle-instrumentation-agent-8.10.2.jar org.gradle.launcher.daemon.bootstrap.GradleDaemon 8.10.2

Host: Intel(R) Core(TM) i5-8265U CPU @ 1.60GHz, 8 cores, 3G,  Windows 11 , 64 bit Build 22621 (10.0.22621.3958)
Time: Sat Oct 19 12:08:09 2024 Bangladesh Standard Time elapsed time: 7.361022 seconds (0d 0h 0m 7s)

---------------  T H R E A D  ---------------

Current thread (0x000001b1fbe7b7d0):  JavaThread "C2 CompilerThread0" daemon [_thread_in_native, id=14528, stack(0x0000003bb9600000,0x0000003bb9700000) (1024K)]


Current CompileTask:
C2:   7361 4317   !   4       java.net.URLClassLoader::findClass (47 bytes)

Stack: [0x0000003bb9600000,0x0000003bb9700000]
Native frames: (J=compiled Java code, j=interpreted, Vv=VM code, C=native code)
V  [jvm.dll+0x6c8e59]
V  [jvm.dll+0x853181]
V  [jvm.dll+0x8556ae]
V  [jvm.dll+0x855d83]
V  [jvm.dll+0x27d526]
V  [jvm.dll+0xc4aad]
V  [jvm.dll+0xc4fe3]
V  [jvm.dll+0x2f038f]
V  [jvm.dll+0x5f406a]
V  [jvm.dll+0x24f102]
V  [jvm.dll+0x24f4bf]
V  [jvm.dll+0x2480c4]
V  [jvm.dll+0x245754]
V  [jvm.dll+0x1c69de]
V  [jvm.dll+0x254d49]
V  [jvm.dll+0x2532da]
V  [jvm.dll+0x3ed426]
V  [jvm.dll+0x7fd65b]
V  [jvm.dll+0x6c753d]
C  [ucrtbase.dll+0x29333]
C  [KERNEL32.DLL+0x1257d]
C  [ntdll.dll+0x5af08]


---------------  P R O C E S S  ---------------

Threads class SMR info:
_java_thread_list=0x000001b1a8369120, length=36, elements={
0x000001b1edf793b0, 0x000001b1fbe64e30, 0x000001b1fbe65890, 0x000001b1fbe67d00,
0x000001b1fbe6a870, 0x000001b1fbe6b550, 0x000001b1fbe6e130, 0x000001b1fbe7b7d0,
0x000001b1fbe9c280, 0x000001b1fbf59f20, 0x000001b1fc0a3d80, 0x000001b1fd893990,
0x000001b1fdc3a860, 0x000001b1fdac3ef0, 0x000001b1fdc84840, 0x000001b1fdab0880,
0x000001b1fd6d87d0, 0x000001b1fd6d8e60, 0x000001b1fd6d6d90, 0x000001b1fd6d6700,
0x000001b1fd6d94f0, 0x000001b1fd6d7420, 0x000001b1fd6d6070, 0x000001b1fd6d7ab0,
0x000001b1fe63c3f0, 0x000001b1fe638250, 0x000001b1fe63e4c0, 0x000001b1fe63d110,
0x000001b1fe63d7a0, 0x000001b1fe63a320, 0x000001b1fe63ca80, 0x000001b1fe63f870,
0x000001b1fe63de30, 0x000001b1fe63eb50, 0x000001b1fe6388e0, 0x000001b1fe638f70
}

Java Threads: ( => current thread )
  0x000001b1edf793b0 JavaThread "main"                              [_thread_blocked, id=7464, stack(0x0000003bb8800000,0x0000003bb8900000) (1024K)]
  0x000001b1fbe64e30 JavaThread "Reference Handler"          daemon [_thread_blocked, id=13848, stack(0x0000003bb9000000,0x0000003bb9100000) (1024K)]
  0x000001b1fbe65890 JavaThread "Finalizer"                  daemon [_thread_blocked, id=14248, stack(0x0000003bb9100000,0x0000003bb9200000) (1024K)]
  0x000001b1fbe67d00 JavaThread "Signal Dispatcher"          daemon [_thread_blocked, id=20488, stack(0x0000003bb9200000,0x0000003bb9300000) (1024K)]
  0x000001b1fbe6a870 JavaThread "Attach Listener"            daemon [_thread_blocked, id=11372, stack(0x0000003bb9300000,0x0000003bb9400000) (1024K)]
  0x000001b1fbe6b550 JavaThread "Service Thread"             daemon [_thread_blocked, id=6332, stack(0x0000003bb9400000,0x0000003bb9500000) (1024K)]
  0x000001b1fbe6e130 JavaThread "Monitor Deflation Thread"   daemon [_thread_blocked, id=17972, stack(0x0000003bb9500000,0x0000003bb9600000) (1024K)]
=>0x000001b1fbe7b7d0 JavaThread "C2 CompilerThread0"         daemon [_thread_in_native, id=14528, stack(0x0000003bb9600000,0x0000003bb9700000) (1024K)]
  0x000001b1fbe9c280 JavaThread "C1 CompilerThread0"         daemon [_thread_blocked, id=5832, stack(0x0000003bb9700000,0x0000003bb9800000) (1024K)]
  0x000001b1fbf59f20 JavaThread "Common-Cleaner"             daemon [_thread_blocked, id=21368, stack(0x0000003bb9800000,0x0000003bb9900000) (1024K)]
  0x000001b1fc0a3d80 JavaThread "Notification Thread"        daemon [_thread_blocked, id=21236, stack(0x0000003bb9900000,0x0000003bb9a00000) (1024K)]
  0x000001b1fd893990 JavaThread "Daemon health stats"               [_thread_blocked, id=18672, stack(0x0000003bb9f00000,0x0000003bba000000) (1024K)]
  0x000001b1fdc3a860 JavaThread "Incoming local TCP Connector on port 57745"        [_thread_in_native, id=7964, stack(0x0000003bba200000,0x0000003bba300000) (1024K)]
  0x000001b1fdac3ef0 JavaThread "Daemon periodic checks"            [_thread_blocked, id=7324, stack(0x0000003bba300000,0x0000003bba400000) (1024K)]
  0x000001b1fdc84840 JavaThread "Daemon"                            [_thread_blocked, id=10492, stack(0x0000003bba400000,0x0000003bba500000) (1024K)]
  0x000001b1fdab0880 JavaThread "Handler for socket connection from /127.0.0.1:57745 to /127.0.0.1:57746"        [_thread_in_native, id=20040, stack(0x0000003bba500000,0x0000003bba600000) (1024K)]
  0x000001b1fd6d87d0 JavaThread "Cancel handler"                    [_thread_blocked, id=19704, stack(0x0000003bba600000,0x0000003bba700000) (1024K)]
  0x000001b1fd6d8e60 JavaThread "Daemon worker"                     [_thread_in_vm, id=12912, stack(0x0000003bba700000,0x0000003bba800000) (1024K)]
  0x000001b1fd6d6d90 JavaThread "Asynchronous log dispatcher for DefaultDaemonConnection: socket connection from /127.0.0.1:57745 to /127.0.0.1:57746"        [_thread_blocked, id=13992, stack(0x0000003bba800000,0x0000003bba900000) (1024K)]
  0x000001b1fd6d6700 JavaThread "Stdin handler"                     [_thread_blocked, id=7060, stack(0x0000003bba900000,0x0000003bbaa00000) (1024K)]
  0x000001b1fd6d94f0 JavaThread "Daemon client event forwarder"        [_thread_blocked, id=18396, stack(0x0000003bbaa00000,0x0000003bbab00000) (1024K)]
  0x000001b1fd6d7420 JavaThread "Cache worker for journal cache (C:\Users\Shibli Sadik\.gradle\caches\journal-1)"        [_thread_blocked, id=11760, stack(0x0000003bbab00000,0x0000003bbac00000) (1024K)]
  0x000001b1fd6d6070 JavaThread "File lock request listener"        [_thread_in_native, id=10428, stack(0x0000003bbac00000,0x0000003bbad00000) (1024K)]
  0x000001b1fd6d7ab0 JavaThread "Cache worker for file hash cache (C:\Users\Shibli Sadik\.gradle\caches\8.10.2\fileHashes)"        [_thread_blocked, id=18628, stack(0x0000003bbad00000,0x0000003bbae00000) (1024K)]
  0x000001b1fe63c3f0 JavaThread "Cache worker for file hash cache (G:\java\gradle\project2\gamertoky1188\gamertoky1188\.gradle\8.10.2\fileHashes)"        [_thread_blocked, id=5568, stack(0x0000003bbaf00000,0x0000003bbb000000) (1024K)]
  0x000001b1fe638250 JavaThread "Cache worker for Build Output Cleanup Cache (G:\java\gradle\project2\gamertoky1188\gamertoky1188\.gradle\buildOutputCleanup)"        [_thread_blocked, id=14140, stack(0x0000003bbb000000,0x0000003bbb100000) (1024K)]
  0x000001b1fe63e4c0 JavaThread "File watcher server"        daemon [_thread_in_native, id=16728, stack(0x0000003bbb100000,0x0000003bbb200000) (1024K)]
  0x000001b1fe63d110 JavaThread "File watcher consumer"      daemon [_thread_blocked, id=11776, stack(0x0000003bbb200000,0x0000003bbb300000) (1024K)]
  0x000001b1fe63d7a0 JavaThread "Cache worker for checksums cache (G:\java\gradle\project2\gamertoky1188\gamertoky1188\.gradle\8.10.2\checksums)"        [_thread_blocked, id=20508, stack(0x0000003bbb300000,0x0000003bbb400000) (1024K)]
  0x000001b1fe63a320 JavaThread "Cache worker for file content cache (C:\Users\Shibli Sadik\.gradle\caches\8.10.2\fileContent)"        [_thread_blocked, id=160, stack(0x0000003bbb400000,0x0000003bbb500000) (1024K)]
  0x000001b1fe63ca80 JavaThread "Cache worker for cache directory md-rule (C:\Users\Shibli Sadik\.gradle\caches\8.10.2\md-rule)"        [_thread_blocked, id=13236, stack(0x0000003bbb500000,0x0000003bbb600000) (1024K)]
  0x000001b1fe63f870 JavaThread "Cache worker for cache directory md-supplier (C:\Users\Shibli Sadik\.gradle\caches\8.10.2\md-supplier)"        [_thread_blocked, id=12872, stack(0x0000003bbb600000,0x0000003bbb700000) (1024K)]
  0x000001b1fe63de30 JavaThread "jar transforms"                    [_thread_blocked, id=19612, stack(0x0000003bbb700000,0x0000003bbb800000) (1024K)]
  0x000001b1fe63eb50 JavaThread "jar transforms Thread 2"           [_thread_blocked, id=9864, stack(0x0000003bbb800000,0x0000003bbb900000) (1024K)]
  0x000001b1fe6388e0 JavaThread "jar transforms Thread 3"           [_thread_blocked, id=15400, stack(0x0000003bbb900000,0x0000003bbba00000) (1024K)]
  0x000001b1fe638f70 JavaThread "jar transforms Thread 4"           [_thread_blocked, id=19996, stack(0x0000003bbba00000,0x0000003bbbb00000) (1024K)]
Total: 36

Other Threads:
  0x000001b1fbe469b0 VMThread "VM Thread"                           [id=7164, stack(0x0000003bb8f00000,0x0000003bb9000000) (1024K)]
  0x000001b1fbe310b0 WatcherThread "VM Periodic Task Thread"        [id=18704, stack(0x0000003bb8e00000,0x0000003bb8f00000) (1024K)]
  0x000001b1f023b5f0 WorkerThread "GC Thread#0"                     [id=7040, stack(0x0000003bb8900000,0x0000003bb8a00000) (1024K)]
  0x000001b1fc7f21d0 WorkerThread "GC Thread#1"                     [id=9884, stack(0x0000003bb9a00000,0x0000003bb9b00000) (1024K)]
  0x000001b1fc7f2570 WorkerThread "GC Thread#2"                     [id=22424, stack(0x0000003bb9b00000,0x0000003bb9c00000) (1024K)]
  0x000001b1fc7f2910 WorkerThread "GC Thread#3"                     [id=9916, stack(0x0000003bb9c00000,0x0000003bb9d00000) (1024K)]
  0x000001b1fc3c0310 WorkerThread "GC Thread#4"                     [id=9012, stack(0x0000003bb9d00000,0x0000003bb9e00000) (1024K)]
  0x000001b1fc3c06b0 WorkerThread "GC Thread#5"                     [id=20468, stack(0x0000003bb9e00000,0x0000003bb9f00000) (1024K)]
  0x000001b1fd86b9f0 WorkerThread "GC Thread#6"                     [id=13612, stack(0x0000003bba000000,0x0000003bba100000) (1024K)]
  0x000001b1fd86bd90 WorkerThread "GC Thread#7"                     [id=10932, stack(0x0000003bba100000,0x0000003bba200000) (1024K)]
  0x000001b1f0240dc0 ConcurrentGCThread "G1 Main Marker"            [id=18528, stack(0x0000003bb8a00000,0x0000003bb8b00000) (1024K)]
  0x000001b1f0241760 WorkerThread "G1 Conc#0"                       [id=1112, stack(0x0000003bb8b00000,0x0000003bb8c00000) (1024K)]
  0x000001b1fddee680 WorkerThread "G1 Conc#1"                       [id=21036, stack(0x0000003bbae00000,0x0000003bbaf00000) (1024K)]
  0x000001b1fbcfe660 ConcurrentGCThread "G1 Refine#0"               [id=2712, stack(0x0000003bb8c00000,0x0000003bb8d00000) (1024K)]
  0x000001b1fbcfee80 ConcurrentGCThread "G1 Service"                [id=15424, stack(0x0000003bb8d00000,0x0000003bb8e00000) (1024K)]
Total: 15

Threads with active compile tasks:
C2 CompilerThread0     7451 4317   !   4       java.net.URLClassLoader::findClass (47 bytes)
Total: 1

VM state: not at safepoint (normal execution)

VM Mutex/Monitor currently owned by a thread: None

Heap address: 0x00000000e0000000, size: 512 MB, Compressed Oops mode: 32-bit

CDS archive(s) mapped at: [0x000001b18f000000-0x000001b18fc90000-0x000001b18fc90000), size 13172736, SharedBaseAddress: 0x000001b18f000000, ArchiveRelocationMode: 1.
Compressed class space mapped at: 0x000001b190000000-0x000001b1a4000000, reserved size: 335544320
Narrow klass base: 0x000001b18f000000, Narrow klass shift: 0, Narrow klass range: 0x100000000

GC Precious Log:
 CardTable entry size: 512
 Card Set container configuration: InlinePtr #cards 5 size 8 Array Of Cards #cards 12 size 40 Howl #buckets 4 coarsen threshold 1843 Howl Bitmap #cards 512 size 80 coarsen threshold 460 Card regions per heap region 1 cards per card region 2048
 CPUs: 8 total, 8 available
 Memory: 3977M
 Large Page Support: Disabled
 NUMA Support: Disabled
 Compressed Oops: Enabled (32-bit)
 Heap Region Size: 1M
 Heap Min Capacity: 256M
 Heap Initial Capacity: 256M
 Heap Max Capacity: 512M
 Pre-touch: Disabled
 Parallel Workers: 8
 Concurrent Workers: 2
 Concurrent Refinement Workers: 8
 Periodic GC: Disabled

Heap:
 garbage-first heap   total 262144K, used 77513K [0x00000000e0000000, 0x0000000100000000)
  region size 1024K, 49 young (50176K), 8 survivors (8192K)
 Metaspace       used 38620K, committed 40000K, reserved 393216K
  class space    used 5505K, committed 6208K, reserved 327680K

Heap Regions: E=young(eden), S=young(survivor), O=old, HS=humongous(starts), HC=humongous(continues), CS=collection set, F=free, TAMS=top-at-mark-start, PB=parsable bottom
|   0|0x00000000e0000000, 0x00000000e0100000, 0x00000000e0100000|100%|HS|  |TAMS 0x00000000e0000000| PB 0x00000000e0000000| Complete 
|   1|0x00000000e0100000, 0x00000000e0200000, 0x00000000e0200000|100%|HS|  |TAMS 0x00000000e0100000| PB 0x00000000e0100000| Complete 
|   2|0x00000000e0200000, 0x00000000e0300000, 0x00000000e0300000|100%|HC|  |TAMS 0x00000000e0200000| PB 0x00000000e0200000| Complete 
|   3|0x00000000e0300000, 0x00000000e0400000, 0x00000000e0400000|100%|HC|  |TAMS 0x00000000e0300000| PB 0x00000000e0300000| Complete 
|   4|0x00000000e0400000, 0x00000000e0500000, 0x00000000e0500000|100%|HC|  |TAMS 0x00000000e0400000| PB 0x00000000e0400000| Complete 
|   5|0x00000000e0500000, 0x00000000e0600000, 0x00000000e0600000|100%| O|  |TAMS 0x00000000e0500000| PB 0x00000000e0500000| Untracked 
|   6|0x00000000e0600000, 0x00000000e0700000, 0x00000000e0700000|100%| O|  |TAMS 0x00000000e0600000| PB 0x00000000e0600000| Untracked 
|   7|0x00000000e0700000, 0x00000000e0800000, 0x00000000e0800000|100%| O|  |TAMS 0x00000000e0700000| PB 0x00000000e0700000| Untracked 
|   8|0x00000000e0800000, 0x00000000e0900000, 0x00000000e0900000|100%|HS|  |TAMS 0x00000000e0800000| PB 0x00000000e0800000| Complete 
|   9|0x00000000e0900000, 0x00000000e0a00000, 0x00000000e0a00000|100%| O|  |TAMS 0x00000000e0900000| PB 0x00000000e0900000| Untracked 
|  10|0x00000000e0a00000, 0x00000000e0b00000, 0x00000000e0b00000|100%| O|  |TAMS 0x00000000e0a00000| PB 0x00000000e0a00000| Untracked 
|  11|0x00000000e0b00000, 0x00000000e0c00000, 0x00000000e0c00000|100%| O|  |TAMS 0x00000000e0b00000| PB 0x00000000e0b00000| Untracked 
|  12|0x00000000e0c00000, 0x00000000e0d00000, 0x00000000e0d00000|100%| O|  |TAMS 0x00000000e0c00000| PB 0x00000000e0c00000| Untracked 
|  13|0x00000000e0d00000, 0x00000000e0e00000, 0x00000000e0e00000|100%| O|  |TAMS 0x00000000e0d00000| PB 0x00000000e0d00000| Untracked 
|  14|0x00000000e0e00000, 0x00000000e0f00000, 0x00000000e0f00000|100%| O|  |TAMS 0x00000000e0e00000| PB 0x00000000e0e00000| Untracked 
|  15|0x00000000e0f00000, 0x00000000e1000000, 0x00000000e1000000|100%| O|Cm|TAMS 0x00000000e0f00000| PB 0x00000000e0f00000| Complete 
|  16|0x00000000e1000000, 0x00000000e1100000, 0x00000000e1100000|100%| O|  |TAMS 0x00000000e1000000| PB 0x00000000e1000000| Untracked 
|  17|0x00000000e1100000, 0x00000000e1200000, 0x00000000e1200000|100%| O|  |TAMS 0x00000000e1100000| PB 0x00000000e1100000| Untracked 
|  18|0x00000000e1200000, 0x00000000e1300000, 0x00000000e1300000|100%| O|  |TAMS 0x00000000e1200000| PB 0x00000000e1200000| Untracked 
|  19|0x00000000e1300000, 0x00000000e1400000, 0x00000000e1400000|100%| O|  |TAMS 0x00000000e1300000| PB 0x00000000e1300000| Untracked 
|  20|0x00000000e1400000, 0x00000000e1500000, 0x00000000e1500000|100%| O|  |TAMS 0x00000000e1400000| PB 0x00000000e1400000| Untracked 
|  21|0x00000000e1500000, 0x00000000e1600000, 0x00000000e1600000|100%| O|  |TAMS 0x00000000e1500000| PB 0x00000000e1500000| Untracked 
|  22|0x00000000e1600000, 0x00000000e1700000, 0x00000000e1700000|100%| O|  |TAMS 0x00000000e1600000| PB 0x00000000e1600000| Untracked 
|  23|0x00000000e1700000, 0x00000000e1800000, 0x00000000e1800000|100%| O|  |TAMS 0x00000000e1700000| PB 0x00000000e1700000| Untracked 
|  24|0x00000000e1800000, 0x00000000e18b27a0, 0x00000000e1900000| 69%| O|  |TAMS 0x00000000e1800000| PB 0x00000000e1800000| Untracked 
|  25|0x00000000e1900000, 0x00000000e1a00000, 0x00000000e1a00000|100%|HS|  |TAMS 0x00000000e1900000| PB 0x00000000e1900000| Complete 
|  26|0x00000000e1a00000, 0x00000000e1b00000, 0x00000000e1b00000|100%|HC|  |TAMS 0x00000000e1a00000| PB 0x00000000e1a00000| Complete 
|  27|0x00000000e1b00000, 0x00000000e1c00000, 0x00000000e1c00000|100%|HS|  |TAMS 0x00000000e1b00000| PB 0x00000000e1b00000| Complete 
|  28|0x00000000e1c00000, 0x00000000e1d00000, 0x00000000e1d00000|100%|HC|  |TAMS 0x00000000e1c00000| PB 0x00000000e1c00000| Complete 
|  29|0x00000000e1d00000, 0x00000000e1d00000, 0x00000000e1e00000|  0%| F|  |TAMS 0x00000000e1d00000| PB 0x00000000e1d00000| Untracked 
|  30|0x00000000e1e00000, 0x00000000e1e00000, 0x00000000e1f00000|  0%| F|  |TAMS 0x00000000e1e00000| PB 0x00000000e1e00000| Untracked 
|  31|0x00000000e1f00000, 0x00000000e1f00000, 0x00000000e2000000|  0%| F|  |TAMS 0x00000000e1f00000| PB 0x00000000e1f00000| Untracked 
|  32|0x00000000e2000000, 0x00000000e2000000, 0x00000000e2100000|  0%| F|  |TAMS 0x00000000e2000000| PB 0x00000000e2000000| Untracked 
|  33|0x00000000e2100000, 0x00000000e2100000, 0x00000000e2200000|  0%| F|  |TAMS 0x00000000e2100000| PB 0x00000000e2100000| Untracked 
|  34|0x00000000e2200000, 0x00000000e2200000, 0x00000000e2300000|  0%| F|  |TAMS 0x00000000e2200000| PB 0x00000000e2200000| Untracked 
|  35|0x00000000e2300000, 0x00000000e2300000, 0x00000000e2400000|  0%| F|  |TAMS 0x00000000e2300000| PB 0x00000000e2300000| Untracked 
|  36|0x00000000e2400000, 0x00000000e2400000, 0x00000000e2500000|  0%| F|  |TAMS 0x00000000e2400000| PB 0x00000000e2400000| Untracked 
|  37|0x00000000e2500000, 0x00000000e2500000, 0x00000000e2600000|  0%| F|  |TAMS 0x00000000e2500000| PB 0x00000000e2500000| Untracked 
|  38|0x00000000e2600000, 0x00000000e2600000, 0x00000000e2700000|  0%| F|  |TAMS 0x00000000e2600000| PB 0x00000000e2600000| Untracked 
|  39|0x00000000e2700000, 0x00000000e2700000, 0x00000000e2800000|  0%| F|  |TAMS 0x00000000e2700000| PB 0x00000000e2700000| Untracked 
|  40|0x00000000e2800000, 0x00000000e2800000, 0x00000000e2900000|  0%| F|  |TAMS 0x00000000e2800000| PB 0x00000000e2800000| Untracked 
|  41|0x00000000e2900000, 0x00000000e2900000, 0x00000000e2a00000|  0%| F|  |TAMS 0x00000000e2900000| PB 0x00000000e2900000| Untracked 
|  42|0x00000000e2a00000, 0x00000000e2a00000, 0x00000000e2b00000|  0%| F|  |TAMS 0x00000000e2a00000| PB 0x00000000e2a00000| Untracked 
|  43|0x00000000e2b00000, 0x00000000e2b00000, 0x00000000e2c00000|  0%| F|  |TAMS 0x00000000e2b00000| PB 0x00000000e2b00000| Untracked 
|  44|0x00000000e2c00000, 0x00000000e2c00000, 0x00000000e2d00000|  0%| F|  |TAMS 0x00000000e2c00000| PB 0x00000000e2c00000| Untracked 
|  45|0x00000000e2d00000, 0x00000000e2d00000, 0x00000000e2e00000|  0%| F|  |TAMS 0x00000000e2d00000| PB 0x00000000e2d00000| Untracked 
|  46|0x00000000e2e00000, 0x00000000e2e00000, 0x00000000e2f00000|  0%| F|  |TAMS 0x00000000e2e00000| PB 0x00000000e2e00000| Untracked 
|  47|0x00000000e2f00000, 0x00000000e2f00000, 0x00000000e3000000|  0%| F|  |TAMS 0x00000000e2f00000| PB 0x00000000e2f00000| Untracked 
|  48|0x00000000e3000000, 0x00000000e3000000, 0x00000000e3100000|  0%| F|  |TAMS 0x00000000e3000000| PB 0x00000000e3000000| Untracked 
|  49|0x00000000e3100000, 0x00000000e3100000, 0x00000000e3200000|  0%| F|  |TAMS 0x00000000e3100000| PB 0x00000000e3100000| Untracked 
|  50|0x00000000e3200000, 0x00000000e3200000, 0x00000000e3300000|  0%| F|  |TAMS 0x00000000e3200000| PB 0x00000000e3200000| Untracked 
|  51|0x00000000e3300000, 0x00000000e3300000, 0x00000000e3400000|  0%| F|  |TAMS 0x00000000e3300000| PB 0x00000000e3300000| Untracked 
|  52|0x00000000e3400000, 0x00000000e3400000, 0x00000000e3500000|  0%| F|  |TAMS 0x00000000e3400000| PB 0x00000000e3400000| Untracked 
|  53|0x00000000e3500000, 0x00000000e3500000, 0x00000000e3600000|  0%| F|  |TAMS 0x00000000e3500000| PB 0x00000000e3500000| Untracked 
|  54|0x00000000e3600000, 0x00000000e3600000, 0x00000000e3700000|  0%| F|  |TAMS 0x00000000e3600000| PB 0x00000000e3600000| Untracked 
|  55|0x00000000e3700000, 0x00000000e3700000, 0x00000000e3800000|  0%| F|  |TAMS 0x00000000e3700000| PB 0x00000000e3700000| Untracked 
|  56|0x00000000e3800000, 0x00000000e3800000, 0x00000000e3900000|  0%| F|  |TAMS 0x00000000e3800000| PB 0x00000000e3800000| Untracked 
|  57|0x00000000e3900000, 0x00000000e3900000, 0x00000000e3a00000|  0%| F|  |TAMS 0x00000000e3900000| PB 0x00000000e3900000| Untracked 
|  58|0x00000000e3a00000, 0x00000000e3a00000, 0x00000000e3b00000|  0%| F|  |TAMS 0x00000000e3a00000| PB 0x00000000e3a00000| Untracked 
|  59|0x00000000e3b00000, 0x00000000e3b00000, 0x00000000e3c00000|  0%| F|  |TAMS 0x00000000e3b00000| PB 0x00000000e3b00000| Untracked 
|  60|0x00000000e3c00000, 0x00000000e3c00000, 0x00000000e3d00000|  0%| F|  |TAMS 0x00000000e3c00000| PB 0x00000000e3c00000| Untracked 
|  61|0x00000000e3d00000, 0x00000000e3d00000, 0x00000000e3e00000|  0%| F|  |TAMS 0x00000000e3d00000| PB 0x00000000e3d00000| Untracked 
|  62|0x00000000e3e00000, 0x00000000e3e00000, 0x00000000e3f00000|  0%| F|  |TAMS 0x00000000e3e00000| PB 0x00000000e3e00000| Untracked 
|  63|0x00000000e3f00000, 0x00000000e3f00000, 0x00000000e4000000|  0%| F|  |TAMS 0x00000000e3f00000| PB 0x00000000e3f00000| Untracked 
|  64|0x00000000e4000000, 0x00000000e4000000, 0x00000000e4100000|  0%| F|  |TAMS 0x00000000e4000000| PB 0x00000000e4000000| Untracked 
|  65|0x00000000e4100000, 0x00000000e4100000, 0x00000000e4200000|  0%| F|  |TAMS 0x00000000e4100000| PB 0x00000000e4100000| Untracked 
|  66|0x00000000e4200000, 0x00000000e4200000, 0x00000000e4300000|  0%| F|  |TAMS 0x00000000e4200000| PB 0x00000000e4200000| Untracked 
|  67|0x00000000e4300000, 0x00000000e4300000, 0x00000000e4400000|  0%| F|  |TAMS 0x00000000e4300000| PB 0x00000000e4300000| Untracked 
|  68|0x00000000e4400000, 0x00000000e4400000, 0x00000000e4500000|  0%| F|  |TAMS 0x00000000e4400000| PB 0x00000000e4400000| Untracked 
|  69|0x00000000e4500000, 0x00000000e4500000, 0x00000000e4600000|  0%| F|  |TAMS 0x00000000e4500000| PB 0x00000000e4500000| Untracked 
|  70|0x00000000e4600000, 0x00000000e4600000, 0x00000000e4700000|  0%| F|  |TAMS 0x00000000e4600000| PB 0x00000000e4600000| Untracked 
|  71|0x00000000e4700000, 0x00000000e4700000, 0x00000000e4800000|  0%| F|  |TAMS 0x00000000e4700000| PB 0x00000000e4700000| Untracked 
|  72|0x00000000e4800000, 0x00000000e4800000, 0x00000000e4900000|  0%| F|  |TAMS 0x00000000e4800000| PB 0x00000000e4800000| Untracked 
|  73|0x00000000e4900000, 0x00000000e4900000, 0x00000000e4a00000|  0%| F|  |TAMS 0x00000000e4900000| PB 0x00000000e4900000| Untracked 
|  74|0x00000000e4a00000, 0x00000000e4a00000, 0x00000000e4b00000|  0%| F|  |TAMS 0x00000000e4a00000| PB 0x00000000e4a00000| Untracked 
|  75|0x00000000e4b00000, 0x00000000e4b00000, 0x00000000e4c00000|  0%| F|  |TAMS 0x00000000e4b00000| PB 0x00000000e4b00000| Untracked 
|  76|0x00000000e4c00000, 0x00000000e4c00000, 0x00000000e4d00000|  0%| F|  |TAMS 0x00000000e4c00000| PB 0x00000000e4c00000| Untracked 
|  77|0x00000000e4d00000, 0x00000000e4d00000, 0x00000000e4e00000|  0%| F|  |TAMS 0x00000000e4d00000| PB 0x00000000e4d00000| Untracked 
|  78|0x00000000e4e00000, 0x00000000e4e00000, 0x00000000e4f00000|  0%| F|  |TAMS 0x00000000e4e00000| PB 0x00000000e4e00000| Untracked 
|  79|0x00000000e4f00000, 0x00000000e4f00000, 0x00000000e5000000|  0%| F|  |TAMS 0x00000000e4f00000| PB 0x00000000e4f00000| Untracked 
|  80|0x00000000e5000000, 0x00000000e5000000, 0x00000000e5100000|  0%| F|  |TAMS 0x00000000e5000000| PB 0x00000000e5000000| Untracked 
|  81|0x00000000e5100000, 0x00000000e5100000, 0x00000000e5200000|  0%| F|  |TAMS 0x00000000e5100000| PB 0x00000000e5100000| Untracked 
|  82|0x00000000e5200000, 0x00000000e5200000, 0x00000000e5300000|  0%| F|  |TAMS 0x00000000e5200000| PB 0x00000000e5200000| Untracked 
|  83|0x00000000e5300000, 0x00000000e5300000, 0x00000000e5400000|  0%| F|  |TAMS 0x00000000e5300000| PB 0x00000000e5300000| Untracked 
|  84|0x00000000e5400000, 0x00000000e5400000, 0x00000000e5500000|  0%| F|  |TAMS 0x00000000e5400000| PB 0x00000000e5400000| Untracked 
|  85|0x00000000e5500000, 0x00000000e5500000, 0x00000000e5600000|  0%| F|  |TAMS 0x00000000e5500000| PB 0x00000000e5500000| Untracked 
|  86|0x00000000e5600000, 0x00000000e5600000, 0x00000000e5700000|  0%| F|  |TAMS 0x00000000e5600000| PB 0x00000000e5600000| Untracked 
|  87|0x00000000e5700000, 0x00000000e5700000, 0x00000000e5800000|  0%| F|  |TAMS 0x00000000e5700000| PB 0x00000000e5700000| Untracked 
|  88|0x00000000e5800000, 0x00000000e5800000, 0x00000000e5900000|  0%| F|  |TAMS 0x00000000e5800000| PB 0x00000000e5800000| Untracked 
|  89|0x00000000e5900000, 0x00000000e5900000, 0x00000000e5a00000|  0%| F|  |TAMS 0x00000000e5900000| PB 0x00000000e5900000| Untracked 
|  90|0x00000000e5a00000, 0x00000000e5a00000, 0x00000000e5b00000|  0%| F|  |TAMS 0x00000000e5a00000| PB 0x00000000e5a00000| Untracked 
|  91|0x00000000e5b00000, 0x00000000e5b00000, 0x00000000e5c00000|  0%| F|  |TAMS 0x00000000e5b00000| PB 0x00000000e5b00000| Untracked 
|  92|0x00000000e5c00000, 0x00000000e5c00000, 0x00000000e5d00000|  0%| F|  |TAMS 0x00000000e5c00000| PB 0x00000000e5c00000| Untracked 
|  93|0x00000000e5d00000, 0x00000000e5d00000, 0x00000000e5e00000|  0%| F|  |TAMS 0x00000000e5d00000| PB 0x00000000e5d00000| Untracked 
|  94|0x00000000e5e00000, 0x00000000e5e00000, 0x00000000e5f00000|  0%| F|  |TAMS 0x00000000e5e00000| PB 0x00000000e5e00000| Untracked 
|  95|0x00000000e5f00000, 0x00000000e5f00000, 0x00000000e6000000|  0%| F|  |TAMS 0x00000000e5f00000| PB 0x00000000e5f00000| Untracked 
|  96|0x00000000e6000000, 0x00000000e6000000, 0x00000000e6100000|  0%| F|  |TAMS 0x00000000e6000000| PB 0x00000000e6000000| Untracked 
|  97|0x00000000e6100000, 0x00000000e6100000, 0x00000000e6200000|  0%| F|  |TAMS 0x00000000e6100000| PB 0x00000000e6100000| Untracked 
|  98|0x00000000e6200000, 0x00000000e6200000, 0x00000000e6300000|  0%| F|  |TAMS 0x00000000e6200000| PB 0x00000000e6200000| Untracked 
|  99|0x00000000e6300000, 0x00000000e6300000, 0x00000000e6400000|  0%| F|  |TAMS 0x00000000e6300000| PB 0x00000000e6300000| Untracked 
| 100|0x00000000e6400000, 0x00000000e6400000, 0x00000000e6500000|  0%| F|  |TAMS 0x00000000e6400000| PB 0x00000000e6400000| Untracked 
| 101|0x00000000e6500000, 0x00000000e6500000, 0x00000000e6600000|  0%| F|  |TAMS 0x00000000e6500000| PB 0x00000000e6500000| Untracked 
| 102|0x00000000e6600000, 0x00000000e6600000, 0x00000000e6700000|  0%| F|  |TAMS 0x00000000e6600000| PB 0x00000000e6600000| Untracked 
| 103|0x00000000e6700000, 0x00000000e6700000, 0x00000000e6800000|  0%| F|  |TAMS 0x00000000e6700000| PB 0x00000000e6700000| Untracked 
| 104|0x00000000e6800000, 0x00000000e6800000, 0x00000000e6900000|  0%| F|  |TAMS 0x00000000e6800000| PB 0x00000000e6800000| Untracked 
| 105|0x00000000e6900000, 0x00000000e6900000, 0x00000000e6a00000|  0%| F|  |TAMS 0x00000000e6900000| PB 0x00000000e6900000| Untracked 
| 106|0x00000000e6a00000, 0x00000000e6a00000, 0x00000000e6b00000|  0%| F|  |TAMS 0x00000000e6a00000| PB 0x00000000e6a00000| Untracked 
| 107|0x00000000e6b00000, 0x00000000e6b00000, 0x00000000e6c00000|  0%| F|  |TAMS 0x00000000e6b00000| PB 0x00000000e6b00000| Untracked 
| 108|0x00000000e6c00000, 0x00000000e6c00000, 0x00000000e6d00000|  0%| F|  |TAMS 0x00000000e6c00000| PB 0x00000000e6c00000| Untracked 
| 109|0x00000000e6d00000, 0x00000000e6d00000, 0x00000000e6e00000|  0%| F|  |TAMS 0x00000000e6d00000| PB 0x00000000e6d00000| Untracked 
| 110|0x00000000e6e00000, 0x00000000e6e00000, 0x00000000e6f00000|  0%| F|  |TAMS 0x00000000e6e00000| PB 0x00000000e6e00000| Untracked 
| 111|0x00000000e6f00000, 0x00000000e6f00000, 0x00000000e7000000|  0%| F|  |TAMS 0x00000000e6f00000| PB 0x00000000e6f00000| Untracked 
| 112|0x00000000e7000000, 0x00000000e7000000, 0x00000000e7100000|  0%| F|  |TAMS 0x00000000e7000000| PB 0x00000000e7000000| Untracked 
| 113|0x00000000e7100000, 0x00000000e7100000, 0x00000000e7200000|  0%| F|  |TAMS 0x00000000e7100000| PB 0x00000000e7100000| Untracked 
| 114|0x00000000e7200000, 0x00000000e7200000, 0x00000000e7300000|  0%| F|  |TAMS 0x00000000e7200000| PB 0x00000000e7200000| Untracked 
| 115|0x00000000e7300000, 0x00000000e7300000, 0x00000000e7400000|  0%| F|  |TAMS 0x00000000e7300000| PB 0x00000000e7300000| Untracked 
| 116|0x00000000e7400000, 0x00000000e7400000, 0x00000000e7500000|  0%| F|  |TAMS 0x00000000e7400000| PB 0x00000000e7400000| Untracked 
| 117|0x00000000e7500000, 0x00000000e7500000, 0x00000000e7600000|  0%| F|  |TAMS 0x00000000e7500000| PB 0x00000000e7500000| Untracked 
| 118|0x00000000e7600000, 0x00000000e7600000, 0x00000000e7700000|  0%| F|  |TAMS 0x00000000e7600000| PB 0x00000000e7600000| Untracked 
| 119|0x00000000e7700000, 0x00000000e7700000, 0x00000000e7800000|  0%| F|  |TAMS 0x00000000e7700000| PB 0x00000000e7700000| Untracked 
| 120|0x00000000e7800000, 0x00000000e7800000, 0x00000000e7900000|  0%| F|  |TAMS 0x00000000e7800000| PB 0x00000000e7800000| Untracked 
| 121|0x00000000e7900000, 0x00000000e7900000, 0x00000000e7a00000|  0%| F|  |TAMS 0x00000000e7900000| PB 0x00000000e7900000| Untracked 
| 122|0x00000000e7a00000, 0x00000000e7a00000, 0x00000000e7b00000|  0%| F|  |TAMS 0x00000000e7a00000| PB 0x00000000e7a00000| Untracked 
| 123|0x00000000e7b00000, 0x00000000e7b00000, 0x00000000e7c00000|  0%| F|  |TAMS 0x00000000e7b00000| PB 0x00000000e7b00000| Untracked 
| 124|0x00000000e7c00000, 0x00000000e7c00000, 0x00000000e7d00000|  0%| F|  |TAMS 0x00000000e7c00000| PB 0x00000000e7c00000| Untracked 
| 125|0x00000000e7d00000, 0x00000000e7d00000, 0x00000000e7e00000|  0%| F|  |TAMS 0x00000000e7d00000| PB 0x00000000e7d00000| Untracked 
| 126|0x00000000e7e00000, 0x00000000e7e00000, 0x00000000e7f00000|  0%| F|  |TAMS 0x00000000e7e00000| PB 0x00000000e7e00000| Untracked 
| 127|0x00000000e7f00000, 0x00000000e7f00000, 0x00000000e8000000|  0%| F|  |TAMS 0x00000000e7f00000| PB 0x00000000e7f00000| Untracked 
| 128|0x00000000e8000000, 0x00000000e8000000, 0x00000000e8100000|  0%| F|  |TAMS 0x00000000e8000000| PB 0x00000000e8000000| Untracked 
| 129|0x00000000e8100000, 0x00000000e8100000, 0x00000000e8200000|  0%| F|  |TAMS 0x00000000e8100000| PB 0x00000000e8100000| Untracked 
| 130|0x00000000e8200000, 0x00000000e8200000, 0x00000000e8300000|  0%| F|  |TAMS 0x00000000e8200000| PB 0x00000000e8200000| Untracked 
| 131|0x00000000e8300000, 0x00000000e8300000, 0x00000000e8400000|  0%| F|  |TAMS 0x00000000e8300000| PB 0x00000000e8300000| Untracked 
| 132|0x00000000e8400000, 0x00000000e8400000, 0x00000000e8500000|  0%| F|  |TAMS 0x00000000e8400000| PB 0x00000000e8400000| Untracked 
| 133|0x00000000e8500000, 0x00000000e8500000, 0x00000000e8600000|  0%| F|  |TAMS 0x00000000e8500000| PB 0x00000000e8500000| Untracked 
| 134|0x00000000e8600000, 0x00000000e8600000, 0x00000000e8700000|  0%| F|  |TAMS 0x00000000e8600000| PB 0x00000000e8600000| Untracked 
| 135|0x00000000e8700000, 0x00000000e8700000, 0x00000000e8800000|  0%| F|  |TAMS 0x00000000e8700000| PB 0x00000000e8700000| Untracked 
| 136|0x00000000e8800000, 0x00000000e8800000, 0x00000000e8900000|  0%| F|  |TAMS 0x00000000e8800000| PB 0x00000000e8800000| Untracked 
| 137|0x00000000e8900000, 0x00000000e8900000, 0x00000000e8a00000|  0%| F|  |TAMS 0x00000000e8900000| PB 0x00000000e8900000| Untracked 
| 138|0x00000000e8a00000, 0x00000000e8a00000, 0x00000000e8b00000|  0%| F|  |TAMS 0x00000000e8a00000| PB 0x00000000e8a00000| Untracked 
| 139|0x00000000e8b00000, 0x00000000e8b00000, 0x00000000e8c00000|  0%| F|  |TAMS 0x00000000e8b00000| PB 0x00000000e8b00000| Untracked 
| 140|0x00000000e8c00000, 0x00000000e8c00000, 0x00000000e8d00000|  0%| F|  |TAMS 0x00000000e8c00000| PB 0x00000000e8c00000| Untracked 
| 141|0x00000000e8d00000, 0x00000000e8d00000, 0x00000000e8e00000|  0%| F|  |TAMS 0x00000000e8d00000| PB 0x00000000e8d00000| Untracked 
| 142|0x00000000e8e00000, 0x00000000e8e00000, 0x00000000e8f00000|  0%| F|  |TAMS 0x00000000e8e00000| PB 0x00000000e8e00000| Untracked 
| 143|0x00000000e8f00000, 0x00000000e8f00000, 0x00000000e9000000|  0%| F|  |TAMS 0x00000000e8f00000| PB 0x00000000e8f00000| Untracked 
| 144|0x00000000e9000000, 0x00000000e9000000, 0x00000000e9100000|  0%| F|  |TAMS 0x00000000e9000000| PB 0x00000000e9000000| Untracked 
| 145|0x00000000e9100000, 0x00000000e9100000, 0x00000000e9200000|  0%| F|  |TAMS 0x00000000e9100000| PB 0x00000000e9100000| Untracked 
| 146|0x00000000e9200000, 0x00000000e9200000, 0x00000000e9300000|  0%| F|  |TAMS 0x00000000e9200000| PB 0x00000000e9200000| Untracked 
| 147|0x00000000e9300000, 0x00000000e9300000, 0x00000000e9400000|  0%| F|  |TAMS 0x00000000e9300000| PB 0x00000000e9300000| Untracked 
| 148|0x00000000e9400000, 0x00000000e9400000, 0x00000000e9500000|  0%| F|  |TAMS 0x00000000e9400000| PB 0x00000000e9400000| Untracked 
| 149|0x00000000e9500000, 0x00000000e9500000, 0x00000000e9600000|  0%| F|  |TAMS 0x00000000e9500000| PB 0x00000000e9500000| Untracked 
| 150|0x00000000e9600000, 0x00000000e9600000, 0x00000000e9700000|  0%| F|  |TAMS 0x00000000e9600000| PB 0x00000000e9600000| Untracked 
| 151|0x00000000e9700000, 0x00000000e9700000, 0x00000000e9800000|  0%| F|  |TAMS 0x00000000e9700000| PB 0x00000000e9700000| Untracked 
| 152|0x00000000e9800000, 0x00000000e9800000, 0x00000000e9900000|  0%| F|  |TAMS 0x00000000e9800000| PB 0x00000000e9800000| Untracked 
| 153|0x00000000e9900000, 0x00000000e9900000, 0x00000000e9a00000|  0%| F|  |TAMS 0x00000000e9900000| PB 0x00000000e9900000| Untracked 
| 154|0x00000000e9a00000, 0x00000000e9a00000, 0x00000000e9b00000|  0%| F|  |TAMS 0x00000000e9a00000| PB 0x00000000e9a00000| Untracked 
| 155|0x00000000e9b00000, 0x00000000e9b00000, 0x00000000e9c00000|  0%| F|  |TAMS 0x00000000e9b00000| PB 0x00000000e9b00000| Untracked 
| 156|0x00000000e9c00000, 0x00000000e9c00000, 0x00000000e9d00000|  0%| F|  |TAMS 0x00000000e9c00000| PB 0x00000000e9c00000| Untracked 
| 157|0x00000000e9d00000, 0x00000000e9d00000, 0x00000000e9e00000|  0%| F|  |TAMS 0x00000000e9d00000| PB 0x00000000e9d00000| Untracked 
| 158|0x00000000e9e00000, 0x00000000e9e00000, 0x00000000e9f00000|  0%| F|  |TAMS 0x00000000e9e00000| PB 0x00000000e9e00000| Untracked 
| 159|0x00000000e9f00000, 0x00000000e9f00000, 0x00000000ea000000|  0%| F|  |TAMS 0x00000000e9f00000| PB 0x00000000e9f00000| Untracked 
| 160|0x00000000ea000000, 0x00000000ea000000, 0x00000000ea100000|  0%| F|  |TAMS 0x00000000ea000000| PB 0x00000000ea000000| Untracked 
| 161|0x00000000ea100000, 0x00000000ea100000, 0x00000000ea200000|  0%| F|  |TAMS 0x00000000ea100000| PB 0x00000000ea100000| Untracked 
| 162|0x00000000ea200000, 0x00000000ea200000, 0x00000000ea300000|  0%| F|  |TAMS 0x00000000ea200000| PB 0x00000000ea200000| Untracked 
| 163|0x00000000ea300000, 0x00000000ea300000, 0x00000000ea400000|  0%| F|  |TAMS 0x00000000ea300000| PB 0x00000000ea300000| Untracked 
| 164|0x00000000ea400000, 0x00000000ea400000, 0x00000000ea500000|  0%| F|  |TAMS 0x00000000ea400000| PB 0x00000000ea400000| Untracked 
| 165|0x00000000ea500000, 0x00000000ea500000, 0x00000000ea600000|  0%| F|  |TAMS 0x00000000ea500000| PB 0x00000000ea500000| Untracked 
| 166|0x00000000ea600000, 0x00000000ea600000, 0x00000000ea700000|  0%| F|  |TAMS 0x00000000ea600000| PB 0x00000000ea600000| Untracked 
| 167|0x00000000ea700000, 0x00000000ea700000, 0x00000000ea800000|  0%| F|  |TAMS 0x00000000ea700000| PB 0x00000000ea700000| Untracked 
| 168|0x00000000ea800000, 0x00000000ea800000, 0x00000000ea900000|  0%| F|  |TAMS 0x00000000ea800000| PB 0x00000000ea800000| Untracked 
| 169|0x00000000ea900000, 0x00000000ea900000, 0x00000000eaa00000|  0%| F|  |TAMS 0x00000000ea900000| PB 0x00000000ea900000| Untracked 
| 170|0x00000000eaa00000, 0x00000000eaa00000, 0x00000000eab00000|  0%| F|  |TAMS 0x00000000eaa00000| PB 0x00000000eaa00000| Untracked 
| 171|0x00000000eab00000, 0x00000000eab00000, 0x00000000eac00000|  0%| F|  |TAMS 0x00000000eab00000| PB 0x00000000eab00000| Untracked 
| 172|0x00000000eac00000, 0x00000000eac00000, 0x00000000ead00000|  0%| F|  |TAMS 0x00000000eac00000| PB 0x00000000eac00000| Untracked 
| 173|0x00000000ead00000, 0x00000000ead00000, 0x00000000eae00000|  0%| F|  |TAMS 0x00000000ead00000| PB 0x00000000ead00000| Untracked 
| 174|0x00000000eae00000, 0x00000000eae00000, 0x00000000eaf00000|  0%| F|  |TAMS 0x00000000eae00000| PB 0x00000000eae00000| Untracked 
| 175|0x00000000eaf00000, 0x00000000eaf00000, 0x00000000eb000000|  0%| F|  |TAMS 0x00000000eaf00000| PB 0x00000000eaf00000| Untracked 
| 176|0x00000000eb000000, 0x00000000eb000000, 0x00000000eb100000|  0%| F|  |TAMS 0x00000000eb000000| PB 0x00000000eb000000| Untracked 
| 177|0x00000000eb100000, 0x00000000eb100000, 0x00000000eb200000|  0%| F|  |TAMS 0x00000000eb100000| PB 0x00000000eb100000| Untracked 
| 178|0x00000000eb200000, 0x00000000eb200000, 0x00000000eb300000|  0%| F|  |TAMS 0x00000000eb200000| PB 0x00000000eb200000| Untracked 
| 179|0x00000000eb300000, 0x00000000eb300000, 0x00000000eb400000|  0%| F|  |TAMS 0x00000000eb300000| PB 0x00000000eb300000| Untracked 
| 180|0x00000000eb400000, 0x00000000eb400000, 0x00000000eb500000|  0%| F|  |TAMS 0x00000000eb400000| PB 0x00000000eb400000| Untracked 
| 181|0x00000000eb500000, 0x00000000eb500000, 0x00000000eb600000|  0%| F|  |TAMS 0x00000000eb500000| PB 0x00000000eb500000| Untracked 
| 182|0x00000000eb600000, 0x00000000eb600000, 0x00000000eb700000|  0%| F|  |TAMS 0x00000000eb600000| PB 0x00000000eb600000| Untracked 
| 183|0x00000000eb700000, 0x00000000eb700000, 0x00000000eb800000|  0%| F|  |TAMS 0x00000000eb700000| PB 0x00000000eb700000| Untracked 
| 184|0x00000000eb800000, 0x00000000eb800000, 0x00000000eb900000|  0%| F|  |TAMS 0x00000000eb800000| PB 0x00000000eb800000| Untracked 
| 185|0x00000000eb900000, 0x00000000eb900000, 0x00000000eba00000|  0%| F|  |TAMS 0x00000000eb900000| PB 0x00000000eb900000| Untracked 
| 186|0x00000000eba00000, 0x00000000eba00000, 0x00000000ebb00000|  0%| F|  |TAMS 0x00000000eba00000| PB 0x00000000eba00000| Untracked 
| 187|0x00000000ebb00000, 0x00000000ebb00000, 0x00000000ebc00000|  0%| F|  |TAMS 0x00000000ebb00000| PB 0x00000000ebb00000| Untracked 
| 188|0x00000000ebc00000, 0x00000000ebc00000, 0x00000000ebd00000|  0%| F|  |TAMS 0x00000000ebc00000| PB 0x00000000ebc00000| Untracked 
| 189|0x00000000ebd00000, 0x00000000ebd00000, 0x00000000ebe00000|  0%| F|  |TAMS 0x00000000ebd00000| PB 0x00000000ebd00000| Untracked 
| 190|0x00000000ebe00000, 0x00000000ebe00000, 0x00000000ebf00000|  0%| F|  |TAMS 0x00000000ebe00000| PB 0x00000000ebe00000| Untracked 
| 191|0x00000000ebf00000, 0x00000000ebf00000, 0x00000000ec000000|  0%| F|  |TAMS 0x00000000ebf00000| PB 0x00000000ebf00000| Untracked 
| 192|0x00000000ec000000, 0x00000000ec000000, 0x00000000ec100000|  0%| F|  |TAMS 0x00000000ec000000| PB 0x00000000ec000000| Untracked 
| 193|0x00000000ec100000, 0x00000000ec100000, 0x00000000ec200000|  0%| F|  |TAMS 0x00000000ec100000| PB 0x00000000ec100000| Untracked 
| 194|0x00000000ec200000, 0x00000000ec200000, 0x00000000ec300000|  0%| F|  |TAMS 0x00000000ec200000| PB 0x00000000ec200000| Untracked 
| 195|0x00000000ec300000, 0x00000000ec300000, 0x00000000ec400000|  0%| F|  |TAMS 0x00000000ec300000| PB 0x00000000ec300000| Untracked 
| 196|0x00000000ec400000, 0x00000000ec400000, 0x00000000ec500000|  0%| F|  |TAMS 0x00000000ec400000| PB 0x00000000ec400000| Untracked 
| 197|0x00000000ec500000, 0x00000000ec500000, 0x00000000ec600000|  0%| F|  |TAMS 0x00000000ec500000| PB 0x00000000ec500000| Untracked 
| 198|0x00000000ec600000, 0x00000000ec600000, 0x00000000ec700000|  0%| F|  |TAMS 0x00000000ec600000| PB 0x00000000ec600000| Untracked 
| 199|0x00000000ec700000, 0x00000000ec700000, 0x00000000ec800000|  0%| F|  |TAMS 0x00000000ec700000| PB 0x00000000ec700000| Untracked 
| 200|0x00000000ec800000, 0x00000000ec800000, 0x00000000ec900000|  0%| F|  |TAMS 0x00000000ec800000| PB 0x00000000ec800000| Untracked 
| 201|0x00000000ec900000, 0x00000000ec900000, 0x00000000eca00000|  0%| F|  |TAMS 0x00000000ec900000| PB 0x00000000ec900000| Untracked 
| 202|0x00000000eca00000, 0x00000000eca00000, 0x00000000ecb00000|  0%| F|  |TAMS 0x00000000eca00000| PB 0x00000000eca00000| Untracked 
| 203|0x00000000ecb00000, 0x00000000ecb00000, 0x00000000ecc00000|  0%| F|  |TAMS 0x00000000ecb00000| PB 0x00000000ecb00000| Untracked 
| 204|0x00000000ecc00000, 0x00000000ecc00000, 0x00000000ecd00000|  0%| F|  |TAMS 0x00000000ecc00000| PB 0x00000000ecc00000| Untracked 
| 205|0x00000000ecd00000, 0x00000000ecd00000, 0x00000000ece00000|  0%| F|  |TAMS 0x00000000ecd00000| PB 0x00000000ecd00000| Untracked 
| 206|0x00000000ece00000, 0x00000000ece00000, 0x00000000ecf00000|  0%| F|  |TAMS 0x00000000ece00000| PB 0x00000000ece00000| Untracked 
| 207|0x00000000ecf00000, 0x00000000ed000000, 0x00000000ed000000|100%| E|  |TAMS 0x00000000ecf00000| PB 0x00000000ecf00000| Complete 
| 208|0x00000000ed000000, 0x00000000ed100000, 0x00000000ed100000|100%| E|CS|TAMS 0x00000000ed000000| PB 0x00000000ed000000| Complete 
| 209|0x00000000ed100000, 0x00000000ed200000, 0x00000000ed200000|100%| E|CS|TAMS 0x00000000ed100000| PB 0x00000000ed100000| Complete 
| 210|0x00000000ed200000, 0x00000000ed300000, 0x00000000ed300000|100%| E|CS|TAMS 0x00000000ed200000| PB 0x00000000ed200000| Complete 
| 211|0x00000000ed300000, 0x00000000ed400000, 0x00000000ed400000|100%| E|CS|TAMS 0x00000000ed300000| PB 0x00000000ed300000| Complete 
| 212|0x00000000ed400000, 0x00000000ed500000, 0x00000000ed500000|100%| E|CS|TAMS 0x00000000ed400000| PB 0x00000000ed400000| Complete 
| 213|0x00000000ed500000, 0x00000000ed600000, 0x00000000ed600000|100%| E|CS|TAMS 0x00000000ed500000| PB 0x00000000ed500000| Complete 
| 214|0x00000000ed600000, 0x00000000ed700000, 0x00000000ed700000|100%| E|CS|TAMS 0x00000000ed600000| PB 0x00000000ed600000| Complete 
| 215|0x00000000ed700000, 0x00000000ed800000, 0x00000000ed800000|100%| E|CS|TAMS 0x00000000ed700000| PB 0x00000000ed700000| Complete 
| 216|0x00000000ed800000, 0x00000000ed900000, 0x00000000ed900000|100%| E|CS|TAMS 0x00000000ed800000| PB 0x00000000ed800000| Complete 
| 217|0x00000000ed900000, 0x00000000eda00000, 0x00000000eda00000|100%| E|CS|TAMS 0x00000000ed900000| PB 0x00000000ed900000| Complete 
| 218|0x00000000eda00000, 0x00000000edb00000, 0x00000000edb00000|100%| E|CS|TAMS 0x00000000eda00000| PB 0x00000000eda00000| Complete 
| 219|0x00000000edb00000, 0x00000000edc00000, 0x00000000edc00000|100%| E|  |TAMS 0x00000000edb00000| PB 0x00000000edb00000| Complete 
| 220|0x00000000edc00000, 0x00000000edd00000, 0x00000000edd00000|100%| E|CS|TAMS 0x00000000edc00000| PB 0x00000000edc00000| Complete 
| 221|0x00000000edd00000, 0x00000000ede00000, 0x00000000ede00000|100%| E|CS|TAMS 0x00000000edd00000| PB 0x00000000edd00000| Complete 
| 222|0x00000000ede00000, 0x00000000edf00000, 0x00000000edf00000|100%| E|CS|TAMS 0x00000000ede00000| PB 0x00000000ede00000| Complete 
| 223|0x00000000edf00000, 0x00000000ee000000, 0x00000000ee000000|100%| E|CS|TAMS 0x00000000edf00000| PB 0x00000000edf00000| Complete 
| 224|0x00000000ee000000, 0x00000000ee100000, 0x00000000ee100000|100%| E|CS|TAMS 0x00000000ee000000| PB 0x00000000ee000000| Complete 
| 225|0x00000000ee100000, 0x00000000ee200000, 0x00000000ee200000|100%| E|CS|TAMS 0x00000000ee100000| PB 0x00000000ee100000| Complete 
| 226|0x00000000ee200000, 0x00000000ee300000, 0x00000000ee300000|100%| E|CS|TAMS 0x00000000ee200000| PB 0x00000000ee200000| Complete 
| 227|0x00000000ee300000, 0x00000000ee400000, 0x00000000ee400000|100%| E|CS|TAMS 0x00000000ee300000| PB 0x00000000ee300000| Complete 
| 228|0x00000000ee400000, 0x00000000ee500000, 0x00000000ee500000|100%| E|CS|TAMS 0x00000000ee400000| PB 0x00000000ee400000| Complete 
| 229|0x00000000ee500000, 0x00000000ee600000, 0x00000000ee600000|100%| E|CS|TAMS 0x00000000ee500000| PB 0x00000000ee500000| Complete 
| 230|0x00000000ee600000, 0x00000000ee700000, 0x00000000ee700000|100%| E|CS|TAMS 0x00000000ee600000| PB 0x00000000ee600000| Complete 
| 231|0x00000000ee700000, 0x00000000ee800000, 0x00000000ee800000|100%| E|CS|TAMS 0x00000000ee700000| PB 0x00000000ee700000| Complete 
| 232|0x00000000ee800000, 0x00000000ee900000, 0x00000000ee900000|100%| E|CS|TAMS 0x00000000ee800000| PB 0x00000000ee800000| Complete 
| 233|0x00000000ee900000, 0x00000000eea00000, 0x00000000eea00000|100%| E|CS|TAMS 0x00000000ee900000| PB 0x00000000ee900000| Complete 
| 234|0x00000000eea00000, 0x00000000eeb00000, 0x00000000eeb00000|100%| E|CS|TAMS 0x00000000eea00000| PB 0x00000000eea00000| Complete 
| 235|0x00000000eeb00000, 0x00000000eec00000, 0x00000000eec00000|100%| E|CS|TAMS 0x00000000eeb00000| PB 0x00000000eeb00000| Complete 
| 236|0x00000000eec00000, 0x00000000eed00000, 0x00000000eed00000|100%| E|CS|TAMS 0x00000000eec00000| PB 0x00000000eec00000| Complete 
| 237|0x00000000eed00000, 0x00000000eee00000, 0x00000000eee00000|100%| S|CS|TAMS 0x00000000eed00000| PB 0x00000000eed00000| Complete 
| 238|0x00000000eee00000, 0x00000000eef00000, 0x00000000eef00000|100%| S|CS|TAMS 0x00000000eee00000| PB 0x00000000eee00000| Complete 
| 239|0x00000000eef00000, 0x00000000ef000000, 0x00000000ef000000|100%| S|CS|TAMS 0x00000000eef00000| PB 0x00000000eef00000| Complete 
| 240|0x00000000ef000000, 0x00000000ef100000, 0x00000000ef100000|100%| S|CS|TAMS 0x00000000ef000000| PB 0x00000000ef000000| Complete 
| 241|0x00000000ef100000, 0x00000000ef200000, 0x00000000ef200000|100%| S|CS|TAMS 0x00000000ef100000| PB 0x00000000ef100000| Complete 
| 242|0x00000000ef200000, 0x00000000ef300000, 0x00000000ef300000|100%| S|CS|TAMS 0x00000000ef200000| PB 0x00000000ef200000| Complete 
| 243|0x00000000ef300000, 0x00000000ef400000, 0x00000000ef400000|100%| S|CS|TAMS 0x00000000ef300000| PB 0x00000000ef300000| Complete 
| 244|0x00000000ef400000, 0x00000000ef500000, 0x00000000ef500000|100%| S|CS|TAMS 0x00000000ef400000| PB 0x00000000ef400000| Complete 
| 245|0x00000000ef500000, 0x00000000ef600000, 0x00000000ef600000|100%| E|CS|TAMS 0x00000000ef500000| PB 0x00000000ef500000| Complete 
| 246|0x00000000ef600000, 0x00000000ef700000, 0x00000000ef700000|100%| E|CS|TAMS 0x00000000ef600000| PB 0x00000000ef600000| Complete 
| 247|0x00000000ef700000, 0x00000000ef800000, 0x00000000ef800000|100%| E|CS|TAMS 0x00000000ef700000| PB 0x00000000ef700000| Complete 
| 248|0x00000000ef800000, 0x00000000ef900000, 0x00000000ef900000|100%| E|CS|TAMS 0x00000000ef800000| PB 0x00000000ef800000| Complete 
| 249|0x00000000ef900000, 0x00000000efa00000, 0x00000000efa00000|100%| E|CS|TAMS 0x00000000ef900000| PB 0x00000000ef900000| Complete 
| 250|0x00000000efa00000, 0x00000000efb00000, 0x00000000efb00000|100%| E|CS|TAMS 0x00000000efa00000| PB 0x00000000efa00000| Complete 
| 251|0x00000000efb00000, 0x00000000efc00000, 0x00000000efc00000|100%| E|CS|TAMS 0x00000000efb00000| PB 0x00000000efb00000| Complete 
| 252|0x00000000efc00000, 0x00000000efd00000, 0x00000000efd00000|100%| E|CS|TAMS 0x00000000efc00000| PB 0x00000000efc00000| Complete 
| 253|0x00000000efd00000, 0x00000000efe00000, 0x00000000efe00000|100%| E|CS|TAMS 0x00000000efd00000| PB 0x00000000efd00000| Complete 
| 254|0x00000000efe00000, 0x00000000eff00000, 0x00000000eff00000|100%| E|CS|TAMS 0x00000000efe00000| PB 0x00000000efe00000| Complete 
| 255|0x00000000eff00000, 0x00000000f0000000, 0x00000000f0000000|100%| E|CS|TAMS 0x00000000eff00000| PB 0x00000000eff00000| Complete 

Card table byte_map: [0x000001b1f8ab0000,0x000001b1f8bb0000] _byte_map_base: 0x000001b1f83b0000

Marking Bits: (CMBitMap*) 0x000001b1f023bb90
 Bits: [0x000001b1f8bb0000, 0x000001b1f93b0000)

Polling page: 0x000001b1ee160000

Metaspace:

Usage:
  Non-class:     32.39 MB used.
      Class:      5.39 MB used.
       Both:     37.77 MB used.

Virtual space:
  Non-class space:       64.00 MB reserved,      33.00 MB ( 52%) committed,  1 nodes.
      Class space:      320.00 MB reserved,       6.06 MB (  2%) committed,  1 nodes.
             Both:      384.00 MB reserved,      39.06 MB ( 10%) committed. 

Chunk freelists:
   Non-Class:  14.38 MB
       Class:  9.85 MB
        Both:  24.23 MB

MaxMetaspaceSize: 384.00 MB
CompressedClassSpaceSize: 320.00 MB
Initial GC threshold: 21.00 MB
Current GC threshold: 60.12 MB
CDS: on
 - commit_granule_bytes: 65536.
 - commit_granule_words: 8192.
 - virtual_space_node_default_size: 8388608.
 - enlarge_chunks_in_place: 1.
 - use_allocation_guard: 0.


Internal statistics:

num_allocs_failed_limit: 12.
num_arena_births: 2274.
num_arena_deaths: 0.
num_vsnodes_births: 2.
num_vsnodes_deaths: 0.
num_space_committed: 625.
num_space_uncommitted: 0.
num_chunks_returned_to_freelist: 12.
num_chunks_taken_from_freelist: 3982.
num_chunk_merges: 9.
num_chunk_splits: 2587.
num_chunks_enlarged: 1631.
num_inconsistent_stats: 0.

CodeHeap 'non-profiled nmethods': size=120000Kb used=1986Kb max_used=2127Kb free=118013Kb
 bounds [0x000001b187ad0000, 0x000001b187d40000, 0x000001b18f000000]
CodeHeap 'profiled nmethods': size=120000Kb used=7965Kb max_used=8027Kb free=112034Kb
 bounds [0x000001b180000000, 0x000001b1807f0000, 0x000001b187530000]
CodeHeap 'non-nmethods': size=5760Kb used=2684Kb max_used=2699Kb free=3075Kb
 bounds [0x000001b187530000, 0x000001b1877e0000, 0x000001b187ad0000]
 total_blobs=4825 nmethods=4001 adapters=727
 compilation: enabled
              stopped_count=0, restarted_count=0
 full_count=0

Compilation events (20 events):
Event: 7.313 Thread 0x000001b1fbe9c280 nmethod 4439 0x000001b18002bc90 code [0x000001b18002be40, 0x000001b18002c168]
Event: 7.314 Thread 0x000001b1fbe9c280 4441       3       java.lang.CharacterDataLatin1::equalsIgnoreCase (63 bytes)
Event: 7.315 Thread 0x000001b1fbe9c280 nmethod 4441 0x000001b18002b710 code [0x000001b18002b8c0, 0x000001b18002bbb8]
Event: 7.317 Thread 0x000001b1fbe9c280 4442       3       java.util.concurrent.locks.ReentrantLock::isHeldByCurrentThread (8 bytes)
Event: 7.317 Thread 0x000001b1fbe9c280 nmethod 4442 0x000001b18002b290 code [0x000001b18002b440, 0x000001b18002b648]
Event: 7.322 Thread 0x000001b1fbe9c280 4444       3       org.gradle.internal.reflect.MutablePropertyDetails::getGetters (8 bytes)
Event: 7.322 Thread 0x000001b1fbe9c280 nmethod 4444 0x000001b18004f810 code [0x000001b18004fa20, 0x000001b180050080]
Event: 7.322 Thread 0x000001b1fbe9c280 4445       3       org.gradle.internal.reflect.MutablePropertyDetails::getSetters (8 bytes)
Event: 7.323 Thread 0x000001b1fbe9c280 nmethod 4445 0x000001b18004ed90 code [0x000001b18004efa0, 0x000001b18004f600]
Event: 7.323 Thread 0x000001b1fbe9c280 4446       3       org.gradle.internal.instantiation.generator.AbstractClassGenerator$ClassMetadata::getProperty (14 bytes)
Event: 7.323 Thread 0x000001b1fbe9c280 nmethod 4446 0x000001b18004e810 code [0x000001b18004e9c0, 0x000001b18004ec88]
Event: 7.323 Thread 0x000001b1fbe9c280 4448       3       org.gradle.internal.instantiation.generator.AbstractClassGenerator$$Lambda/0x000001b1901cdf70::test (12 bytes)
Event: 7.324 Thread 0x000001b1fbe9c280 nmethod 4448 0x000001b18004cb90 code [0x000001b18004cea0, 0x000001b18004e208]
Event: 7.324 Thread 0x000001b1fbe9c280 4447       3       com.google.common.collect.RegularImmutableSet::spliterator (11 bytes)
Event: 7.324 Thread 0x000001b1fbe9c280 nmethod 4447 0x000001b18004c490 code [0x000001b18004c660, 0x000001b18004c9d8]
Event: 7.324 Thread 0x000001b1fbe9c280 4449       1       com.google.common.collect.AbstractMapBasedMultimap::access$000 (5 bytes)
Event: 7.324 Thread 0x000001b1fbe9c280 nmethod 4449 0x000001b187b37890 code [0x000001b187b37a20, 0x000001b187b37ad0]
Event: 7.327 Thread 0x000001b1fbe9c280 4450       3       org.codehaus.groovy.reflection.CachedClass$CachedMethodComparatorWithString::compare (37 bytes)
Event: 7.327 Thread 0x000001b1fbe9c280 nmethod 4450 0x000001b18004b890 code [0x000001b18004baa0, 0x000001b18004c258]
Event: 7.329 Thread 0x000001b1fbe9c280 4451       3       java.beans.Introspector::addPropertyDescriptor (265 bytes)

GC Heap History (14 events):
Event: 1.096 GC heap before
{Heap before GC invocations=0 (full 0):
 garbage-first heap   total 262144K, used 22528K [0x00000000e0000000, 0x0000000100000000)
  region size 1024K, 23 young (23552K), 0 survivors (0K)
 Metaspace       used 1083K, committed 1216K, reserved 393216K
  class space    used 78K, committed 128K, reserved 327680K
}
Event: 1.103 GC heap after
{Heap after GC invocations=1 (full 0):
 garbage-first heap   total 262144K, used 3827K [0x00000000e0000000, 0x0000000100000000)
  region size 1024K, 3 young (3072K), 3 survivors (3072K)
 Metaspace       used 1083K, committed 1216K, reserved 393216K
  class space    used 78K, committed 128K, reserved 327680K
}
Event: 1.974 GC heap before
{Heap before GC invocations=1 (full 0):
 garbage-first heap   total 262144K, used 41715K [0x00000000e0000000, 0x0000000100000000)
  region size 1024K, 36 young (36864K), 3 survivors (3072K)
 Metaspace       used 4386K, committed 4544K, reserved 393216K
  class space    used 541K, committed 640K, reserved 327680K
}
Event: 1.980 GC heap after
{Heap after GC invocations=2 (full 0):
 garbage-first heap   total 262144K, used 11767K [0x00000000e0000000, 0x0000000100000000)
  region size 1024K, 4 young (4096K), 4 survivors (4096K)
 Metaspace       used 4386K, committed 4544K, reserved 393216K
  class space    used 541K, committed 640K, reserved 327680K
}
Event: 2.868 GC heap before
{Heap before GC invocations=2 (full 0):
 garbage-first heap   total 262144K, used 69111K [0x00000000e0000000, 0x0000000100000000)
  region size 1024K, 59 young (60416K), 4 survivors (4096K)
 Metaspace       used 7569K, committed 7872K, reserved 393216K
  class space    used 1008K, committed 1152K, reserved 327680K
}
Event: 2.876 GC heap after
{Heap after GC invocations=3 (full 0):
 garbage-first heap   total 262144K, used 19099K [0x00000000e0000000, 0x0000000100000000)
  region size 1024K, 8 young (8192K), 8 survivors (8192K)
 Metaspace       used 7569K, committed 7872K, reserved 393216K
  class space    used 1008K, committed 1152K, reserved 327680K
}
Event: 5.132 GC heap before
{Heap before GC invocations=3 (full 0):
 garbage-first heap   total 262144K, used 96923K [0x00000000e0000000, 0x0000000100000000)
  region size 1024K, 85 young (87040K), 8 survivors (8192K)
 Metaspace       used 20873K, committed 21504K, reserved 393216K
  class space    used 3021K, committed 3328K, reserved 327680K
}
Event: 5.144 GC heap after
{Heap after GC invocations=4 (full 0):
 garbage-first heap   total 262144K, used 24768K [0x00000000e0000000, 0x0000000100000000)
  region size 1024K, 14 young (14336K), 14 survivors (14336K)
 Metaspace       used 20873K, committed 21504K, reserved 393216K
  class space    used 3021K, committed 3328K, reserved 327680K
}
Event: 6.797 GC heap before
{Heap before GC invocations=5 (full 0):
 garbage-first heap   total 262144K, used 116928K [0x00000000e0000000, 0x0000000100000000)
  region size 1024K, 105 young (107520K), 14 survivors (14336K)
 Metaspace       used 34681K, committed 35968K, reserved 393216K
  class space    used 5089K, committed 5696K, reserved 327680K
}
Event: 6.814 GC heap after
{Heap after GC invocations=6 (full 0):
 garbage-first heap   total 262144K, used 31862K [0x00000000e0000000, 0x0000000100000000)
  region size 1024K, 18 young (18432K), 18 survivors (18432K)
 Metaspace       used 34681K, committed 35968K, reserved 393216K
  class space    used 5089K, committed 5696K, reserved 327680K
}
Event: 6.841 GC heap before
{Heap before GC invocations=6 (full 0):
 garbage-first heap   total 262144K, used 32886K [0x00000000e0000000, 0x0000000100000000)
  region size 1024K, 20 young (20480K), 18 survivors (18432K)
 Metaspace       used 35009K, committed 36288K, reserved 393216K
  class space    used 5133K, committed 5760K, reserved 327680K
}
Event: 6.876 GC heap after
{Heap after GC invocations=7 (full 0):
 garbage-first heap   total 262144K, used 31777K [0x00000000e0000000, 0x0000000100000000)
  region size 1024K, 8 young (8192K), 8 survivors (8192K)
 Metaspace       used 35009K, committed 36288K, reserved 393216K
  class space    used 5133K, committed 5760K, reserved 327680K
}
Event: 6.896 GC heap before
{Heap before GC invocations=7 (full 0):
 garbage-first heap   total 262144K, used 32801K [0x00000000e0000000, 0x0000000100000000)
  region size 1024K, 11 young (11264K), 8 survivors (8192K)
 Metaspace       used 35325K, committed 36608K, reserved 393216K
  class space    used 5172K, committed 5824K, reserved 327680K
}
Event: 6.902 GC heap after
{Heap after GC invocations=8 (full 0):
 garbage-first heap   total 262144K, used 32457K [0x00000000e0000000, 0x0000000100000000)
  region size 1024K, 8 young (8192K), 8 survivors (8192K)
 Metaspace       used 35325K, committed 36608K, reserved 393216K
  class space    used 5172K, committed 5824K, reserved 327680K
}

Dll operation events (15 events):
Event: 0.095 Loaded shared library C:\Program Files\Java\jdk-21\bin\java.dll
Event: 0.230 Loaded shared library C:\Program Files\Java\jdk-21\bin\jsvml.dll
Event: 0.277 Loaded shared library C:\Program Files\Java\jdk-21\bin\zip.dll
Event: 0.284 Loaded shared library C:\Program Files\Java\jdk-21\bin\instrument.dll
Event: 0.295 Loaded shared library C:\Program Files\Java\jdk-21\bin\net.dll
Event: 0.309 Loaded shared library C:\Program Files\Java\jdk-21\bin\nio.dll
Event: 0.312 Loaded shared library C:\Program Files\Java\jdk-21\bin\zip.dll
Event: 0.966 Loaded shared library C:\Program Files\Java\jdk-21\bin\jimage.dll
Event: 1.399 Loaded shared library C:\Program Files\Java\jdk-21\bin\verify.dll
Event: 1.561 Loaded shared library C:\Users\Shibli Sadik\.gradle\native\c067742578af261105cb4f569cf0c3c89f3d7b1fecec35dd04571415982c5e48\windows-amd64\native-platform.dll
Event: 1.579 Loaded shared library C:\Users\Shibli Sadik\.gradle\native\100fb08df4bc3b14c8652ba06237920a3bd2aa13389f12d3474272988ae205f9\windows-amd64\native-platform-file-events.dll
Event: 2.708 Loaded shared library C:\Program Files\Java\jdk-21\bin\management.dll
Event: 2.716 Loaded shared library C:\Program Files\Java\jdk-21\bin\management_ext.dll
Event: 3.122 Loaded shared library C:\Program Files\Java\jdk-21\bin\extnet.dll
Event: 3.324 Loaded shared library C:\Program Files\Java\jdk-21\bin\sunmscapi.dll

Deoptimization events (20 events):
Event: 7.083 Thread 0x000001b1fd6d8e60 DEOPT PACKING pc=0x000001b187bcd21c sp=0x0000003bba7f9500
Event: 7.083 Thread 0x000001b1fd6d8e60 DEOPT UNPACKING pc=0x000001b1875846a2 sp=0x0000003bba7f9440 mode 2
Event: 7.112 Thread 0x000001b1fd6d8e60 Uncommon trap: trap_request=0xfffffff4 fr.pc=0x000001b187c54844 relative=0x0000000000000384
Event: 7.112 Thread 0x000001b1fd6d8e60 Uncommon trap: reason=null_check action=make_not_entrant pc=0x000001b187c54844 method=sun.invoke.util.VerifyType.isNullConversion(Ljava/lang/Class;Ljava/lang/Class;Z)Z @ 67 c2
Event: 7.112 Thread 0x000001b1fd6d8e60 DEOPT PACKING pc=0x000001b187c54844 sp=0x0000003bba7f9f60
Event: 7.112 Thread 0x000001b1fd6d8e60 DEOPT UNPACKING pc=0x000001b1875846a2 sp=0x0000003bba7f9ee0 mode 2
Event: 7.114 Thread 0x000001b1fd6d8e60 Uncommon trap: trap_request=0xffffff45 fr.pc=0x000001b187ca1e68 relative=0x00000000000005c8
Event: 7.114 Thread 0x000001b1fd6d8e60 Uncommon trap: reason=unstable_if action=reinterpret pc=0x000001b187ca1e68 method=java.lang.invoke.InvokerBytecodeGenerator.storeInsnOpcode(Ljava/lang/invoke/LambdaForm$BasicType;)I @ 8 c2
Event: 7.114 Thread 0x000001b1fd6d8e60 DEOPT PACKING pc=0x000001b187ca1e68 sp=0x0000003bba7f9630
Event: 7.114 Thread 0x000001b1fd6d8e60 DEOPT UNPACKING pc=0x000001b1875846a2 sp=0x0000003bba7f9578 mode 2
Event: 7.114 Thread 0x000001b1fd6d8e60 Uncommon trap: trap_request=0xffffff45 fr.pc=0x000001b187ca27cc relative=0x00000000000000ac
Event: 7.114 Thread 0x000001b1fd6d8e60 Uncommon trap: reason=unstable_if action=reinterpret pc=0x000001b187ca27cc method=java.lang.invoke.InvokerBytecodeGenerator.storeInsnOpcode(Ljava/lang/invoke/LambdaForm$BasicType;)I @ 8 c2
Event: 7.114 Thread 0x000001b1fd6d8e60 DEOPT PACKING pc=0x000001b187ca27cc sp=0x0000003bba7f9a80
Event: 7.114 Thread 0x000001b1fd6d8e60 DEOPT UNPACKING pc=0x000001b1875846a2 sp=0x0000003bba7f9a20 mode 2
Event: 7.263 Thread 0x000001b1fd6d8e60 Uncommon trap: trap_request=0xffffff3d fr.pc=0x000001b187bc2870 relative=0x0000000000000070
Event: 7.263 Thread 0x000001b1fd6d8e60 Uncommon trap: reason=unstable_fused_if action=reinterpret pc=0x000001b187bc2870 method=java.lang.CharacterDataLatin1.equalsIgnoreCase(BB)Z @ 16 c2
Event: 7.263 Thread 0x000001b1fd6d8e60 DEOPT PACKING pc=0x000001b187bc2870 sp=0x0000003bba7fa240
Event: 7.263 Thread 0x000001b1fd6d8e60 DEOPT UNPACKING pc=0x000001b1875846a2 sp=0x0000003bba7fa1c0 mode 2
Event: 7.304 Thread 0x000001b1fd6d8e60 DEOPT PACKING pc=0x000001b18045bc3f sp=0x0000003bba7f9690
Event: 7.304 Thread 0x000001b1fd6d8e60 DEOPT UNPACKING pc=0x000001b187584e42 sp=0x0000003bba7f8b68 mode 0

Classes loaded (20 events):
Event: 6.992 Loading class jdk/internal/jimage/ImageReader$Resource
Event: 6.992 Loading class jdk/internal/jimage/ImageReader$Resource done
Event: 7.060 Loading class java/util/WeakHashMap$KeyIterator
Event: 7.060 Loading class java/util/WeakHashMap$HashIterator
Event: 7.060 Loading class java/util/WeakHashMap$HashIterator done
Event: 7.060 Loading class java/util/WeakHashMap$KeyIterator done
Event: 7.112 Loading class sun/invoke/util/ValueConversions$1
Event: 7.112 Loading class sun/invoke/util/ValueConversions$1 done
Event: 7.113 Loading class java/lang/invoke/BoundMethodHandle$Species_LI
Event: 7.113 Loading class java/lang/invoke/BoundMethodHandle$Species_LI done
Event: 7.191 Loading class sun/reflect/MagicAccessorImpl
Event: 7.191 Loading class sun/reflect/MagicAccessorImpl done
Event: 7.233 Loading class com/sun/beans/finder/MethodFinder
Event: 7.234 Loading class com/sun/beans/finder/AbstractFinder
Event: 7.234 Loading class com/sun/beans/finder/AbstractFinder done
Event: 7.234 Loading class com/sun/beans/finder/MethodFinder done
Event: 7.234 Loading class com/sun/beans/finder/MethodFinder$1
Event: 7.234 Loading class com/sun/beans/finder/MethodFinder$1 done
Event: 7.234 Loading class com/sun/beans/finder/FinderUtils
Event: 7.234 Loading class com/sun/beans/finder/FinderUtils done

Classes unloaded (0 events):
No events

Classes redefined (0 events):
No events

Internal exceptions (20 events):
Event: 7.086 Thread 0x000001b1fd6d8e60 Exception <a 'java/lang/ClassNotFoundException'{0x00000000edf21940}: ijMapper1_90afd6nqgrwe9fzgz7uba233mCustomizer> (0x00000000edf21940) 
thrown [s\open\src\hotspot\share\classfile\systemDictionary.cpp, line 312]
Event: 7.100 Thread 0x000001b1fd6d8e60 Exception <a 'java/lang/ClassNotFoundException'{0x00000000edfd4338}: org/gradle/internal/extensibility/DefaultExtraPropertiesExtensionBeanInfo> (0x00000000edfd4338) 
thrown [s\open\src\hotspot\share\classfile\systemDictionary.cpp, line 312]
Event: 7.100 Thread 0x000001b1fd6d8e60 Exception <a 'java/lang/ClassNotFoundException'{0x00000000edfdc880}: org/gradle/internal/extensibility/DefaultExtraPropertiesExtensionCustomizer> (0x00000000edfdc880) 
thrown [s\open\src\hotspot\share\classfile\systemDictionary.cpp, line 312]
Event: 7.110 Thread 0x000001b1fd6d8e60 Exception <a 'java/lang/NoSuchMethodError'{0x00000000ede40128}: 'void java.lang.invoke.Invokers$Holder.invoke_MT(java.lang.Object, java.lang.Object, java.lang.Object, java.lang.Object)'> (0x00000000ede40128) 
thrown [s\open\src\hotspot\share\interpreter\linkResolver.cpp, line 773]
Event: 7.112 Thread 0x000001b1fd6d8e60 Implicit null exception at 0x000001b187c54584 to 0x000001b187c54830
Event: 7.113 Thread 0x000001b1fd6d8e60 Exception <a 'java/lang/NoSuchMethodError'{0x00000000ede5bff0}: 'int java.lang.invoke.DirectMethodHandle$Holder.invokeSpecial(java.lang.Object, java.lang.Object, java.lang.Object, int)'> (0x00000000ede5bff0) 
thrown [s\open\src\hotspot\share\interpreter\linkResolver.cpp, line 773]
Event: 7.113 Thread 0x000001b1fd6d8e60 Exception <a 'java/lang/NoSuchMethodError'{0x00000000ede6cf10}: 'java.lang.Object java.lang.invoke.DirectMethodHandle$Holder.invokeStatic(java.lang.Object, java.lang.Object, java.lang.Object, java.lang.Object, int)'> (0x00000000ede6cf10) 
thrown [s\open\src\hotspot\share\interpreter\linkResolver.cpp, line 773]
Event: 7.114 Thread 0x000001b1fd6d8e60 Exception <a 'java/lang/NoSuchMethodError'{0x00000000ede75348}: 'java.lang.Object java.lang.invoke.DirectMethodHandle$Holder.invokeSpecial(java.lang.Object, java.lang.Object, java.lang.Object, java.lang.Object, int)'> (0x00000000ede75348) 
thrown [s\open\src\hotspot\share\interpreter\linkResolver.cpp, line 773]
Event: 7.131 Thread 0x000001b1fd6d8e60 Exception <a 'java/lang/ClassNotFoundException'{0x00000000eddcaf28}: org/gradle/invocation/DefaultGradle_DecoratedBeanInfo> (0x00000000eddcaf28) 
thrown [s\open\src\hotspot\share\classfile\systemDictionary.cpp, line 312]
Event: 7.131 Thread 0x000001b1fd6d8e60 Exception <a 'java/lang/ClassNotFoundException'{0x00000000eddd7ee8}: org/gradle/invocation/DefaultGradleBeanInfo> (0x00000000eddd7ee8) 
thrown [s\open\src\hotspot\share\classfile\systemDictionary.cpp, line 312]
Event: 7.132 Thread 0x000001b1fd6d8e60 Exception <a 'java/lang/ClassNotFoundException'{0x00000000edde52e8}: org/gradle/api/internal/project/AbstractPluginAwareBeanInfo> (0x00000000edde52e8) 
thrown [s\open\src\hotspot\share\classfile\systemDictionary.cpp, line 312]
Event: 7.132 Thread 0x000001b1fd6d8e60 Exception <a 'java/lang/ClassNotFoundException'{0x00000000eddf2738}: org/gradle/api/internal/project/AbstractPluginAwareCustomizer> (0x00000000eddf2738) 
thrown [s\open\src\hotspot\share\classfile\systemDictionary.cpp, line 312]
Event: 7.134 Thread 0x000001b1fd6d8e60 Exception <a 'java/lang/ClassNotFoundException'{0x00000000edc06880}: org/gradle/invocation/DefaultGradleCustomizer> (0x00000000edc06880) 
thrown [s\open\src\hotspot\share\classfile\systemDictionary.cpp, line 312]
Event: 7.137 Thread 0x000001b1fd6d8e60 Exception <a 'java/lang/ClassNotFoundException'{0x00000000edc4a9c8}: org/gradle/invocation/DefaultGradle_DecoratedCustomizer> (0x00000000edc4a9c8) 
thrown [s\open\src\hotspot\share\classfile\systemDictionary.cpp, line 312]
Event: 7.230 Thread 0x000001b1fd6d8e60 Exception <a 'java/lang/ClassNotFoundException'{0x00000000ed819968}: groovy/lang/Closure$1BeanInfo> (0x00000000ed819968) 
thrown [s\open\src\hotspot\share\classfile\systemDictionary.cpp, line 312]
Event: 7.230 Thread 0x000001b1fd6d8e60 Exception <a 'java/lang/ClassNotFoundException'{0x00000000ed8266d0}: groovy/lang/ClosureBeanInfo> (0x00000000ed8266d0) 
thrown [s\open\src\hotspot\share\classfile\systemDictionary.cpp, line 312]
Event: 7.230 Thread 0x000001b1fd6d8e60 Exception <a 'java/lang/ClassNotFoundException'{0x00000000ed833340}: groovy/lang/ClosureCustomizer> (0x00000000ed833340) 
thrown [s\open\src\hotspot\share\classfile\systemDictionary.cpp, line 312]
Event: 7.233 Thread 0x000001b1fd6d8e60 Exception <a 'java/lang/ClassNotFoundException'{0x00000000ed863558}: groovy/lang/Closure$1Customizer> (0x00000000ed863558) 
thrown [s\open\src\hotspot\share\classfile\systemDictionary.cpp, line 312]
Event: 7.328 Thread 0x000001b1fd6d8e60 Exception <a 'java/lang/ClassNotFoundException'{0x00000000ed5e7c38}: ijresolvers1_bevqq30tncehtikd7v6invqngBeanInfo> (0x00000000ed5e7c38) 
thrown [s\open\src\hotspot\share\classfile\systemDictionary.cpp, line 312]
Event: 7.329 Thread 0x000001b1fd6d8e60 Exception <a 'java/lang/ClassNotFoundException'{0x00000000ed5edb78}: ijresolvers1_bevqq30tncehtikd7v6invqngCustomizer> (0x00000000ed5edb78) 
thrown [s\open\src\hotspot\share\classfile\systemDictionary.cpp, line 312]

ZGC Phase Switch (0 events):
No events

VM Operations (20 events):
Event: 6.738 Executing VM operation: HandshakeAllThreads (Deoptimize)
Event: 6.738 Executing VM operation: HandshakeAllThreads (Deoptimize) done
Event: 6.764 Executing VM operation: HandshakeAllThreads (Deoptimize)
Event: 6.764 Executing VM operation: HandshakeAllThreads (Deoptimize) done
Event: 6.796 Executing VM operation: CollectForMetadataAllocation (Metadata GC Threshold)
Event: 6.814 Executing VM operation: CollectForMetadataAllocation (Metadata GC Threshold) done
Event: 6.841 Executing VM operation: CollectForMetadataAllocation (Metadata GC Threshold)
Event: 6.876 Executing VM operation: CollectForMetadataAllocation (Metadata GC Threshold) done
Event: 6.896 Executing VM operation: CollectForMetadataAllocation (Metadata GC Threshold)
Event: 6.902 Executing VM operation: CollectForMetadataAllocation (Metadata GC Threshold) done
Event: 6.917 Executing VM operation: G1PauseRemark
Event: 6.920 Executing VM operation: G1PauseRemark done
Event: 6.926 Executing VM operation: HandshakeAllThreads (Deoptimize)
Event: 6.927 Executing VM operation: HandshakeAllThreads (Deoptimize) done
Event: 6.927 Executing VM operation: G1PauseCleanup
Event: 6.927 Executing VM operation: G1PauseCleanup done
Event: 6.990 Executing VM operation: HandshakeAllThreads (Deoptimize)
Event: 6.990 Executing VM operation: HandshakeAllThreads (Deoptimize) done
Event: 7.241 Executing VM operation: ICBufferFull
Event: 7.241 Executing VM operation: ICBufferFull done

Events (20 events):
Event: 6.919 Thread 0x000001b1fbe469b0 flushing nmethod 0x000001b18014e990
Event: 6.919 Thread 0x000001b1fbe469b0 flushing nmethod 0x000001b18014f210
Event: 6.919 Thread 0x000001b1fbe469b0 flushing nmethod 0x000001b18014f590
Event: 6.919 Thread 0x000001b1fbe469b0 flushing nmethod 0x000001b180150b90
Event: 6.919 Thread 0x000001b1fbe469b0 flushing nmethod 0x000001b180159e10
Event: 6.919 Thread 0x000001b1fbe469b0 flushing nmethod 0x000001b18015ad10
Event: 6.919 Thread 0x000001b1fbe469b0 flushing nmethod 0x000001b180197610
Event: 6.919 Thread 0x000001b1fbe469b0 flushing nmethod 0x000001b180199510
Event: 6.919 Thread 0x000001b1fbe469b0 flushing nmethod 0x000001b180199890
Event: 6.919 Thread 0x000001b1fbe469b0 flushing nmethod 0x000001b18019e490
Event: 6.919 Thread 0x000001b1fbe469b0 flushing nmethod 0x000001b180201010
Event: 6.919 Thread 0x000001b1fbe469b0 flushing nmethod 0x000001b180201590
Event: 6.919 Thread 0x000001b1fbe469b0 flushing nmethod 0x000001b18020f510
Event: 6.919 Thread 0x000001b1fbe469b0 flushing nmethod 0x000001b1802fdb90
Event: 6.919 Thread 0x000001b1fbe469b0 flushing nmethod 0x000001b180353a10
Event: 6.919 Thread 0x000001b1fbe469b0 flushing nmethod 0x000001b1803a3e90
Event: 6.919 Thread 0x000001b1fbe469b0 flushing nmethod 0x000001b180409190
Event: 6.919 Thread 0x000001b1fbe469b0 flushing nmethod 0x000001b180411190
Event: 7.264 Thread 0x000001b1fe6388e0 Thread added: 0x000001b1fe6388e0
Event: 7.312 Thread 0x000001b1fe638f70 Thread added: 0x000001b1fe638f70


Dynamic libraries:
0x00007ff6017a0000 - 0x00007ff6017b0000 	C:\Program Files\Java\jdk-21\bin\java.exe
0x00007ffab7210000 - 0x00007ffab7427000 	C:\Windows\SYSTEM32\ntdll.dll
0x00007ffab4fa0000 - 0x00007ffab5064000 	C:\Windows\System32\KERNEL32.DLL
0x00007ffab49b0000 - 0x00007ffab4d67000 	C:\Windows\System32\KERNELBASE.dll
0x00007ffab4d70000 - 0x00007ffab4e81000 	C:\Windows\System32\ucrtbase.dll
0x00007ffa9f4e0000 - 0x00007ffa9f4fb000 	C:\Program Files\Java\jdk-21\bin\VCRUNTIME140.dll
0x00007ffaa3150000 - 0x00007ffaa3169000 	C:\Program Files\Java\jdk-21\bin\jli.dll
0x00007ffab59b0000 - 0x00007ffab5a62000 	C:\Windows\System32\ADVAPI32.dll
0x00007ffab51d0000 - 0x00007ffab5277000 	C:\Windows\System32\msvcrt.dll
0x00007ffab5120000 - 0x00007ffab51c8000 	C:\Windows\System32\sechost.dll
0x00007ffab4e90000 - 0x00007ffab4eb8000 	C:\Windows\System32\bcrypt.dll
0x00007ffab5a80000 - 0x00007ffab5b94000 	C:\Windows\System32\RPCRT4.dll
0x00007ffab53c0000 - 0x00007ffab556f000 	C:\Windows\System32\USER32.dll
0x00007ffab45e0000 - 0x00007ffab4606000 	C:\Windows\System32\win32u.dll
0x00007ffab62f0000 - 0x00007ffab6319000 	C:\Windows\System32\GDI32.dll
0x00007ffab4890000 - 0x00007ffab49a8000 	C:\Windows\System32\gdi32full.dll
0x00007ffab4610000 - 0x00007ffab46aa000 	C:\Windows\System32\msvcp_win.dll
0x00007ffaaab60000 - 0x00007ffaaab6a000 	C:\Windows\SYSTEM32\VERSION.dll
0x00007ffa9d500000 - 0x00007ffa9d793000 	C:\Windows\WinSxS\amd64_microsoft.windows.common-controls_6595b64144ccf1df_6.0.22621.3672_none_2713b9d173822955\COMCTL32.dll
0x00007ffab5bf0000 - 0x00007ffab5c21000 	C:\Windows\System32\IMM32.DLL
0x00007ffaa3390000 - 0x00007ffaa339c000 	C:\Program Files\Java\jdk-21\bin\vcruntime140_1.dll
0x00007ffa794c0000 - 0x00007ffa7954e000 	C:\Program Files\Java\jdk-21\bin\msvcp140.dll
0x00007ffa37910000 - 0x00007ffa38623000 	C:\Program Files\Java\jdk-21\bin\server\jvm.dll
0x00007ffab5080000 - 0x00007ffab50f1000 	C:\Windows\System32\WS2_32.dll
0x00007ffaac880000 - 0x00007ffaac8b4000 	C:\Windows\SYSTEM32\WINMM.dll
0x00007ffab33d0000 - 0x00007ffab341d000 	C:\Windows\SYSTEM32\POWRPROF.dll
0x00007ffab33b0000 - 0x00007ffab33c3000 	C:\Windows\SYSTEM32\UMPDC.dll
0x00007ffab3660000 - 0x00007ffab3678000 	C:\Windows\SYSTEM32\kernel.appcore.dll
0x00007ffaa3270000 - 0x00007ffaa327a000 	C:\Program Files\Java\jdk-21\bin\jimage.dll
0x00007ffab1930000 - 0x00007ffab1b62000 	C:\Windows\SYSTEM32\DBGHELP.DLL
0x00007ffab6b90000 - 0x00007ffab6f1e000 	C:\Windows\System32\combase.dll
0x00007ffab6210000 - 0x00007ffab62e7000 	C:\Windows\System32\OLEAUT32.dll
0x00007ffa99340000 - 0x00007ffa99372000 	C:\Windows\SYSTEM32\dbgcore.DLL
0x00007ffab4ec0000 - 0x00007ffab4f3b000 	C:\Windows\System32\bcryptPrimitives.dll
0x00007ffaa2ea0000 - 0x00007ffaa2eaf000 	C:\Program Files\Java\jdk-21\bin\instrument.dll
0x00007ffa9d8c0000 - 0x00007ffa9d8df000 	C:\Program Files\Java\jdk-21\bin\java.dll
0x00007ffab6320000 - 0x00007ffab6b89000 	C:\Windows\System32\SHELL32.dll
0x00007ffab24a0000 - 0x00007ffab2d9f000 	C:\Windows\SYSTEM32\windows.storage.dll
0x00007ffab2360000 - 0x00007ffab249f000 	C:\Windows\SYSTEM32\wintypes.dll
0x00007ffab70d0000 - 0x00007ffab71c9000 	C:\Windows\System32\SHCORE.dll
0x00007ffab60b0000 - 0x00007ffab610e000 	C:\Windows\System32\shlwapi.dll
0x00007ffab4450000 - 0x00007ffab4477000 	C:\Windows\SYSTEM32\profapi.dll
0x00007ffa6eaa0000 - 0x00007ffa6eb77000 	C:\Program Files\Java\jdk-21\bin\jsvml.dll
0x00007ffa9d800000 - 0x00007ffa9d818000 	C:\Program Files\Java\jdk-21\bin\zip.dll
0x00007ffa9fac0000 - 0x00007ffa9fad0000 	C:\Program Files\Java\jdk-21\bin\net.dll
0x00007ffaaf8a0000 - 0x00007ffaaf9d6000 	C:\Windows\SYSTEM32\WINHTTP.dll
0x00007ffab3ad0000 - 0x00007ffab3b39000 	C:\Windows\system32\mswsock.dll
0x00007ffa9d7e0000 - 0x00007ffa9d7f6000 	C:\Program Files\Java\jdk-21\bin\nio.dll
0x00007ffa9cea0000 - 0x00007ffa9ceb0000 	C:\Program Files\Java\jdk-21\bin\verify.dll
0x00007ffaa2eb0000 - 0x00007ffaa2ed7000 	C:\Users\Shibli Sadik\.gradle\native\c067742578af261105cb4f569cf0c3c89f3d7b1fecec35dd04571415982c5e48\windows-amd64\native-platform.dll
0x00007ffa47640000 - 0x00007ffa47784000 	C:\Users\Shibli Sadik\.gradle\native\100fb08df4bc3b14c8652ba06237920a3bd2aa13389f12d3474272988ae205f9\windows-amd64\native-platform-file-events.dll
0x00007ffa9c430000 - 0x00007ffa9c43a000 	C:\Program Files\Java\jdk-21\bin\management.dll
0x00007ffa9bcb0000 - 0x00007ffa9bcbb000 	C:\Program Files\Java\jdk-21\bin\management_ext.dll
0x00007ffab5070000 - 0x00007ffab5078000 	C:\Windows\System32\PSAPI.DLL
0x00007ffab3d30000 - 0x00007ffab3d4b000 	C:\Windows\SYSTEM32\CRYPTSP.dll
0x00007ffab35c0000 - 0x00007ffab35f5000 	C:\Windows\system32\rsaenh.dll
0x00007ffab3bc0000 - 0x00007ffab3be8000 	C:\Windows\SYSTEM32\USERENV.dll
0x00007ffab3d20000 - 0x00007ffab3d2c000 	C:\Windows\SYSTEM32\CRYPTBASE.dll
0x00007ffab3070000 - 0x00007ffab309d000 	C:\Windows\SYSTEM32\IPHLPAPI.DLL
0x00007ffab5a70000 - 0x00007ffab5a79000 	C:\Windows\System32\NSI.dll
0x00007ffa9b580000 - 0x00007ffa9b589000 	C:\Program Files\Java\jdk-21\bin\extnet.dll
0x00007ffa9b570000 - 0x00007ffa9b57e000 	C:\Program Files\Java\jdk-21\bin\sunmscapi.dll
0x00007ffab46b0000 - 0x00007ffab4816000 	C:\Windows\System32\CRYPT32.dll
0x00007ffab3ec0000 - 0x00007ffab3eed000 	C:\Windows\SYSTEM32\ncrypt.dll
0x00007ffab3e80000 - 0x00007ffab3eb7000 	C:\Windows\SYSTEM32\NTASN1.dll
0x00007ffaa5a00000 - 0x00007ffaa5a08000 	C:\Windows\system32\wshunix.dll

dbghelp: loaded successfully - version: 4.0.5 - missing functions: none
symbol engine: initialized successfully - sym options: 0x614 - pdb path: .;C:\Program Files\Java\jdk-21\bin;C:\Windows\SYSTEM32;C:\Windows\WinSxS\amd64_microsoft.windows.common-controls_6595b64144ccf1df_6.0.22621.3672_none_2713b9d173822955;C:\Program Files\Java\jdk-21\bin\server;C:\Users\Shibli Sadik\.gradle\native\c067742578af261105cb4f569cf0c3c89f3d7b1fecec35dd04571415982c5e48\windows-amd64;C:\Users\Shibli Sadik\.gradle\native\100fb08df4bc3b14c8652ba06237920a3bd2aa13389f12d3474272988ae205f9\windows-amd64

VM Arguments:
jvm_args: --add-opens=java.base/java.util=ALL-UNNAMED --add-opens=java.base/java.lang=ALL-UNNAMED --add-opens=java.base/java.lang.invoke=ALL-UNNAMED --add-opens=java.prefs/java.util.prefs=ALL-UNNAMED --add-exports=jdk.compiler/com.sun.tools.javac.api=ALL-UNNAMED --add-exports=jdk.compiler/com.sun.tools.javac.util=ALL-UNNAMED --add-opens=java.base/java.nio.charset=ALL-UNNAMED --add-opens=java.base/java.net=ALL-UNNAMED --add-opens=java.base/java.util.concurrent.atomic=ALL-UNNAMED -XX:MaxMetaspaceSize=384m -XX:+HeapDumpOnOutOfMemoryError -Xms256m -Xmx512m -Dfile.encoding=UTF-8 -Duser.country=US -Duser.language=en -Duser.variant -javaagent:C:\Users\Shibli Sadik\.gradle\wrapper\dists\gradle-8.10.2-bin\a04bxjujx95o3nb99gddekhwo\gradle-8.10.2\lib\agents\gradle-instrumentation-agent-8.10.2.jar 
java_command: org.gradle.launcher.daemon.bootstrap.GradleDaemon 8.10.2
java_class_path (initial): C:\Users\Shibli Sadik\.gradle\wrapper\dists\gradle-8.10.2-bin\a04bxjujx95o3nb99gddekhwo\gradle-8.10.2\lib\gradle-daemon-main-8.10.2.jar
Launcher Type: SUN_STANDARD

[Global flags]
     intx CICompilerCount                          = 4                                         {product} {ergonomic}
   size_t CompressedClassSpaceSize                 = 335544320                                 {product} {ergonomic}
     uint ConcGCThreads                            = 2                                         {product} {ergonomic}
     uint G1ConcRefinementThreads                  = 8                                         {product} {ergonomic}
   size_t G1HeapRegionSize                         = 1048576                                   {product} {ergonomic}
    uintx GCDrainStackTargetSize                   = 64                                        {product} {ergonomic}
     bool HeapDumpOnOutOfMemoryError               = true                                   {manageable} {command line}
   size_t InitialHeapSize                          = 268435456                                 {product} {command line}
   size_t MarkStackSize                            = 4194304                                   {product} {ergonomic}
   size_t MaxHeapSize                              = 536870912                                 {product} {command line}
   size_t MaxMetaspaceSize                         = 402653184                                 {product} {command line}
   size_t MaxNewSize                               = 321912832                                 {product} {ergonomic}
   size_t MinHeapDeltaBytes                        = 1048576                                   {product} {ergonomic}
   size_t MinHeapSize                              = 268435456                                 {product} {command line}
    uintx NonNMethodCodeHeapSize                   = 5839372                                {pd product} {ergonomic}
    uintx NonProfiledCodeHeapSize                  = 122909434                              {pd product} {ergonomic}
    uintx ProfiledCodeHeapSize                     = 122909434                              {pd product} {ergonomic}
    uintx ReservedCodeCacheSize                    = 251658240                              {pd product} {ergonomic}
     bool SegmentedCodeCache                       = true                                      {product} {ergonomic}
   size_t SoftMaxHeapSize                          = 536870912                              {manageable} {ergonomic}
     bool UseCompressedOops                        = true                           {product lp64_product} {ergonomic}
     bool UseG1GC                                  = true                                      {product} {ergonomic}
     bool UseLargePagesIndividualAllocation        = false                                  {pd product} {ergonomic}

Logging:
Log output configuration:
 #0: stdout all=warning uptime,level,tags foldmultilines=false
 #1: stderr all=off uptime,level,tags foldmultilines=false

Environment Variables:
JAVA_HOME=C:\Program Files\Java\jdk-21
PATH=C:\Program Files (x86)\VMware\VMware Workstation\bin\;C:\Program Files\Common Files\Oracle\Java\javapath;C:\Program Files (x86)\Common Files\Oracle\Java\java8path;C:\Program Files (x86)\Common Files\Oracle\Java\javapath;C:\Windows\system32;C:\Windows;C:\Windows\System32\Wbem;C:\Windows\System32\WindowsPowerShell\v1.0\;C:\Windows\System32\OpenSSH\;C:\ProgramData\chocolatey\bin;C:\Program Files\Microsoft SQL Server\150\Tools\Binn\;C:\Program Files\Microsoft SQL Server\Client SDK\ODBC\170\Tools\Binn\;C:\Program Files\dotnet\;C:\Program Files (x86)\Incredibuild;C:\Program Files (x86)\Windows Kits\10\Windows Performance Toolkit\;C:\Program Files\Git\cmd;C:\Program Files\Common Files\Oracle\Java\javapath;C:\Windows\system32;C:\Windows;C:\Windows\System32\Wbem;C:\Windows\System32\WindowsPowerShell\v1.0\;C:\Windows\System32\OpenSSH\;C:\ProgramData\chocolatey\bin;C:\Program Files\Microsoft SQL Server\150\Tools\Binn\;C:\Program Files\Microsoft SQL Server\Client SDK\ODBC\170\Tools\Binn\;C:\Program Files\dotnet\;C:\Program Files (x86)\Incredibuild;C:\Program Files (x86)\Wind;C:\Program Files\nodejs\;C:\ProgramData\chocolatey\lib\maven\apache-maven-3.9.9\bin;C:\Program Files\System32\scrcpy;C:\Program Files\scrcpy;C:\Program Files\Common Files\Oracle\Java\javapath;C:\Windows\system32;C:\Windows;C:\Windows\System32\Wbem;C:\Windows\System32\WindowsPowerShell\v1.0\;C:\Windows\System32\OpenSSH\;C:\ProgramData\chocolatey\bin;C:\Program Files\Microsoft SQL Server\150\Tools\Binn\;C:\Program Files\Microsoft SQL Server\Client SDK\ODBC\170\Tools\Binn\;C:\Program Files\dotnet\;C:\Program Files (x86)\Incredibuild;C:\Program Files (x86)\Windows Kits\10\Windows Performance Toolkit\;C:\Program Files\Git\cmd;C:\Users\Shibli Sadik\AppData\Local\Microsoft\WindowsApps;C:\Users\Shibli Sadik\AppData\Local\Programs\Microsoft VS Code\bin;C:\Program Files\JetBrains\IntelliJ IDEA 2024.2.1\bin;C:\Users\Shibli Sadik\.dotnet\tools;C:\Users\Shibli Sadik\AppData\Local\Packages\PythonSoftwareFoundation.Python.3.12_qbz5n2kfra8p0\LocalCache\local-packages\Python312\Scripts;C:\Users\Shibli Sadik\AppData\Roaming\npm;C:\Program Files\scrcpy;C:\Program Files\Common Files\Oracle\Java\javapath;C:\Windows\system32;C:\Windows;C:\Windows\System32\Wbem;C:\Windows\System32\WindowsPowerShell\v1.0\;C:\Windows\System32\OpenSSH\;C:\ProgramData\chocolatey\bin;C:\Program Files\Microsoft SQL Server\150\Tools\Binn\;C:\Program Files\Microsoft SQL Server\Client SDK\ODBC\170\Tools\Binn\;C:\Program Files\dotnet\;C:\Program Files (x86)\Incredibuild;C:\Program Files (x86)\Windows Kits\10\Windows Performance Toolkit\;C:\Program Files\Git\cmd;C:\Users\Shibli Sadik\AppData\Local\Microsoft\WindowsApps;C:\Users\Shibli Sadik\AppData\Local\Programs\Microsoft VS Code\bin;C:\Program Files\JetBrains\IntelliJ IDEA 2024.2.1\bin;C:\Users\Shibli Sadik\.dotnet\tools;C:\Users\Shibli Sadik\AppData\Local\Packages\PythonSoftwareFoundation.Python.3.12_qbz5n2kfra8p0\LocalCache\local-packages\Python312\Scripts;C:\Users\Shibli Sadik\AppData\Roaming\npm;C:\Program Files\scrcpy\scrcpy-win64-v2.6.1;C:\Program Files\PowerShell\7\;C:\Program Files\Common Files\Oracle\Java\javapath;C:\Program Files (x86)\Common Files\Oracle\Java\javapath;C:\Windows\system32;C:\Windows;C:\Windows\System32\Wbem;C:\Windows\System32\WindowsPowerShell\v1.0\;C:\Windows\System32\OpenSSH\;C:\ProgramData\chocolatey\bin;C:\Program Files\Microsoft SQL Server\150\Tools\Binn\;C:\Program Files\Microsoft SQL Server\Client SDK\ODBC\170\Tools\Binn\;C:\Program Files\dotnet\;C:\Program Files (x86)\Incredibuild;C:\Program Files (x86)\Windows Kits\10\Windows Performance Toolkit\;C:\Program Files\Git\cmd;C:\Users\Shibli Sadik\AppData\Local\Microsoft\WindowsApps;C:\Users\Shibli Sadik\AppData\Local\Programs\Microsoft VS Code\bin;C:\Program Files\JetBrains\IntelliJ IDEA 2024.2.1\bin;C:\Users\Shibli Sadik\.dotnet\tools;C:\Users\Shibli Sadik\AppData\Local\Packages\PythonSoftwareFoundation.Python.3.12_qbz5n2kfra8p0\LocalCache\local-packages\Python312\Scripts;C:\Users\Shibli Sadik\AppData\Roaming\npm;C:\Program Files\Nmap
USERNAME=Shibli Sadik
OS=Windows_NT
PROCESSOR_IDENTIFIER=Intel64 Family 6 Model 142 Stepping 11, GenuineIntel
TMP=C:\Users\SHIBLI~1\AppData\Local\Temp
TEMP=C:\Users\SHIBLI~1\AppData\Local\Temp




Periodic native trim disabled

---------------  S Y S T E M  ---------------

OS:
 Windows 11 , 64 bit Build 22621 (10.0.22621.3958)
OS uptime: 9 days 2:18 hours

CPU: total 8 (initial active 8) (4 cores per cpu, 2 threads per core) family 6 model 142 stepping 11 microcode 0xf2, cx8, cmov, fxsr, ht, mmx, 3dnowpref, sse, sse2, sse3, ssse3, sse4.1, sse4.2, popcnt, lzcnt, tsc, tscinvbit, avx, avx2, aes, erms, clmul, bmi1, bmi2, adx, fma, vzeroupper, clflush, clflushopt, rdtscp, f16c
Processor Information for all 8 processors :
  Max Mhz: 1800, Current Mhz: 1600, Mhz Limit: 1584

Memory: 4k page, system-wide physical 3977M (144M free)
TotalPageFile size 16265M (AvailPageFile size 5M)
current process WorkingSet (physical memory assigned to process): 266M, peak: 269M
current process commit charge ("private bytes"): 449M, peak: 449M

vm_info: Java HotSpot(TM) 64-Bit Server VM (21.0.4+8-LTS-274) for windows-amd64 JRE (21.0.4+8-LTS-274), built on 2024-06-05T05:23:33Z by "mach5one" with MS VC++ 17.6 (VS2022)

END.
