#
# There is insufficient memory for the Java Runtime Environment to continue.
# Native memory allocation (mmap) failed to map 83886080 bytes for G1 virtual space
# Possible reasons:
#   The system is out of physical RAM or swap space
#   The process is running with CompressedOops enabled, and the Java Heap may be blocking the growth of the native heap
# Possible solutions:
#   Reduce memory load on the system
#   Increase physical memory or swap space
#   Check if swap backing store is full
#   Decrease Java heap size (-Xmx/-Xms)
#   Decrease number of Java threads
#   Decrease Java thread stack sizes (-Xss)
#   Set larger code cache with -XX:ReservedCodeCacheSize=
#   JVM is running with Unscaled Compressed Oops mode in which the Java heap is
#     placed in the first 4GB address space. The Java Heap base address is the
#     maximum limit for the native heap growth. Please use -XX:HeapBaseMinAddress
#     to set the Java Heap base and to place the Java Heap above 4GB virtual address.
# This output file may be truncated or incomplete.
#
#  Out of Memory Error (os_windows.cpp:3600), pid=4404, tid=9456
#
# JRE version: Java(TM) SE Runtime Environment (21.0.4+8) (build 21.0.4+8-LTS-274)
# Java VM: Java HotSpot(TM) 64-Bit Server VM (21.0.4+8-LTS-274, mixed mode, emulated-client, sharing, tiered, compressed oops, compressed class ptrs, g1 gc, windows-amd64)
# No core dump will be written. Minidumps are not enabled by default on client versions of Windows
#

---------------  S U M M A R Y ------------

Command Line: -XX:TieredStopAtLevel=1 -Dspring.output.ansi.enabled=always -Dcom.sun.management.jmxremote -Dspring.jmx.enabled=true -Dspring.liveBeansView.mbeanDomain -Dspring.application.admin.enabled=true -Dmanagement.endpoints.jmx.exposure.include=* -javaagent:C:\Program Files\JetBrains\IntelliJ IDEA 2024.2.3\lib\idea_rt.jar=3319:C:\Program Files\JetBrains\IntelliJ IDEA 2024.2.3\bin -Dfile.encoding=UTF-8 -Dsun.stdout.encoding=UTF-8 -Dsun.stderr.encoding=UTF-8 com.gamertoky1188.spreedsheet.server.gamertoky1188.Gamertoky1188Application

Host: Intel(R) Core(TM) i5-8265U CPU @ 1.60GHz, 8 cores, 3G,  Windows 11 , 64 bit Build 22621 (10.0.22621.3958)
Time: Sat Oct 19 19:17:20 2024 Bangladesh Standard Time elapsed time: 410.666459 seconds (0d 0h 6m 50s)

---------------  T H R E A D  ---------------

Current thread (0x000001e07f4f3440):  VMThread "VM Thread"          [id=9456, stack(0x0000000b20900000,0x0000000b20a00000) (1024K)]

Stack: [0x0000000b20900000,0x0000000b20a00000]
Native frames: (J=compiled Java code, j=interpreted, Vv=VM code, C=native code)
V  [jvm.dll+0x6c8e59]
V  [jvm.dll+0x853181]
V  [jvm.dll+0x8556ae]
V  [jvm.dll+0x855d83]
V  [jvm.dll+0x27d526]
V  [jvm.dll+0x6c55f5]
V  [jvm.dll+0x6ba17a]
V  [jvm.dll+0x352a8a]
V  [jvm.dll+0x35a6e6]
V  [jvm.dll+0x3acdae]
V  [jvm.dll+0x3ad058]
V  [jvm.dll+0x326dec]
V  [jvm.dll+0x326e77]
V  [jvm.dll+0x36b75c]
V  [jvm.dll+0x369fae]
V  [jvm.dll+0x3265b1]
V  [jvm.dll+0x3696ca]
V  [jvm.dll+0x85bb50]
V  [jvm.dll+0x85ced4]
V  [jvm.dll+0x85d410]
V  [jvm.dll+0x85d6b3]
V  [jvm.dll+0x7fd65b]
V  [jvm.dll+0x6c753d]
C  [ucrtbase.dll+0x29333]
C  [KERNEL32.DLL+0x1257d]
C  [ntdll.dll+0x5af08]

VM_Operation (0x0000000b201fb8a0): G1CollectForAllocation, mode: safepoint, requested by thread 0x000001e049137c50


---------------  P R O C E S S  ---------------

Threads class SMR info:
_java_thread_list=0x000001e048fa9f40, length=19, elements={
0x000001e07f50f460, 0x000001e07f50fd90, 0x000001e07f511140, 0x000001e07f512920,
0x000001e07f5173a0, 0x000001e07f51ab60, 0x000001e07f526940, 0x000001e07f770b80,
0x000001e04717eff0, 0x000001e047180270, 0x000001e047315560, 0x000001e0479d25d0,
0x000001e0479cc830, 0x000001e047aed4a0, 0x000001e049136210, 0x000001e049132070,
0x000001e0491347d0, 0x000001e049134e60, 0x000001e049137c50
}

Java Threads: ( => current thread )
  0x000001e07f50f460 JavaThread "Reference Handler"          daemon [_thread_blocked, id=12096, stack(0x0000000b20a00000,0x0000000b20b00000) (1024K)]
  0x000001e07f50fd90 JavaThread "Finalizer"                  daemon [_thread_blocked, id=12884, stack(0x0000000b20b00000,0x0000000b20c00000) (1024K)]
  0x000001e07f511140 JavaThread "Signal Dispatcher"          daemon [_thread_blocked, id=13896, stack(0x0000000b20c00000,0x0000000b20d00000) (1024K)]
  0x000001e07f512920 JavaThread "Attach Listener"            daemon [_thread_blocked, id=9772, stack(0x0000000b20d00000,0x0000000b20e00000) (1024K)]
  0x000001e07f5173a0 JavaThread "Service Thread"             daemon [_thread_blocked, id=21668, stack(0x0000000b20e00000,0x0000000b20f00000) (1024K)]
  0x000001e07f51ab60 JavaThread "Monitor Deflation Thread"   daemon [_thread_blocked, id=6056, stack(0x0000000b20f00000,0x0000000b21000000) (1024K)]
  0x000001e07f526940 JavaThread "C1 CompilerThread0"         daemon [_thread_blocked, id=13204, stack(0x0000000b21000000,0x0000000b21100000) (1024K)]
  0x000001e07f770b80 JavaThread "Common-Cleaner"             daemon [_thread_blocked, id=2980, stack(0x0000000b21200000,0x0000000b21300000) (1024K)]
  0x000001e04717eff0 JavaThread "Monitor Ctrl-Break"         daemon [_thread_in_native, id=16296, stack(0x0000000b21300000,0x0000000b21400000) (1024K)]
  0x000001e047180270 JavaThread "Notification Thread"        daemon [_thread_blocked, id=17132, stack(0x0000000b21400000,0x0000000b21500000) (1024K)]
  0x000001e047315560 JavaThread "RMI TCP Accept-0"           daemon [_thread_in_native, id=16464, stack(0x0000000b21500000,0x0000000b21600000) (1024K)]
  0x000001e0479d25d0 JavaThread "RMI Scheduler(0)"           daemon [_thread_blocked, id=1944, stack(0x0000000b22000000,0x0000000b22100000) (1024K)]
  0x000001e0479cc830 JavaThread "JMX server connection timeout 36" daemon [_thread_blocked, id=15352, stack(0x0000000b22100000,0x0000000b22200000) (1024K)]
  0x000001e047aed4a0 JavaThread "Live Reload Server"         daemon [_thread_in_native, id=10176, stack(0x0000000b22800000,0x0000000b22900000) (1024K)]
  0x000001e049136210 JavaThread "DestroyJavaVM"                     [_thread_blocked, id=11556, stack(0x0000000b20200000,0x0000000b20300000) (1024K)]
  0x000001e049132070 JavaThread "RMI TCP Connection(idle)"   daemon [_thread_blocked, id=3668, stack(0x0000000b1ff00000,0x0000000b20000000) (1024K)]
  0x000001e0491347d0 JavaThread "RMI TCP Connection(6)-192.168.1.2" daemon [_thread_in_native, id=2376, stack(0x0000000b21100000,0x0000000b21200000) (1024K)]
  0x000001e049134e60 JavaThread "Thread-27"                         [_thread_blocked, id=8536, stack(0x0000000b20000000,0x0000000b20100000) (1024K)]
  0x000001e049137c50 JavaThread "restartedMain"                     [_thread_blocked, id=13740, stack(0x0000000b20100000,0x0000000b20200000) (1024K)]
Total: 19

Other Threads:
=>0x000001e07f4f3440 VMThread "VM Thread"                           [id=9456, stack(0x0000000b20900000,0x0000000b20a00000) (1024K)]
  0x000001e07f4df2b0 WatcherThread "VM Periodic Task Thread"        [id=21972, stack(0x0000000b20800000,0x0000000b20900000) (1024K)]
  0x000001e072205d70 WorkerThread "GC Thread#0"                     [id=7492, stack(0x0000000b20300000,0x0000000b20400000) (1024K)]
  0x000001e07f4f30a0 WorkerThread "GC Thread#1"                     [id=1824, stack(0x0000000b21600000,0x0000000b21700000) (1024K)]
  0x000001e07f4f3b80 WorkerThread "GC Thread#2"                     [id=9144, stack(0x0000000b21700000,0x0000000b21800000) (1024K)]
  0x000001e07f4f37e0 WorkerThread "GC Thread#3"                     [id=14452, stack(0x0000000b21800000,0x0000000b21900000) (1024K)]
  0x000001e07f4f3f20 WorkerThread "GC Thread#4"                     [id=3788, stack(0x0000000b21900000,0x0000000b21a00000) (1024K)]
  0x000001e07f4f4a00 WorkerThread "GC Thread#5"                     [id=18792, stack(0x0000000b21a00000,0x0000000b21b00000) (1024K)]
  0x000001e07f4f42c0 WorkerThread "GC Thread#6"                     [id=17800, stack(0x0000000b21b00000,0x0000000b21c00000) (1024K)]
  0x000001e07f4f4660 WorkerThread "GC Thread#7"                     [id=16256, stack(0x0000000b21c00000,0x0000000b21d00000) (1024K)]
  0x000001e07220e8d0 ConcurrentGCThread "G1 Main Marker"            [id=20072, stack(0x0000000b20400000,0x0000000b20500000) (1024K)]
  0x000001e0722124a0 WorkerThread "G1 Conc#0"                       [id=5028, stack(0x0000000b20500000,0x0000000b20600000) (1024K)]
  0x000001e047a556a0 WorkerThread "G1 Conc#1"                       [id=7024, stack(0x0000000b22200000,0x0000000b22300000) (1024K)]
  0x000001e07f3b10a0 ConcurrentGCThread "G1 Refine#0"               [id=3388, stack(0x0000000b20600000,0x0000000b20700000) (1024K)]
  0x000001e07f3b1720 ConcurrentGCThread "G1 Service"                [id=3836, stack(0x0000000b20700000,0x0000000b20800000) (1024K)]
Total: 15

Threads with active compile tasks:
Total: 0

VM state: at safepoint (normal execution)

VM Mutex/Monitor currently owned by a thread:  ([mutex/lock_event])
[0x00007ffa39007e98] Threads_lock - owner thread: 0x000001e07f4f3440
[0x00007ffa39007f98] Heap_lock - owner thread: 0x000001e049137c50

Heap address: 0x00000000c1c00000, size: 996 MB, Compressed Oops mode: 32-bit

CDS archive(s) mapped at: [0x000001e002000000-0x000001e002c90000-0x000001e002c90000), size 13172736, SharedBaseAddress: 0x000001e002000000, ArchiveRelocationMode: 1.
Compressed class space mapped at: 0x000001e003000000-0x000001e043000000, reserved size: 1073741824
Narrow klass base: 0x000001e002000000, Narrow klass shift: 0, Narrow klass range: 0x100000000

GC Precious Log:
 CardTable entry size: 512
 Card Set container configuration: InlinePtr #cards 5 size 8 Array Of Cards #cards 12 size 40 Howl #buckets 4 coarsen threshold 1843 Howl Bitmap #cards 512 size 80 coarsen threshold 460 Card regions per heap region 1 cards per card region 2048
 CPUs: 8 total, 8 available
 Memory: 3977M
 Large Page Support: Disabled
 NUMA Support: Disabled
 Compressed Oops: Enabled (32-bit)
 Heap Region Size: 1M
 Heap Min Capacity: 8M
 Heap Initial Capacity: 64M
 Heap Max Capacity: 996M
 Pre-touch: Disabled
 Parallel Workers: 8
 Concurrent Workers: 2
 Concurrent Refinement Workers: 8
 Periodic GC: Disabled

Heap:
 garbage-first heap   total 66560K, used 26009K [0x00000000c1c00000, 0x0000000100000000)
  region size 1024K, 3 young (3072K), 3 survivors (3072K)
 Metaspace       used 46383K, committed 47616K, reserved 1114112K
  class space    used 6381K, committed 6848K, reserved 1048576K

Heap Regions: E=young(eden), S=young(survivor), O=old, HS=humongous(starts), HC=humongous(continues), CS=collection set, F=free, TAMS=top-at-mark-start, PB=parsable bottom
|   0|0x00000000c1c00000, 0x00000000c1d00000, 0x00000000c1d00000|100%| O|  |TAMS 0x00000000c1c00000| PB 0x00000000c1c00000| Untracked 
|   1|0x00000000c1d00000, 0x00000000c1dfa668, 0x00000000c1e00000| 97%| O|  |TAMS 0x00000000c1d00000| PB 0x00000000c1d00000| Untracked 
|   2|0x00000000c1e00000, 0x00000000c1effff8, 0x00000000c1f00000| 99%| O|  |TAMS 0x00000000c1e00000| PB 0x00000000c1e00000| Untracked 
|   3|0x00000000c1f00000, 0x00000000c1fffff8, 0x00000000c2000000| 99%| O|  |TAMS 0x00000000c1f00000| PB 0x00000000c1f00000| Untracked 
|   4|0x00000000c2000000, 0x00000000c20fffd8, 0x00000000c2100000| 99%| O|  |TAMS 0x00000000c2000000| PB 0x00000000c2000000| Untracked 
|   5|0x00000000c2100000, 0x00000000c21ffff0, 0x00000000c2200000| 99%| O|  |TAMS 0x00000000c2100000| PB 0x00000000c2100000| Untracked 
|   6|0x00000000c2200000, 0x00000000c22fffe8, 0x00000000c2300000| 99%| O|  |TAMS 0x00000000c2200000| PB 0x00000000c2200000| Untracked 
|   7|0x00000000c2300000, 0x00000000c23ffff0, 0x00000000c2400000| 99%| O|  |TAMS 0x00000000c2300000| PB 0x00000000c2300000| Untracked 
|   8|0x00000000c2400000, 0x00000000c24fffb8, 0x00000000c2500000| 99%| O|  |TAMS 0x00000000c2400000| PB 0x00000000c2400000| Untracked 
|   9|0x00000000c2500000, 0x00000000c2600000, 0x00000000c2600000|100%| O|  |TAMS 0x00000000c2500000| PB 0x00000000c2500000| Untracked 
|  10|0x00000000c2600000, 0x00000000c26fffe0, 0x00000000c2700000| 99%| O|  |TAMS 0x00000000c2600000| PB 0x00000000c2600000| Untracked 
|  11|0x00000000c2700000, 0x00000000c2800000, 0x00000000c2800000|100%| O|  |TAMS 0x00000000c2700000| PB 0x00000000c2700000| Untracked 
|  12|0x00000000c2800000, 0x00000000c28fffe8, 0x00000000c2900000| 99%| O|  |TAMS 0x00000000c2800000| PB 0x00000000c2800000| Untracked 
|  13|0x00000000c2900000, 0x00000000c29fffc8, 0x00000000c2a00000| 99%| O|  |TAMS 0x00000000c2900000| PB 0x00000000c2900000| Untracked 
|  14|0x00000000c2a00000, 0x00000000c2afffd0, 0x00000000c2b00000| 99%| O|  |TAMS 0x00000000c2a00000| PB 0x00000000c2a00000| Untracked 
|  15|0x00000000c2b00000, 0x00000000c2bfffc0, 0x00000000c2c00000| 99%| O|  |TAMS 0x00000000c2b00000| PB 0x00000000c2b00000| Untracked 
|  16|0x00000000c2c00000, 0x00000000c2cfffc8, 0x00000000c2d00000| 99%| O|  |TAMS 0x00000000c2c00000| PB 0x00000000c2c00000| Untracked 
|  17|0x00000000c2d00000, 0x00000000c2dbff60, 0x00000000c2e00000| 74%| O|  |TAMS 0x00000000c2d00000| PB 0x00000000c2d00000| Untracked 
|  18|0x00000000c2e00000, 0x00000000c2eddc00, 0x00000000c2f00000| 86%| O|  |TAMS 0x00000000c2e00000| PB 0x00000000c2e00000| Untracked 
|  19|0x00000000c2f00000, 0x00000000c2ffffe0, 0x00000000c3000000| 99%| O|  |TAMS 0x00000000c2f00000| PB 0x00000000c2f00000| Untracked 
|  20|0x00000000c3000000, 0x00000000c30fffd0, 0x00000000c3100000| 99%| O|  |TAMS 0x00000000c3000000| PB 0x00000000c3000000| Untracked 
|  21|0x00000000c3100000, 0x00000000c31983f8, 0x00000000c3200000| 59%| O|  |TAMS 0x00000000c3100000| PB 0x00000000c3100000| Untracked 
|  22|0x00000000c3200000, 0x00000000c3200000, 0x00000000c3300000|  0%| F|  |TAMS 0x00000000c3200000| PB 0x00000000c3200000| Untracked 
|  23|0x00000000c3300000, 0x00000000c3300000, 0x00000000c3400000|  0%| F|  |TAMS 0x00000000c3300000| PB 0x00000000c3300000| Untracked 
|  24|0x00000000c3400000, 0x00000000c3481fd0, 0x00000000c3500000| 50%| O|  |TAMS 0x00000000c3400000| PB 0x00000000c3400000| Untracked 
|  25|0x00000000c3500000, 0x00000000c3500000, 0x00000000c3600000|  0%| F|  |TAMS 0x00000000c3500000| PB 0x00000000c3500000| Untracked 
|  26|0x00000000c3600000, 0x00000000c3600000, 0x00000000c3700000|  0%| F|  |TAMS 0x00000000c3600000| PB 0x00000000c3600000| Untracked 
|  27|0x00000000c3700000, 0x00000000c3700000, 0x00000000c3800000|  0%| F|  |TAMS 0x00000000c3700000| PB 0x00000000c3700000| Untracked 
|  28|0x00000000c3800000, 0x00000000c38b4318, 0x00000000c3900000| 70%| S|CS|TAMS 0x00000000c3800000| PB 0x00000000c3800000| Complete 
|  29|0x00000000c3900000, 0x00000000c3a00000, 0x00000000c3a00000|100%| S|CS|TAMS 0x00000000c3900000| PB 0x00000000c3900000| Complete 
|  30|0x00000000c3a00000, 0x00000000c3b00000, 0x00000000c3b00000|100%| S|CS|TAMS 0x00000000c3a00000| PB 0x00000000c3a00000| Complete 
|  31|0x00000000c3b00000, 0x00000000c3c00000, 0x00000000c3c00000|100%| O|  |TAMS 0x00000000c3b00000| PB 0x00000000c3b00000| Untracked 
|  32|0x00000000c3c00000, 0x00000000c3c00000, 0x00000000c3d00000|  0%| F|  |TAMS 0x00000000c3c00000| PB 0x00000000c3c00000| Untracked 
|  33|0x00000000c3d00000, 0x00000000c3d00000, 0x00000000c3e00000|  0%| F|  |TAMS 0x00000000c3d00000| PB 0x00000000c3d00000| Untracked 
|  34|0x00000000c3e00000, 0x00000000c3e00000, 0x00000000c3f00000|  0%| F|  |TAMS 0x00000000c3e00000| PB 0x00000000c3e00000| Untracked 
|  35|0x00000000c3f00000, 0x00000000c3f00000, 0x00000000c4000000|  0%| F|  |TAMS 0x00000000c3f00000| PB 0x00000000c3f00000| Untracked 
|  36|0x00000000c4000000, 0x00000000c4000000, 0x00000000c4100000|  0%| F|  |TAMS 0x00000000c4000000| PB 0x00000000c4000000| Untracked 
|  37|0x00000000c4100000, 0x00000000c4100000, 0x00000000c4200000|  0%| F|  |TAMS 0x00000000c4100000| PB 0x00000000c4100000| Untracked 
|  38|0x00000000c4200000, 0x00000000c4200000, 0x00000000c4300000|  0%| F|  |TAMS 0x00000000c4200000| PB 0x00000000c4200000| Untracked 
|  39|0x00000000c4300000, 0x00000000c4300000, 0x00000000c4400000|  0%| F|  |TAMS 0x00000000c4300000| PB 0x00000000c4300000| Untracked 
|  40|0x00000000c4400000, 0x00000000c4400000, 0x00000000c4500000|  0%| F|  |TAMS 0x00000000c4400000| PB 0x00000000c4400000| Untracked 
|  41|0x00000000c4500000, 0x00000000c4500000, 0x00000000c4600000|  0%| F|  |TAMS 0x00000000c4500000| PB 0x00000000c4500000| Untracked 
|  42|0x00000000c4600000, 0x00000000c4600000, 0x00000000c4700000|  0%| F|  |TAMS 0x00000000c4600000| PB 0x00000000c4600000| Untracked 
|  43|0x00000000c4700000, 0x00000000c4700000, 0x00000000c4800000|  0%| F|  |TAMS 0x00000000c4700000| PB 0x00000000c4700000| Untracked 
|  44|0x00000000c4800000, 0x00000000c4800000, 0x00000000c4900000|  0%| F|  |TAMS 0x00000000c4800000| PB 0x00000000c4800000| Untracked 
|  45|0x00000000c4900000, 0x00000000c4900000, 0x00000000c4a00000|  0%| F|  |TAMS 0x00000000c4900000| PB 0x00000000c4900000| Untracked 
|  46|0x00000000c4a00000, 0x00000000c4a00000, 0x00000000c4b00000|  0%| F|  |TAMS 0x00000000c4a00000| PB 0x00000000c4a00000| Untracked 
|  47|0x00000000c4b00000, 0x00000000c4b00000, 0x00000000c4c00000|  0%| F|  |TAMS 0x00000000c4b00000| PB 0x00000000c4b00000| Untracked 
|  48|0x00000000c4c00000, 0x00000000c4c00000, 0x00000000c4d00000|  0%| F|  |TAMS 0x00000000c4c00000| PB 0x00000000c4c00000| Untracked 
|  49|0x00000000c4d00000, 0x00000000c4d00000, 0x00000000c4e00000|  0%| F|  |TAMS 0x00000000c4d00000| PB 0x00000000c4d00000| Untracked 
|  50|0x00000000c4e00000, 0x00000000c4e00000, 0x00000000c4f00000|  0%| F|  |TAMS 0x00000000c4e00000| PB 0x00000000c4e00000| Untracked 
|  51|0x00000000c4f00000, 0x00000000c4f00000, 0x00000000c5000000|  0%| F|  |TAMS 0x00000000c4f00000| PB 0x00000000c4f00000| Untracked 
|  52|0x00000000c5000000, 0x00000000c5000000, 0x00000000c5100000|  0%| F|  |TAMS 0x00000000c5000000| PB 0x00000000c5000000| Untracked 
|  53|0x00000000c5100000, 0x00000000c5100000, 0x00000000c5200000|  0%| F|  |TAMS 0x00000000c5100000| PB 0x00000000c5100000| Untracked 
|  54|0x00000000c5200000, 0x00000000c5200000, 0x00000000c5300000|  0%| F|  |TAMS 0x00000000c5200000| PB 0x00000000c5200000| Untracked 
|  55|0x00000000c5300000, 0x00000000c5300000, 0x00000000c5400000|  0%| F|  |TAMS 0x00000000c5300000| PB 0x00000000c5300000| Untracked 
|  56|0x00000000c5400000, 0x00000000c5400000, 0x00000000c5500000|  0%| F|  |TAMS 0x00000000c5400000| PB 0x00000000c5400000| Untracked 
|  57|0x00000000c5500000, 0x00000000c5500000, 0x00000000c5600000|  0%| F|  |TAMS 0x00000000c5500000| PB 0x00000000c5500000| Untracked 
|  58|0x00000000c5600000, 0x00000000c5600000, 0x00000000c5700000|  0%| F|  |TAMS 0x00000000c5600000| PB 0x00000000c5600000| Untracked 
|  59|0x00000000c5700000, 0x00000000c5700000, 0x00000000c5800000|  0%| F|  |TAMS 0x00000000c5700000| PB 0x00000000c5700000| Untracked 
|  60|0x00000000c5800000, 0x00000000c5800000, 0x00000000c5900000|  0%| F|  |TAMS 0x00000000c5800000| PB 0x00000000c5800000| Untracked 
|  61|0x00000000c5900000, 0x00000000c5900000, 0x00000000c5a00000|  0%| F|  |TAMS 0x00000000c5900000| PB 0x00000000c5900000| Untracked 
|  62|0x00000000c5a00000, 0x00000000c5a00000, 0x00000000c5b00000|  0%| F|  |TAMS 0x00000000c5a00000| PB 0x00000000c5a00000| Untracked 
|  63|0x00000000c5b00000, 0x00000000c5b00000, 0x00000000c5c00000|  0%| F|  |TAMS 0x00000000c5b00000| PB 0x00000000c5b00000| Untracked 
|  64|0x00000000c5c00000, 0x00000000c5c00000, 0x00000000c5d00000|  0%| F|  |TAMS 0x00000000c5c00000| PB 0x00000000c5c00000| Untracked 

Card table byte_map: [0x000001e07d930000,0x000001e07db30000] _byte_map_base: 0x000001e07d322000

Marking Bits: (CMBitMap*) 0x000001e072206370
 Bits: [0x000001e07db30000, 0x000001e07eac0000)

Polling page: 0x000001e071970000

Metaspace:

Usage:
  Non-class:     39.06 MB used.
      Class:      6.23 MB used.
       Both:     45.30 MB used.

Virtual space:
  Non-class space:       64.00 MB reserved,      39.81 MB ( 62%) committed,  1 nodes.
      Class space:        1.00 GB reserved,       6.69 MB ( <1%) committed,  1 nodes.
             Both:        1.06 GB reserved,      46.50 MB (  4%) committed. 

Chunk freelists:
   Non-Class:  8.37 MB
       Class:  9.37 MB
        Both:  17.75 MB

MaxMetaspaceSize: unlimited
CompressedClassSpaceSize: 1.00 GB
Initial GC threshold: 21.00 MB
Current GC threshold: 77.44 MB
CDS: on
 - commit_granule_bytes: 65536.
 - commit_granule_words: 8192.
 - virtual_space_node_default_size: 8388608.
 - enlarge_chunks_in_place: 1.
 - use_allocation_guard: 0.


Internal statistics:

num_allocs_failed_limit: 6.
num_arena_births: 1254.
num_arena_deaths: 546.
num_vsnodes_births: 2.
num_vsnodes_deaths: 0.
num_space_committed: 744.
num_space_uncommitted: 0.
num_chunks_returned_to_freelist: 637.
num_chunks_taken_from_freelist: 2889.
num_chunk_merges: 157.
num_chunk_splits: 1852.
num_chunks_enlarged: 1272.
num_inconsistent_stats: 0.

CodeCache: size=49152Kb used=10409Kb max_used=11968Kb free=38742Kb
 bounds [0x000001e07a620000, 0x000001e07b1e0000, 0x000001e07d620000]
 total_blobs=5794 nmethods=5144 adapters=574
 compilation: enabled
              stopped_count=0, restarted_count=0
 full_count=0

Compilation events (20 events):
Event: 408.556 Thread 0x000001e07f526940 7630       1       org.springframework.asm.ClassReader::readParameterAnnotations (106 bytes)
Event: 408.565 Thread 0x000001e07f526940 nmethod 7630 0x000001e07aaa2e10 code [0x000001e07aaa3000, 0x000001e07aaa33d8]
Event: 408.619 Thread 0x000001e07f526940 7631       1       org.springframework.boot.origin.PropertySourceOrigin::<init> (32 bytes)
Event: 408.623 Thread 0x000001e07f526940 nmethod 7631 0x000001e07ab8a310 code [0x000001e07ab8a4e0, 0x000001e07ab8a860]
Event: 408.623 Thread 0x000001e07f526940 7632       1       org.springframework.boot.context.properties.source.ConfigurationProperty::<init> (38 bytes)
Event: 408.624 Thread 0x000001e07f526940 nmethod 7632 0x000001e07aeae590 code [0x000001e07aeae760, 0x000001e07aeaeaf8]
Event: 408.626 Thread 0x000001e07f526940 7633       1       org.springframework.core.ResolvableType$SyntheticParameterizedType::equals (64 bytes)
Event: 408.629 Thread 0x000001e07f526940 nmethod 7633 0x000001e07addd410 code [0x000001e07addd600, 0x000001e07addd8d0]
Event: 409.629 Thread 0x000001e07f526940 7634       1       org.springframework.beans.factory.support.AbstractBeanFactory::getApplicationStartup (5 bytes)
Event: 409.630 Thread 0x000001e07f526940 nmethod 7634 0x000001e07add8510 code [0x000001e07add86a0, 0x000001e07add8768]
Event: 409.813 Thread 0x000001e07f526940 7635       1       org.springframework.boot.actuate.autoconfigure.web.server.ManagementContextConfigurationImportSelector$ManagementConfiguration::getOrder (5 bytes)
Event: 409.814 Thread 0x000001e07f526940 nmethod 7635 0x000001e07ade0d90 code [0x000001e07ade0f20, 0x000001e07ade0fe8]
Event: 410.151 Thread 0x000001e07f526940 7636       1       java.util.Formatter$FormatSpecifier::<init> (68 bytes)
Event: 410.153 Thread 0x000001e07f526940 nmethod 7636 0x000001e07b186110 code [0x000001e07b1862e0, 0x000001e07b1864e8]
Event: 410.153 Thread 0x000001e07f526940 7637       1       java.util.Formatter$FormatSpecifier::print (57 bytes)
Event: 410.156 Thread 0x000001e07f526940 nmethod 7637 0x000001e07b1bd490 code [0x000001e07b1bd680, 0x000001e07b1bd9d8]
Event: 410.305 Thread 0x000001e07f526940 7638       1       org.springframework.boot.autoconfigure.condition.OnBeanCondition::appendMessageForNoMatches (59 bytes)
Event: 410.307 Thread 0x000001e07f526940 nmethod 7638 0x000001e07ae69090 code [0x000001e07ae69280, 0x000001e07ae694d8]
Event: 410.457 Thread 0x000001e07f526940 7639       1       org.springframework.boot.autoconfigure.condition.AbstractNestedCondition$MemberMatchOutcomes::getMatches (5 bytes)
Event: 410.458 Thread 0x000001e07f526940 nmethod 7639 0x000001e07adf4d90 code [0x000001e07adf4f20, 0x000001e07adf4fe8]

GC Heap History (20 events):
Event: 312.863 GC heap after
{Heap after GC invocations=21 (full 3):
 garbage-first heap   total 66560K, used 25778K [0x00000000c1c00000, 0x0000000100000000)
  region size 1024K, 3 young (3072K), 3 survivors (3072K)
 Metaspace       used 46304K, committed 47616K, reserved 1114112K
  class space    used 6371K, committed 6848K, reserved 1048576K
}
Event: 315.047 GC heap before
{Heap before GC invocations=21 (full 3):
 garbage-first heap   total 66560K, used 54450K [0x00000000c1c00000, 0x0000000100000000)
  region size 1024K, 31 young (31744K), 3 survivors (3072K)
 Metaspace       used 46316K, committed 47616K, reserved 1114112K
  class space    used 6373K, committed 6848K, reserved 1048576K
}
Event: 315.081 GC heap after
{Heap after GC invocations=22 (full 3):
 garbage-first heap   total 66560K, used 27763K [0x00000000c1c00000, 0x0000000100000000)
  region size 1024K, 3 young (3072K), 3 survivors (3072K)
 Metaspace       used 46316K, committed 47616K, reserved 1114112K
  class space    used 6373K, committed 6848K, reserved 1048576K
}
Event: 316.454 GC heap before
{Heap before GC invocations=22 (full 3):
 garbage-first heap   total 66560K, used 29811K [0x00000000c1c00000, 0x0000000100000000)
  region size 1024K, 6 young (6144K), 3 survivors (3072K)
 Metaspace       used 46318K, committed 47616K, reserved 1114112K
  class space    used 6374K, committed 6848K, reserved 1048576K
}
Event: 316.718 GC heap after
{Heap after GC invocations=23 (full 4):
 garbage-first heap   total 66560K, used 22838K [0x00000000c1c00000, 0x0000000100000000)
  region size 1024K, 0 young (0K), 0 survivors (0K)
 Metaspace       used 46312K, committed 47616K, reserved 1114112K
  class space    used 6372K, committed 6848K, reserved 1048576K
}
Event: 317.215 GC heap before
{Heap before GC invocations=23 (full 4):
 garbage-first heap   total 66560K, used 55606K [0x00000000c1c00000, 0x0000000100000000)
  region size 1024K, 32 young (32768K), 0 survivors (0K)
 Metaspace       used 46324K, committed 47616K, reserved 1114112K
  class space    used 6373K, committed 6848K, reserved 1048576K
}
Event: 317.220 GC heap after
{Heap after GC invocations=24 (full 4):
 garbage-first heap   total 66560K, used 25595K [0x00000000c1c00000, 0x0000000100000000)
  region size 1024K, 3 young (3072K), 3 survivors (3072K)
 Metaspace       used 46324K, committed 47616K, reserved 1114112K
  class space    used 6373K, committed 6848K, reserved 1048576K
}
Event: 352.344 GC heap before
{Heap before GC invocations=24 (full 4):
 garbage-first heap   total 66560K, used 54267K [0x00000000c1c00000, 0x0000000100000000)
  region size 1024K, 33 young (33792K), 3 survivors (3072K)
 Metaspace       used 46338K, committed 47616K, reserved 1114112K
  class space    used 6376K, committed 6848K, reserved 1048576K
}
Event: 352.871 GC heap after
{Heap after GC invocations=25 (full 5):
 garbage-first heap   total 66560K, used 25118K [0x00000000c1c00000, 0x0000000100000000)
  region size 1024K, 0 young (0K), 0 survivors (0K)
 Metaspace       used 46338K, committed 47616K, reserved 1114112K
  class space    used 6376K, committed 6848K, reserved 1048576K
}
Event: 355.909 GC heap before
{Heap before GC invocations=25 (full 5):
 garbage-first heap   total 66560K, used 56862K [0x00000000c1c00000, 0x0000000100000000)
  region size 1024K, 31 young (31744K), 0 survivors (0K)
 Metaspace       used 46350K, committed 47616K, reserved 1114112K
  class space    used 6377K, committed 6848K, reserved 1048576K
}
Event: 355.920 GC heap after
{Heap after GC invocations=26 (full 5):
 garbage-first heap   total 66560K, used 28030K [0x00000000c1c00000, 0x0000000100000000)
  region size 1024K, 3 young (3072K), 3 survivors (3072K)
 Metaspace       used 46350K, committed 47616K, reserved 1114112K
  class space    used 6377K, committed 6848K, reserved 1048576K
}
Event: 358.584 GC heap before
{Heap before GC invocations=26 (full 5):
 garbage-first heap   total 66560K, used 57726K [0x00000000c1c00000, 0x0000000100000000)
  region size 1024K, 32 young (32768K), 3 survivors (3072K)
 Metaspace       used 46365K, committed 47616K, reserved 1114112K
  class space    used 6380K, committed 6848K, reserved 1048576K
}
Event: 358.604 GC heap after
{Heap after GC invocations=27 (full 5):
 garbage-first heap   total 66560K, used 28709K [0x00000000c1c00000, 0x0000000100000000)
  region size 1024K, 2 young (2048K), 2 survivors (2048K)
 Metaspace       used 46365K, committed 47616K, reserved 1114112K
  class space    used 6380K, committed 6848K, reserved 1048576K
}
Event: 358.898 GC heap before
{Heap before GC invocations=27 (full 5):
 garbage-first heap   total 66560K, used 29733K [0x00000000c1c00000, 0x0000000100000000)
  region size 1024K, 4 young (4096K), 2 survivors (2048K)
 Metaspace       used 46368K, committed 47616K, reserved 1114112K
  class space    used 6380K, committed 6848K, reserved 1048576K
}
Event: 359.149 GC heap after
{Heap after GC invocations=28 (full 6):
 garbage-first heap   total 66560K, used 20971K [0x00000000c1c00000, 0x0000000100000000)
  region size 1024K, 0 young (0K), 0 survivors (0K)
 Metaspace       used 46347K, committed 47616K, reserved 1114112K
  class space    used 6377K, committed 6848K, reserved 1048576K
}
Event: 360.655 GC heap before
{Heap before GC invocations=28 (full 6):
 garbage-first heap   total 66560K, used 55787K [0x00000000c1c00000, 0x0000000100000000)
  region size 1024K, 34 young (34816K), 0 survivors (0K)
 Metaspace       used 46359K, committed 47616K, reserved 1114112K
  class space    used 6378K, committed 6848K, reserved 1048576K
}
Event: 360.685 GC heap after
{Heap after GC invocations=29 (full 6):
 garbage-first heap   total 66560K, used 23885K [0x00000000c1c00000, 0x0000000100000000)
  region size 1024K, 3 young (3072K), 3 survivors (3072K)
 Metaspace       used 46359K, committed 47616K, reserved 1114112K
  class space    used 6378K, committed 6848K, reserved 1048576K
}
Event: 406.343 GC heap before
{Heap before GC invocations=29 (full 6):
 garbage-first heap   total 66560K, used 51533K [0x00000000c1c00000, 0x0000000100000000)
  region size 1024K, 31 young (31744K), 3 survivors (3072K)
 Metaspace       used 46371K, committed 47616K, reserved 1114112K
  class space    used 6380K, committed 6848K, reserved 1048576K
}
Event: 406.857 GC heap after
{Heap after GC invocations=30 (full 7):
 garbage-first heap   total 66560K, used 23240K [0x00000000c1c00000, 0x0000000100000000)
  region size 1024K, 0 young (0K), 0 survivors (0K)
 Metaspace       used 46371K, committed 47616K, reserved 1114112K
  class space    used 6380K, committed 6848K, reserved 1048576K
}
Event: 410.476 GC heap before
{Heap before GC invocations=30 (full 7):
 garbage-first heap   total 66560K, used 57032K [0x00000000c1c00000, 0x0000000100000000)
  region size 1024K, 33 young (33792K), 0 survivors (0K)
 Metaspace       used 46383K, committed 47616K, reserved 1114112K
  class space    used 6381K, committed 6848K, reserved 1048576K
}

Dll operation events (13 events):
Event: 0.027 Loaded shared library C:\Program Files\Java\jdk-21\bin\java.dll
Event: 0.219 Loaded shared library C:\Program Files\Java\jdk-21\bin\zip.dll
Event: 0.225 Loaded shared library C:\Program Files\Java\jdk-21\bin\instrument.dll
Event: 0.237 Loaded shared library C:\Program Files\Java\jdk-21\bin\net.dll
Event: 0.245 Loaded shared library C:\Program Files\Java\jdk-21\bin\nio.dll
Event: 0.251 Loaded shared library C:\Program Files\Java\jdk-21\bin\zip.dll
Event: 0.521 Loaded shared library C:\Program Files\JetBrains\IntelliJ IDEA 2024.2.3\bin\breakgen64.dll
Event: 0.533 Loaded shared library C:\Program Files\Java\jdk-21\bin\jimage.dll
Event: 0.551 Loaded shared library C:\Program Files\Java\jdk-21\bin\extnet.dll
Event: 0.618 Loaded shared library C:\Program Files\Java\jdk-21\bin\management.dll
Event: 0.644 Loaded shared library C:\Program Files\Java\jdk-21\bin\management_ext.dll
Event: 1.151 Loaded shared library C:\Program Files\Java\jdk-21\bin\verify.dll
Event: 3.024 Loaded shared library C:\Program Files\Java\jdk-21\bin\sunmscapi.dll

Deoptimization events (0 events):
No events

Classes loaded (20 events):
Event: 250.138 Loading class java/util/concurrent/atomic/AtomicReferenceFieldUpdater$AtomicReferenceFieldUpdaterImpl
Event: 250.141 Loading class java/util/concurrent/atomic/AtomicReferenceFieldUpdater$AtomicReferenceFieldUpdaterImpl done
Event: 250.141 Loading class java/util/concurrent/atomic/AtomicReferenceFieldUpdater$AtomicReferenceFieldUpdaterImpl$1
Event: 250.141 Loading class java/util/concurrent/atomic/AtomicReferenceFieldUpdater$AtomicReferenceFieldUpdaterImpl$1 done
Event: 250.147 Loading class java/util/concurrent/ConcurrentHashMap$EntrySpliterator
Event: 250.149 Loading class java/util/concurrent/ConcurrentHashMap$EntrySpliterator done
Event: 250.269 Loading class javax/management/NotificationBroadcasterSupport$WildcardListenerInfo
Event: 250.272 Loading class javax/management/NotificationBroadcasterSupport$WildcardListenerInfo done
Event: 250.487 Loading class java/util/WeakHashMap$KeyIterator
Event: 250.489 Loading class java/util/WeakHashMap$HashIterator
Event: 250.491 Loading class java/util/WeakHashMap$HashIterator done
Event: 250.491 Loading class java/util/WeakHashMap$KeyIterator done
Event: 251.147 Loading class java/lang/ref/Finalizer$2
Event: 251.149 Loading class java/lang/ref/Finalizer$2 done
Event: 251.149 Loading class java/lang/ref/Finalizer$1
Event: 251.152 Loading class java/lang/ref/Finalizer$1 done
Event: 252.614 Loading class java/util/WeakHashMap$EntrySet
Event: 252.614 Loading class java/util/WeakHashMap$EntrySet done
Event: 252.614 Loading class java/util/WeakHashMap$EntryIterator
Event: 252.615 Loading class java/util/WeakHashMap$EntryIterator done

Classes unloaded (20 events):
Event: 254.807 Thread 0x000001e07f4f3440 Unloading class 0x000001e003006800 'java/lang/invoke/LambdaForm$MH+0x000001e003006800'
Event: 254.807 Thread 0x000001e07f4f3440 Unloading class 0x000001e003006000 'java/lang/invoke/LambdaForm$MH+0x000001e003006000'
Event: 254.807 Thread 0x000001e07f4f3440 Unloading class 0x000001e003005800 'java/lang/invoke/LambdaForm$MH+0x000001e003005800'
Event: 254.807 Thread 0x000001e07f4f3440 Unloading class 0x000001e003005000 'java/lang/invoke/LambdaForm$MH+0x000001e003005000'
Event: 254.807 Thread 0x000001e07f4f3440 Unloading class 0x000001e003004800 'java/lang/invoke/LambdaForm$MH+0x000001e003004800'
Event: 254.807 Thread 0x000001e07f4f3440 Unloading class 0x000001e003004000 'java/lang/invoke/LambdaForm$MH+0x000001e003004000'
Event: 254.807 Thread 0x000001e07f4f3440 Unloading class 0x000001e003002400 'java/lang/invoke/LambdaForm$MH+0x000001e003002400'
Event: 254.807 Thread 0x000001e07f4f3440 Unloading class 0x000001e003002000 'java/lang/invoke/LambdaForm$MH+0x000001e003002000'
Event: 254.807 Thread 0x000001e07f4f3440 Unloading class 0x000001e003001c00 'java/lang/invoke/LambdaForm$MH+0x000001e003001c00'
Event: 254.807 Thread 0x000001e07f4f3440 Unloading class 0x000001e003001400 'java/lang/invoke/LambdaForm$MH+0x000001e003001400'
Event: 316.471 Thread 0x000001e07f4f3440 Unloading class 0x000001e003594000 'org/apache/catalina/loader/JdbcLeakPrevention'
Event: 316.472 Thread 0x000001e07f4f3440 Unloading class 0x000001e003595400 'java/lang/invoke/LambdaForm$MH+0x000001e003595400'
Event: 316.472 Thread 0x000001e07f4f3440 Unloading class 0x000001e003596000 'java/lang/invoke/LambdaForm$MH+0x000001e003596000'
Event: 358.914 Thread 0x000001e07f4f3440 Unloading class 0x000001e003558000 'org/apache/catalina/loader/JdbcLeakPrevention'
Event: 358.914 Thread 0x000001e07f4f3440 Unloading class 0x000001e00355c800 'org/apache/catalina/loader/JdbcLeakPrevention'
Event: 358.914 Thread 0x000001e07f4f3440 Unloading class 0x000001e00355ac00 'jdk/internal/reflect/GeneratedSerializationConstructorAccessor42'
Event: 358.915 Thread 0x000001e07f4f3440 Unloading class 0x000001e00355bc00 'jdk/internal/reflect/GeneratedSerializationConstructorAccessor41'
Event: 358.915 Thread 0x000001e07f4f3440 Unloading class 0x000001e00355d400 'jdk/internal/reflect/GeneratedSerializationConstructorAccessor40'
Event: 358.915 Thread 0x000001e07f4f3440 Unloading class 0x000001e003559800 'org/apache/catalina/loader/JdbcLeakPrevention'
Event: 358.915 Thread 0x000001e07f4f3440 Unloading class 0x000001e00323c000 'java/lang/invoke/LambdaForm$MH+0x000001e00323c000'

Classes redefined (0 events):
No events

Internal exceptions (20 events):
Event: 317.270 Thread 0x000001e047aec0f0 Exception <a 'java/lang/NoClassDefFoundError'{0x00000000c5a59e70}: liquibase/integration/spring/SpringLiquibase> (0x00000000c5a59e70) 
thrown [s\open\src\hotspot\share\oops\constantPool.cpp, line 873]
Event: 317.331 Thread 0x000001e047aec0f0 Exception <a 'java/io/FileNotFoundException'{0x00000000c54cfe90}> (0x00000000c54cfe90) 
thrown [s\open\src\hotspot\share\prims\jni.cpp, line 520]
Event: 317.331 Thread 0x000001e047aec0f0 Exception <a 'java/io/FileNotFoundException'{0x00000000c54d1258}> (0x00000000c54d1258) 
thrown [s\open\src\hotspot\share\prims\jni.cpp, line 520]
Event: 317.379 Thread 0x000001e047aec0f0 Exception <a 'java/io/FileNotFoundException'{0x00000000c5098f68}> (0x00000000c5098f68) 
thrown [s\open\src\hotspot\share\prims\jni.cpp, line 520]
Event: 352.318 Thread 0x000001e047aeb3d0 Exception <a 'java/lang/InterruptedException'{0x00000000c3f88118}: sleep interrupted> (0x00000000c3f88118) 
thrown [s\open\src\hotspot\share\prims\jvm.cpp, line 3074]
Event: 353.158 Thread 0x000001e0491368a0 Exception <a 'sun/nio/fs/WindowsException'{0x00000000c5c9c498}> (0x00000000c5c9c498) 
thrown [s\open\src\hotspot\share\prims\jni.cpp, line 520]
Event: 356.137 Thread 0x000001e0491368a0 Exception <a 'java/lang/NoClassDefFoundError'{0x00000000c5959ae0}: org/flywaydb/core/Flyway> (0x00000000c5959ae0) 
thrown [s\open\src\hotspot\share\oops\constantPool.cpp, line 873]
Event: 356.137 Thread 0x000001e0491368a0 Exception <a 'java/lang/NoClassDefFoundError'{0x00000000c595a140}: liquibase/integration/spring/SpringLiquibase> (0x00000000c595a140) 
thrown [s\open\src\hotspot\share\oops\constantPool.cpp, line 873]
Event: 356.513 Thread 0x000001e0491368a0 Exception <a 'java/io/FileNotFoundException'{0x00000000c53cff58}> (0x00000000c53cff58) 
thrown [s\open\src\hotspot\share\prims\jni.cpp, line 520]
Event: 356.515 Thread 0x000001e0491368a0 Exception <a 'java/io/FileNotFoundException'{0x00000000c53d1320}> (0x00000000c53d1320) 
thrown [s\open\src\hotspot\share\prims\jni.cpp, line 520]
Event: 356.696 Thread 0x000001e0491368a0 Exception <a 'java/io/FileNotFoundException'{0x00000000c4fa1dc8}> (0x00000000c4fa1dc8) 
thrown [s\open\src\hotspot\share\prims\jni.cpp, line 520]
Event: 358.894 Thread 0x000001e049137c50 Exception <a 'java/lang/InterruptedException'{0x00000000c5b4b540}: sleep interrupted> (0x00000000c5b4b540) 
thrown [s\open\src\hotspot\share\prims\jvm.cpp, line 3074]
Event: 359.299 Thread 0x000001e047aec780 Exception <a 'sun/nio/fs/WindowsException'{0x00000000c5cb0e30}> (0x00000000c5cb0e30) 
thrown [s\open\src\hotspot\share\prims\jni.cpp, line 520]
Event: 360.708 Thread 0x000001e047aec780 Exception <a 'java/lang/NoClassDefFoundError'{0x00000000c5c68268}: org/flywaydb/core/Flyway> (0x00000000c5c68268) 
thrown [s\open\src\hotspot\share\oops\constantPool.cpp, line 873]
Event: 360.708 Thread 0x000001e047aec780 Exception <a 'java/lang/NoClassDefFoundError'{0x00000000c5c688c8}: liquibase/integration/spring/SpringLiquibase> (0x00000000c5c688c8) 
thrown [s\open\src\hotspot\share\oops\constantPool.cpp, line 873]
Event: 360.865 Thread 0x000001e047aec780 Exception <a 'java/io/FileNotFoundException'{0x00000000c56e5210}> (0x00000000c56e5210) 
thrown [s\open\src\hotspot\share\prims\jni.cpp, line 520]
Event: 360.865 Thread 0x000001e047aec780 Exception <a 'java/io/FileNotFoundException'{0x00000000c56e65d8}> (0x00000000c56e65d8) 
thrown [s\open\src\hotspot\share\prims\jni.cpp, line 520]
Event: 361.000 Thread 0x000001e047aec780 Exception <a 'java/io/FileNotFoundException'{0x00000000c52aef10}> (0x00000000c52aef10) 
thrown [s\open\src\hotspot\share\prims\jni.cpp, line 520]
Event: 406.329 Thread 0x000001e047aece10 Exception <a 'java/lang/InterruptedException'{0x00000000c415e2f8}: sleep interrupted> (0x00000000c415e2f8) 
thrown [s\open\src\hotspot\share\prims\jvm.cpp, line 3074]
Event: 407.171 Thread 0x000001e049137c50 Exception <a 'sun/nio/fs/WindowsException'{0x00000000c5c9df50}> (0x00000000c5c9df50) 
thrown [s\open\src\hotspot\share\prims\jni.cpp, line 520]

ZGC Phase Switch (0 events):
No events

VM Operations (20 events):
Event: 358.605 Executing VM operation: G1CollectForAllocation (G1 Evacuation Pause) done
Event: 358.898 Executing VM operation: G1CollectFull (System.gc())
Event: 359.157 Executing VM operation: G1CollectFull (System.gc()) done
Event: 360.169 Executing VM operation: Cleanup
Event: 360.171 Executing VM operation: Cleanup done
Event: 360.655 Executing VM operation: G1CollectForAllocation (G1 Evacuation Pause)
Event: 360.689 Executing VM operation: G1CollectForAllocation (G1 Evacuation Pause) done
Event: 360.689 Executing VM operation: HandshakeAllThreads (HandshakeForDeflation)
Event: 360.689 Executing VM operation: HandshakeAllThreads (HandshakeForDeflation) done
Event: 360.689 Executing VM operation: RendezvousGCThreads
Event: 360.689 Executing VM operation: RendezvousGCThreads done
Event: 361.693 Executing VM operation: Cleanup
Event: 361.694 Executing VM operation: Cleanup done
Event: 381.874 Executing VM operation: Cleanup
Event: 381.875 Executing VM operation: Cleanup done
Event: 406.340 Executing VM operation: G1CollectFull (System.gc())
Event: 406.857 Executing VM operation: G1CollectFull (System.gc()) done
Event: 407.870 Executing VM operation: Cleanup
Event: 407.871 Executing VM operation: Cleanup done
Event: 410.474 Executing VM operation: G1CollectForAllocation (G1 Evacuation Pause)

Events (20 events):
Event: 405.551 Thread 0x000001e049136f30 Thread exited: 0x000001e049136f30
Event: 405.574 Thread 0x000001e0491382e0 Thread exited: 0x000001e0491382e0
Event: 405.595 Thread 0x000001e049137c50 Thread exited: 0x000001e049137c50
Event: 405.596 Thread 0x000001e049135b80 Thread exited: 0x000001e049135b80
Event: 405.596 Thread 0x000001e049139000 Thread exited: 0x000001e049139000
Event: 405.599 Thread 0x000001e049133420 Thread exited: 0x000001e049133420
Event: 405.601 Thread 0x000001e049132700 Thread exited: 0x000001e049132700
Event: 405.601 Thread 0x000001e049133ab0 Thread exited: 0x000001e049133ab0
Event: 405.601 Thread 0x000001e049139690 Thread exited: 0x000001e049139690
Event: 405.601 Thread 0x000001e0491368a0 Thread exited: 0x000001e0491368a0
Event: 405.601 Thread 0x000001e049138970 Thread exited: 0x000001e049138970
Event: 405.601 Thread 0x000001e049134140 Thread exited: 0x000001e049134140
Event: 406.326 Thread 0x000001e047aeb3d0 Thread exited: 0x000001e047aeb3d0
Event: 406.328 Thread 0x000001e047aeba60 Thread exited: 0x000001e047aeba60
Event: 406.331 Thread 0x000001e047aece10 Thread exited: 0x000001e047aece10
Event: 406.863 Thread 0x000001e049135b80 Thread added: 0x000001e049135b80
Event: 406.864 Thread 0x000001e049135b80 Thread exited: 0x000001e049135b80
Event: 406.866 Thread 0x000001e049137c50 Thread added: 0x000001e049137c50
Event: 407.604 Thread 0x000001e049135b80 Thread added: 0x000001e049135b80
Event: 407.956 Thread 0x000001e049135b80 Thread exited: 0x000001e049135b80


Dynamic libraries:
0x00007ff7bd290000 - 0x00007ff7bd2a0000 	C:\Program Files\Java\jdk-21\bin\java.exe
0x00007ffab7210000 - 0x00007ffab7427000 	C:\Windows\SYSTEM32\ntdll.dll
0x00007ffab4fa0000 - 0x00007ffab5064000 	C:\Windows\System32\KERNEL32.DLL
0x00007ffab49b0000 - 0x00007ffab4d67000 	C:\Windows\System32\KERNELBASE.dll
0x00007ffab4d70000 - 0x00007ffab4e81000 	C:\Windows\System32\ucrtbase.dll
0x00007ffaa32e0000 - 0x00007ffaa32fb000 	C:\Program Files\Java\jdk-21\bin\VCRUNTIME140.dll
0x00007ffaa32c0000 - 0x00007ffaa32d9000 	C:\Program Files\Java\jdk-21\bin\jli.dll
0x00007ffab59b0000 - 0x00007ffab5a62000 	C:\Windows\System32\ADVAPI32.dll
0x00007ffab51d0000 - 0x00007ffab5277000 	C:\Windows\System32\msvcrt.dll
0x00007ffab5120000 - 0x00007ffab51c8000 	C:\Windows\System32\sechost.dll
0x00007ffab4e90000 - 0x00007ffab4eb8000 	C:\Windows\System32\bcrypt.dll
0x00007ffab5a80000 - 0x00007ffab5b94000 	C:\Windows\System32\RPCRT4.dll
0x00007ffab53c0000 - 0x00007ffab556f000 	C:\Windows\System32\USER32.dll
0x00007ffab45e0000 - 0x00007ffab4606000 	C:\Windows\System32\win32u.dll
0x00007ffa9d500000 - 0x00007ffa9d793000 	C:\Windows\WinSxS\amd64_microsoft.windows.common-controls_6595b64144ccf1df_6.0.22621.3672_none_2713b9d173822955\COMCTL32.dll
0x00007ffab62f0000 - 0x00007ffab6319000 	C:\Windows\System32\GDI32.dll
0x00007ffab4890000 - 0x00007ffab49a8000 	C:\Windows\System32\gdi32full.dll
0x00007ffab4610000 - 0x00007ffab46aa000 	C:\Windows\System32\msvcp_win.dll
0x00007ffaaab60000 - 0x00007ffaaab6a000 	C:\Windows\SYSTEM32\VERSION.dll
0x00007ffab5bf0000 - 0x00007ffab5c21000 	C:\Windows\System32\IMM32.DLL
0x00007ffaa3910000 - 0x00007ffaa391c000 	C:\Program Files\Java\jdk-21\bin\vcruntime140_1.dll
0x00007ffa9a6e0000 - 0x00007ffa9a76e000 	C:\Program Files\Java\jdk-21\bin\msvcp140.dll
0x00007ffa383d0000 - 0x00007ffa390e3000 	C:\Program Files\Java\jdk-21\bin\server\jvm.dll
0x00007ffab5080000 - 0x00007ffab50f1000 	C:\Windows\System32\WS2_32.dll
0x00007ffaac880000 - 0x00007ffaac8b4000 	C:\Windows\SYSTEM32\WINMM.dll
0x00007ffab33d0000 - 0x00007ffab341d000 	C:\Windows\SYSTEM32\POWRPROF.dll
0x00007ffab33b0000 - 0x00007ffab33c3000 	C:\Windows\SYSTEM32\UMPDC.dll
0x00007ffab3660000 - 0x00007ffab3678000 	C:\Windows\SYSTEM32\kernel.appcore.dll
0x00007ffaa35f0000 - 0x00007ffaa35fa000 	C:\Program Files\Java\jdk-21\bin\jimage.dll
0x00007ffab1930000 - 0x00007ffab1b62000 	C:\Windows\SYSTEM32\DBGHELP.DLL
0x00007ffab6b90000 - 0x00007ffab6f1e000 	C:\Windows\System32\combase.dll
0x00007ffab6210000 - 0x00007ffab62e7000 	C:\Windows\System32\OLEAUT32.dll
0x00007ffa99340000 - 0x00007ffa99372000 	C:\Windows\SYSTEM32\dbgcore.DLL
0x00007ffab4ec0000 - 0x00007ffab4f3b000 	C:\Windows\System32\bcryptPrimitives.dll
0x00007ffaa35b0000 - 0x00007ffaa35bf000 	C:\Program Files\Java\jdk-21\bin\instrument.dll
0x00007ffaa3310000 - 0x00007ffaa332f000 	C:\Program Files\Java\jdk-21\bin\java.dll
0x00007ffab6320000 - 0x00007ffab6b89000 	C:\Windows\System32\SHELL32.dll
0x00007ffab24a0000 - 0x00007ffab2d9f000 	C:\Windows\SYSTEM32\windows.storage.dll
0x00007ffab2360000 - 0x00007ffab249f000 	C:\Windows\SYSTEM32\wintypes.dll
0x00007ffab70d0000 - 0x00007ffab71c9000 	C:\Windows\System32\SHCORE.dll
0x00007ffab60b0000 - 0x00007ffab610e000 	C:\Windows\System32\shlwapi.dll
0x00007ffab4450000 - 0x00007ffab4477000 	C:\Windows\SYSTEM32\profapi.dll
0x00007ffaa3280000 - 0x00007ffaa3298000 	C:\Program Files\Java\jdk-21\bin\zip.dll
0x00007ffaa3580000 - 0x00007ffaa3590000 	C:\Program Files\Java\jdk-21\bin\net.dll
0x00007ffaaf8a0000 - 0x00007ffaaf9d6000 	C:\Windows\SYSTEM32\WINHTTP.dll
0x00007ffab3ad0000 - 0x00007ffab3b39000 	C:\Windows\system32\mswsock.dll
0x00007ffaa31c0000 - 0x00007ffaa31d6000 	C:\Program Files\Java\jdk-21\bin\nio.dll
0x00007ffaa31a0000 - 0x00007ffaa31ba000 	C:\Program Files\JetBrains\IntelliJ IDEA 2024.2.3\bin\breakgen64.dll
0x00007ffaabc50000 - 0x00007ffaabc59000 	C:\Program Files\Java\jdk-21\bin\extnet.dll
0x00007ffab30e0000 - 0x00007ffab31e2000 	C:\Windows\SYSTEM32\DNSAPI.dll
0x00007ffab3070000 - 0x00007ffab309d000 	C:\Windows\SYSTEM32\IPHLPAPI.DLL
0x00007ffab5a70000 - 0x00007ffab5a79000 	C:\Windows\System32\NSI.dll
0x00007ffaab8d0000 - 0x00007ffaab8da000 	C:\Windows\System32\rasadhlp.dll
0x00007ffaae770000 - 0x00007ffaae7f3000 	C:\Windows\System32\fwpuclnt.dll
0x00007ffaabc70000 - 0x00007ffaabc7a000 	C:\Program Files\Java\jdk-21\bin\management.dll
0x00007ffaabc60000 - 0x00007ffaabc6b000 	C:\Program Files\Java\jdk-21\bin\management_ext.dll
0x00007ffab5070000 - 0x00007ffab5078000 	C:\Windows\System32\PSAPI.DLL
0x00007ffab3d30000 - 0x00007ffab3d4b000 	C:\Windows\SYSTEM32\CRYPTSP.dll
0x00007ffab35c0000 - 0x00007ffab35f5000 	C:\Windows\system32\rsaenh.dll
0x00007ffab3bc0000 - 0x00007ffab3be8000 	C:\Windows\SYSTEM32\USERENV.dll
0x00007ffab3d20000 - 0x00007ffab3d2c000 	C:\Windows\SYSTEM32\CRYPTBASE.dll
0x00007ffa9dec0000 - 0x00007ffa9ded7000 	C:\Windows\system32\napinsp.dll
0x00007ffa9fc10000 - 0x00007ffa9fc2b000 	C:\Windows\system32\pnrpnsp.dll
0x00007ffa9dee0000 - 0x00007ffa9def1000 	C:\Windows\System32\winrnr.dll
0x00007ffaae800000 - 0x00007ffaae815000 	C:\Windows\system32\wshbth.dll
0x00007ffa5d100000 - 0x00007ffa5d127000 	C:\Windows\system32\nlansp_c.dll
0x00007ffaa3460000 - 0x00007ffaa3470000 	C:\Program Files\Java\jdk-21\bin\verify.dll
0x00007ffa96a90000 - 0x00007ffa96ae9000 	C:\Windows\SYSTEM32\pdh.dll
0x00007ffa94c10000 - 0x00007ffa94c21000 	C:\Windows\System32\perfproc.dll
0x00007ffaa3390000 - 0x00007ffaa339e000 	C:\Program Files\Java\jdk-21\bin\sunmscapi.dll
0x00007ffab46b0000 - 0x00007ffab4816000 	C:\Windows\System32\CRYPT32.dll
0x00007ffab3ec0000 - 0x00007ffab3eed000 	C:\Windows\SYSTEM32\ncrypt.dll
0x00007ffab3e80000 - 0x00007ffab3eb7000 	C:\Windows\SYSTEM32\NTASN1.dll
0x00007ffaa5a00000 - 0x00007ffaa5a08000 	C:\Windows\system32\wshunix.dll

dbghelp: loaded successfully - version: 4.0.5 - missing functions: none
symbol engine: initialized successfully - sym options: 0x614 - pdb path: .;C:\Program Files\Java\jdk-21\bin;C:\Windows\SYSTEM32;C:\Windows\WinSxS\amd64_microsoft.windows.common-controls_6595b64144ccf1df_6.0.22621.3672_none_2713b9d173822955;C:\Program Files\Java\jdk-21\bin\server;C:\Program Files\JetBrains\IntelliJ IDEA 2024.2.3\bin

VM Arguments:
jvm_args: -XX:TieredStopAtLevel=1 -Dspring.output.ansi.enabled=always -Dcom.sun.management.jmxremote -Dspring.jmx.enabled=true -Dspring.liveBeansView.mbeanDomain -Dspring.application.admin.enabled=true -Dmanagement.endpoints.jmx.exposure.include=* -javaagent:C:\Program Files\JetBrains\IntelliJ IDEA 2024.2.3\lib\idea_rt.jar=3319:C:\Program Files\JetBrains\IntelliJ IDEA 2024.2.3\bin -Dfile.encoding=UTF-8 -Dsun.stdout.encoding=UTF-8 -Dsun.stderr.encoding=UTF-8 
java_command: com.gamertoky1188.spreedsheet.server.gamertoky1188.Gamertoky1188Application
java_class_path (initial): G:\java\gradle\project2\gamertoky1188\gamertoky1188\build\classes\java\main;G:\java\gradle\project2\gamertoky1188\gamertoky1188\build\resources\main;C:\Users\Shibli Sadik\.gradle\caches\modules-2\files-2.1\org.springframework.boot\spring-boot-configuration-processor\3.3.4\c472859e2143ba04e87759f7dca41396346ea83e\spring-boot-configuration-processor-3.3.4.jar;C:\Users\Shibli Sadik\.gradle\caches\modules-2\files-2.1\com.google.apis\google-api-services-sheets\v4-rev20220927-2.0.0\742ffca984c77e5dd33a688336917b93a7bdac2d\google-api-services-sheets-v4-rev20220927-2.0.0.jar;C:\Users\Shibli Sadik\.gradle\caches\modules-2\files-2.1\com.google.api-client\google-api-client\1.34.1\db022e7aaba8df42eb39eea06ef2103ff45672f9\google-api-client-1.34.1.jar;C:\Users\Shibli Sadik\.gradle\caches\modules-2\files-2.1\org.springframework.boot\spring-boot-starter-web\3.3.4\b43a9fd107611337777b47dc7518e2aca59e58eb\spring-boot-starter-web-3.3.4.jar;C:\Users\Shibli Sadik\.gradle\caches\modules-2\files-2.1\org.springframework.boot\spring-boot-starter-webflux\3.3.4\c20cd6fecbe7770892ec9110be363a9b12249cf5\spring-boot-starter-webflux-3.3.4.jar;C:\Users\Shibli Sadik\.gradle\caches\modules-2\files-2.1\com.fasterxml.jackson.core\jackson-databind\2.17.2\e6deb029e5901e027c129341fac39e515066b68c\jackson-databind-2.17.2.jar;C:\Users\Shibli Sadik\.gradle\caches\modules-2\files-2.1\com.google.auth\google-auth-library-oauth2-http\1.14.0\81fdbb65862e355be93c316682b95d301860b64d\google-auth-library-oauth2-http-1.14.0.jar;C:\Users\Shibli Sadik\.gradle\caches\modules-2\files-2.1\com.google.oauth-client\google-oauth-client-jetty\1.34.1\a6aff2c1be148bac622e5048e20f536f71b3380d\google-oauth-client-jetty-1.34.1.jar;C:\Users\Shibli Sadik\.gradle\caches\modules-2\files-2.1\com.google.code.gson\gson\2.8.9\8a432c1d6825781e21a02db2e2c33c5fde2833b9\gson-2.8.9.jar;C:\Users\Shibli Sadik\.gradle\caches\modules-2\files-2.1\org.eclipse.jetty\jetty-server\9.4.48.v20220622\b91a0641cda31c93962503b88f783602d2bd8093\jetty-server-9.4.48.v20220622.jar;C:\Users\Shibli Sadik\.gradle\caches\modules-2\files-2.1\org.springframework.boot\spring-boot-starter-actuator\3.3.4\9ad9ae9cc5f37ed572f81f426c1481f26aadaf4c\spring-boot-starter-actuator-3.3.4.jar;C:\Users\Shibli Sadik\.gradle\caches\modules-2\files-2.1\org.springframework.boot\spring-boot-starter\3.3.4\f02312a6816fb439a55d2920b9af8f0f8abf5bac\spring-boot-starter-3.3.4.jar;C:\Users\Shibli Sadik\.gradle\caches\modules-2\files-2.1\com.google.oauth-client\google-oauth-client\1.34.1\4a4f88c5e13143f882268c98239fb85c3b2c6cb2\google-oauth-client-1.34.1.jar;C:\Users\Shibli Sadik\.gradle\caches\modules-2\files-2.1\com.google.http-client\google-http-client-gson\1.42.3\3251b36ee9e9c3effe3293f8d7094aa3841cad55\google-http-client-gson-1.42.3.jar;C:\Users\Shibli Sadik\.gradle\caches\modules-2\files-2.1\com.google.http-client\google-http-client-apache-v2\1.41.8\2e9ec89257a0be467c3f9bf24b9b0c7e4f4698e5\google-http-client-apache-v2-1.41.8.jar;C:\Users\Shibli Sadik\.gradle\caches\modules-2\files-2.1\com.google.http-client\google-http-client\1.42.3\e0feb1bd93ad9fb1e064706cff96e32b41a57b9c\google-http-client-1.42.3.jar;C:\Users\Shibli Sadik\.gradle\caches\modules-2\files-2.1\com.google.guava\guava\31.1-jre\60458f877d055d0c9114d9e1a2efb737b4bc282c\guava-31.1-jre.jar;C:\Users\Shibli Sadik\.gradle\caches\modules-2\files-2.1\org.apache.httpcomponents\httpclient\4.5.13\e5f6cae5ca7ecaac1ec2827a9e2d65ae2869cada\httpclient-4.5.13.jar;C:\Users\Shibli Sadik\.gradle\caches\modules-2\files-2.1\org.apache.httpcomponents\httpcore\4.4.16\51cf043c87253c9f58b539c9f7e44c8894223850\httpcore-4.4.16.jar;C:\Users\Shibli Sadik\.gradle\caches\modules-2\files-2.1\org.springframework.boot\spring-boot-starter-json\3.3.4\816ab4ccd364350e3d0b5c1d53c2e5302a49eae6\spring-boot-starter-json-3.3.4.jar;C:\Users\Shibli Sadik\.gradle\caches\modules-2\files-2.1\org.springframework.boot\spring-boot-starter-tomcat\3.3.4\7e552e904d54a0bd3f2ac8666e3344caa799a181\spring-boot-starter-tomcat-3.3.4.jar;C:\Users\Shibli Sadik\.gradle\caches\modules-2\files-2.1\org.springframework\spring-webmvc\6.1.13\ca5f025b133c69026bfe01daa6132d0ac2e4a59f\spring-webmvc-6.1.13.jar;C:\Users\Shibli Sadik\.gradle\caches\modules-2\files-2.1\org.springframework\spring-web\6.1.13\e4028dbbc4ae1fb4bfd3257c53302956d7687b66\spring-web-6.1.13.jar;C:\Users\Shibli Sadik\.gradle\caches\modules-2\files-2.1\org.springframework\spring-webflux\6.1.13\2f490a97e87da44fba826ade3dc003aa132caca7\spring-webflux-6.1.13.jar;C:\Users\Shibli Sadik\.gradle\caches\modules-2\files-2.1\org.springframework.boot\spring-boot-starter-reactor-netty\3.3.4\356a0c609e1ce219edad5b3943bab487bc423a6f\spring-boot-starter-reactor-netty-3.3.4.jar;C:\Users\Shibli Sadik\.gradle\caches\modules-2\files-2.1\com.fasterxml.jackson.core\jackson-annotations\2.17.2\147b7b9412ffff24339f8aba080b292448e08698\jackson-annotations-2.17.2.jar;C:\Users\Shibli Sadik\.gradle\caches\modules-2\files-2.1\com.fasterxml.jackson.core\jackson-core\2.17.2\969a35cb35c86512acbadcdbbbfb044c877db814\jackson-core-2.17.2.jar;C:\Users\Shibli Sadik\.gradle\caches\modules-2\files-2.1\com.google.auto.value\auto-value-annotations\1.10.1\9e5162c15f6033c524134cba05a5e93dc1d37c4b\auto-value-annotations-1.10.1.jar;C:\Users\Shibli Sadik\.gradle\caches\modules-2\files-2.1\com.google.code.findbugs\jsr305\3.0.2\25ea2e8b0c338a877313bd4672d3fe056ea78f0d\jsr305-3.0.2.jar;C:\Users\Shibli Sadik\.gradle\caches\modules-2\files-2.1\com.google.auth\google-auth-library-credentials\1.14.0\c005e26a2f276c8697cac333360f803858cddac\google-auth-library-credentials-1.14.0.jar;C:\Users\Shibli Sadik\.gradle\caches\modules-2\files-2.1\com.google.oauth-client\google-oauth-client-java6\1.34.1\af6b85ed729e96a5257741986e823aa241f3d9a4\google-oauth-client-java6-1.34.1.jar;C:\Users\Shibli Sadik\.gradle\caches\modules-2\files-2.1\javax.servlet\javax.servlet-api\3.1.0\3cd63d075497751784b2fa84be59432f4905bf7c\javax.servlet-api-3.1.0.jar;C:\Users\Shibli Sadik\.gradle\caches\modules-2\files-2.1\org.eclipse.jetty\jetty-http\12.0.13\4cc207e1006a747796cb99072087d58182193ad8\jetty-http-12.0.13.jar;C:\Users\Shibli Sadik\.gradle\caches\modules-2\files-2.1\org.eclipse.jetty\jetty-io\12.0.13\a8377234b4a3967ee9ecc65ee25ef93dcffeb0f8\jetty-io-12.0.13.jar;C:\Users\Shibli Sadik\.gradle\caches\modules-2\files-2.1\org.springframework.boot\spring-boot-actuator-autoconfigure\3.3.4\20d38f1d2d7e58a079031793a283e384cfc1c8bd\spring-boot-actuator-autoconfigure-3.3.4.jar;C:\Users\Shibli Sadik\.gradle\caches\modules-2\files-2.1\io.micrometer\micrometer-jakarta9\1.13.4\c03aeda6af5e8bae53f87e99c0083df8f4982ae1\micrometer-jakarta9-1.13.4.jar;C:\Users\Shibli Sadik\.gradle\caches\modules-2\files-2.1\io.micrometer\micrometer-observation\1.13.4\2673c9b181ab2512002b23b7ad0f1dd02212696c\micrometer-observation-1.13.4.jar;C:\Users\Shibli Sadik\.gradle\caches\modules-2\files-2.1\org.springframework.boot\spring-boot-autoconfigure\3.3.4\979234a0f3035fe60d5e505018789f98a7ec7ee3\spring-boot-autoconfigure-3.3.4.jar;C:\Users\Shibli Sadik\.gradle\caches\modules-2\files-2.1\org.springframework.boot\spring-boot\3.3.4\f06c6950aa5766b63328e821641f5c7d71be819d\spring-boot-3.3.4.jar;C:\Users\Shibli Sadik\.gradle\caches\modules-2\files-2.1\org.springframework.boot\spring-boot-starter-logging\3.3.4\c83073c0f5574b2146695ab716bcef3d6baa45e6\spring-boot-starter-logging-3.3.4.jar;C:\Users\Shibli Sadik\.gradle\caches\modules-2\files-2.1\jakarta.annotation\jakarta.annotation-api\2.1.1\48b9bda22b091b1f48b13af03fe36db3be6e1ae3\jakarta.annotation-api-2.1.1.jar;C:\Users\Shibli Sadik\.gradle\caches\modules-2\files-2.1\org.springframework\spring-core\6.1.13\ddbd765408d2665f47017c8f05a7682012f91da3\spring-core-6.1.13.jar;C:\Users\Shibli Sadik\.gradle\caches\modules-2\files-2.1\org.yaml\snakeyaml\2.2\3af797a25458550a16bf89acc8e4ab2b7f2bfce0\snakeyaml-2.2.jar;C:\Users\Shibli Sadik\.gradle\caches\modules-2\files-2.1\io.opencensus\opencensus-contrib-http-util\0.31.1\3c13fc5715231fadb16a9b74a44d9d59c460cfa8\opencensus-contrib-http-util-0.31.1.jar;C:\Users\Shibli Sadik\.gradle\caches\modules-2\files-2.1\com.google.errorprone\error_prone_annotations\2.16\3fdb501b45ba22c6e9c0f2abdb6ed747a48c71af\error_prone_annotations-2.16.jar;C:\Users\Shibli Sadik\.gradle\caches\modules-2\files-2.1\com.google.j2objc\j2objc-annotations\1.3\ba035118bc8bac37d7eff77700720999acd9986d\j2objc-annotations-1.3.jar;C:\Users\Shibli Sadik\.gradle\caches\modules-2\files-2.1\io.opencensus\opencensus-api\0.31.1\66a60c7201c2b8b20ce495f0295b32bb0ccbbc57\opencensus-api-0.31.1.jar;C:\Users\Shibli Sadik\.gradle\caches\modules-2\files-2.1\com.google.guava\failureaccess\1.0.1\1dcf1de382a0bf95a3d8b0849546c88bac1292c9\failureaccess-1.0.1.jar;C:\Users\Shibli Sadik\.gradle\caches\modules-2\files-2.1\com.google.guava\listenablefuture\9999.0-empty-to-avoid-conflict-with-guava\b421526c5f297295adef1c886e5246c39d4ac629\listenablefuture-9999.0-empty-to-avoid-conflict-with-guava.jar;C:\Users\Shibli Sadik\.gradle\caches\modules-2\files-2.1\org.checkerframework\checker-qual\3.12.0\d5692f0526415fcc6de94bb5bfbd3afd9dd3b3e5\checker-qual-3.12.0.jar;C:\Users\Shibli Sadik\.gradle\caches\modules-2\files-2.1\commons-logging\commons-logging\1.2\4bfc12adfe4842bf07b657f0369c4cb522955686\commons-logging-1.2.jar;C:\Users\Shibli Sadik\.gradle\caches\modules-2\files-2.1\commons-codec\commons-codec\1.16.1\47bd4d333fba53406f6c6c51884ddbca435c8862\commons-codec-1.16.1.jar;C:\Users\Shibli Sadik\.gradle\caches\modules-2\files-2.1\com.fasterxml.jackson.datatype\jackson-datatype-jsr310\2.17.2\267b85e9ba2892a37be6d80aa9ca1438a0d8c210\jackson-datatype-jsr310-2.17.2.jar;C:\Users\Shibli Sadik\.gradle\caches\modules-2\files-2.1\com.fasterxml.jackson.datatype\jackson-datatype-jdk8\2.17.2\efd3dd0e1d0db8bc72abbe71c15e697bb83b4b45\jackson-datatype-jdk8-2.17.2.jar;C:\Users\Shibli Sadik\.gradle\caches\modules-2\files-2.1\com.fasterxml.jackson.module\jackson-module-parameter-names\2.17.2\d27b9f95ccce98984c1ba58d61c5a9c072b1ad95\jackson-module-parameter-names-2.17.2.jar;C:\Users\Shibli Sadik\.gradle\caches\modules-2\files-2.1\org.apache.tomcat.embed\tomcat-embed-websocket\10.1.30\b8cc73d6878688d5afb8fb78c3f9ea1bc3e5e6cf\tomcat-embed-websocket-10.1.30.jar;C:\Users\Shibli Sadik\.gradle\caches\modules-2\files-2.1\org.apache.tomcat.embed\tomcat-embed-core\10.1.30\852ff3547f179175feaff39c443e9b980ec2cc2\tomcat-embed-core-10.1.30.jar;C:\Users\Shibli Sadik\.gradle\caches\modules-2\files-2.1\org.apache.tomcat.embed\tomcat-embed-el\10.1.30\432b176aa50de87c3bbda99b0fe85523abfd1382\tomcat-embed-el-10.1.30.jar;C:\Users\Shibli Sadik\.gradle\caches\modules-2\files-2.1\org.springframework\spring-context\6.1.13\d5163ddae069c5d78c841cd3a60c4db25bf16401\spring-context-6.1.13.jar;C:\Users\Shibli Sadik\.gradle\caches\modules-2\files-2.1\org.springframework\spring-aop\6.1.13\ad2c631e1717fdc6d91d56c06d4fd61e0215c19a\spring-aop-6.1.13.jar;C:\Users\Shibli Sadik\.gradle\caches\modules-2\files-2.1\org.springframework\spring-beans\6.1.13\90bbee6278b46b145e64e5ae29316bdd459c6826\spring-beans-6.1.13.jar;C:\Users\Shibli Sadik\.gradle\caches\modules-2\files-2.1\org.springframework\spring-expression\6.1.13\be30254712ca0549cbd539ba05c57064917253f3\spring-expression-6.1.13.jar;C:\Users\Shibli Sadik\.gradle\caches\modules-2\files-2.1\io.projectreactor\reactor-core\3.6.10\6860a576ae0bd1957c5d4c87e861025248818c01\reactor-core-3.6.10.jar;C:\Users\Shibli Sadik\.gradle\caches\modules-2\files-2.1\io.projectreactor.netty\reactor-netty-http\1.1.22\2faf64b3822b0512f15d72a325e2826eb8564413\reactor-netty-http-1.1.22.jar;C:\Users\Shibli Sadik\.gradle\caches\modules-2\files-2.1\org.eclipse.jetty\jetty-util\12.0.13\ad63179e37e1037b901feaa9d7423c27f70fcdfe\jetty-util-12.0.13.jar;C:\Users\Shibli Sadik\.gradle\caches\modules-2\files-2.1\org.slf4j\slf4j-api\2.0.16\172931663a09a1fa515567af5fbef00897d3c04\slf4j-api-2.0.16.jar;C:\Users\Shibli Sadik\.gradle\caches\modules-2\files-2.1\org.springframework.boot\spring-boot-actuator\3.3.4\5d57fafe41c2611b3f7337b4e1bfc7ad8674f41e\spring-boot-actuator-3.3.4.jar;C:\Users\Shibli Sadik\.gradle\caches\modules-2\files-2.1\io.micrometer\micrometer-core\1.13.4\6a333b0ac647afa33616e142797da950ff295b7b\micrometer-core-1.13.4.jar;C:\Users\Shibli Sadik\.gradle\caches\modules-2\files-2.1\io.micrometer\micrometer-commons\1.13.4\edcf69518a4c382c48e19c7fb7d4aedfb115c0c3\micrometer-commons-1.13.4.jar;C:\Users\Shibli Sadik\.gradle\caches\modules-2\files-2.1\ch.qos.logback\logback-classic\1.5.8\229bb1ef6b14dfbf74ff443af9097d836dc5f0dd\logback-classic-1.5.8.jar;C:\Users\Shibli Sadik\.gradle\caches\modules-2\files-2.1\org.apache.logging.log4j\log4j-to-slf4j\2.23.1\425ad1eb8a39904d2830e907a324e956fb456520\log4j-to-slf4j-2.23.1.jar;C:\Users\Shibli Sadik\.gradle\caches\modules-2\files-2.1\org.slf4j\jul-to-slf4j\2.0.16\6d57da3e961daac65bcca0dd3def6cd11e48a24a\jul-to-slf4j-2.0.16.jar;C:\Users\Shibli Sadik\.gradle\caches\modules-2\files-2.1\org.springframework\spring-jcl\6.1.13\37291ff008a66a9dbf2c98e11bd468cfadaa7ebc\spring-jcl-6.1.13.jar;C:\Users\Shibli Sadik\.gradle\caches\modules-2\files-2.1\io.grpc\grpc-context\1.27.2\1789190601b7a5361e4fa52b6bc95ec2cd71e854\grpc-context-1.27.2.jar;C:\Users\Shibli Sadik\.gradle\caches\modules-2\files-2.1\org.reactivestreams\reactive-streams\1.0.4\3864a1320d97d7b045f729a326e1e077661f31b7\reactive-streams-1.0.4.jar;C:\Users\Shibli Sadik\.gradle\caches\modules-2\files-2.1\io.projectreactor.netty\reactor-netty-core\1.1.22\8356b59b29f86e7142c9daca0434653a64ae64b\reactor-netty-core-1.1.22.jar;C:\Users\Shibli Sadik\.gradle\caches\modules-2\files-2.1\io.netty\netty-codec-http2\4.1.113.Final\e7e86e501158596e13ca3c2acebd832137228455\netty-codec-http2-4.1.113.Final.jar;C:\Users\Shibli Sadik\.gradle\caches\modules-2\files-2.1\io.netty\netty-codec-http\4.1.113.Final\4851935f2cf98b34499c46725a51c45e6804c67\netty-codec-http-4.1.113.Final.jar;C:\Users\Shibli Sadik\.gradle\caches\modules-2\files-2.1\io.netty\netty-resolver-dns-native-macos\4.1.113.Final\3c7ad5582227667c01fb46480bda9e4ea5734494\netty-resolver-dns-native-macos-4.1.113.Final-osx-x86_64.jar;C:\Users\Shibli Sadik\.gradle\caches\modules-2\files-2.1\io.netty\netty-resolver-dns\4.1.113.Final\41285e5dcaf43ffaa8809cc3f9104778595a77e8\netty-resolver-dns-4.1.113.Final.jar;C:\Users\Shibli Sadik\.gradle\caches\modules-2\files-2.1\io.netty\netty-transport-native-epoll\4.1.113.Final\a26dddb61a54c5d939c2e35197232f618322c1b1\netty-transport-native-epoll-4.1.113.Final-linux-x86_64.jar;C:\Users\Shibli Sadik\.gradle\caches\modules-2\files-2.1\ch.qos.logback\logback-core\1.5.8\3fce599197de3b6f387cc9bee412ead2b4994a46\logback-core-1.5.8.jar;C:\Users\Shibli Sadik\.gradle\caches\modules-2\files-2.1\org.apache.logging.log4j\log4j-api\2.23.1\9c15c29c526d9c6783049c0a77722693c66706e1\log4j-api-2.23.1.jar;C:\Users\Shibli Sadik\.gradle\caches\modules-2\files-2.1\io.netty\netty-handler-proxy\4.1.113.Final\68d6c8a37a874b8094f3856b0070b9fc3cb862e\netty-handler-proxy-4.1.113.Final.jar;C:\Users\Shibli Sadik\.gradle\caches\modules-2\files-2.1\io.netty\netty-handler\4.1.113.Final\df48be9ca640df01c66c1ee88fc2cd91987c31ab\netty-handler-4.1.113.Final.jar;C:\Users\Shibli Sadik\.gradle\caches\modules-2\files-2.1\io.netty\netty-codec\4.1.113.Final\370ab9b7c1b31b32423498331c1f723cda3332cb\netty-codec-4.1.113.Final.jar;C:\Users\Shibli Sadik\.gradle\caches\modules-2\files-2.1\io.netty\netty-transport\4.1.113.Final\8ba0a07b6ca61aefd607ca2a91ebd1cce28f5e3d\netty-transport-4.1.113.Final.jar;C:\Users\Shibli Sadik\.gradle\caches\modules-2\files-2.1\io.netty\netty-buffer\4.1.113.Final\69462f1f5528fb95477fa3b15a1e755ada0df66\netty-buffer-4.1.113.Final.jar;C:\Users\Shibli Sadik\.gradle\caches\modules-2\files-2.1\io.netty\netty-common\4.1.113.Final\1a7fe68aa349746008e5cff490aa6077728aac5a\netty-common-4.1.113.Final.jar;C:\Users\Shibli Sadik\.gradle\caches\modules-2\files-2.1\io.netty\netty-resolver-dns-classes-macos\4.1.113.Final\ff3ba7ed178595704d653c83a8315ae61e2a63e2\netty-resolver-dns-classes-macos-4.1.113.Final.jar;C:\Users\Shibli Sadik\.gradle\caches\modules-2\files-2.1\io.netty\netty-codec-dns\4.1.113.Final\af2d096266a680455a6432157b3ce0bc8c5b3257\netty-codec-dns-4.1.113.Final.jar;C:\Users\Shibli Sadik\.gradle\caches\modules-2\files-2.1\io.netty\netty-resolver\4.1.113.Final\ffe3172485dd1e433271a60195d4a26fd9398be7\netty-resolver-4.1.113.Final.jar;C:\Users\Shibli Sadik\.gradle\caches\modules-2\files-2.1\io.netty\netty-transport-classes-epoll\4.1.113.Final\314f680c386eddbb944cad1c63a116b9b3b75e42\netty-transport-classes-epoll-4.1.113.Final.jar;C:\Users\Shibli Sadik\.gradle\caches\modules-2\files-2.1\io.netty\netty-transport-native-unix-common\4.1.113.Final\e8d1d4ba444e203fd8af42a9d22e1032d89daa32\netty-transport-native-unix-common-4.1.113.Final.jar;C:\Users\Shibli Sadik\.gradle\caches\modules-2\files-2.1\io.netty\netty-codec-socks\4.1.113.Final\39efd7a056ae0ede07e73081db9572c86f252195\netty-codec-socks-4.1.113.Final.jar;C:\Users\Shibli Sadik\.gradle\caches\modules-2\files-2.1\org.springframework.boot\spring-boot-devtools\3.3.4\855b368144ba046f7f8c647691720388cec82cc9\spring-boot-devtools-3.3.4.jar;C:\Users\Shibli Sadik\.gradle\caches\modules-2\files-2.1\org.hdrhistogram\HdrHistogram\2.2.2\7959933ebcc0f05b2eaa5af0a0c8689fa257b15c\HdrHistogram-2.2.2.jar;C:\Users\Shibli Sadik\.gradle\caches\modules-2\files-2.1\org.latencyutils\LatencyUtils\2.0.3\769c0b82cb2421c8256300e907298a9410a2a3d3\LatencyUtils-2.0.3.jar
Launcher Type: SUN_STANDARD

[Global flags]
     intx CICompilerCount                          = 4                                         {product} {ergonomic}
     uint ConcGCThreads                            = 2                                         {product} {ergonomic}
     uint G1ConcRefinementThreads                  = 8                                         {product} {ergonomic}
   size_t G1HeapRegionSize                         = 1048576                                   {product} {ergonomic}
    uintx GCDrainStackTargetSize                   = 64                                        {product} {ergonomic}
   size_t InitialHeapSize                          = 67108864                                  {product} {ergonomic}
     bool ManagementServer                         = true                                      {product} {command line}
   size_t MarkStackSize                            = 4194304                                   {product} {ergonomic}
   size_t MaxHeapSize                              = 1044381696                                {product} {ergonomic}
   size_t MaxNewSize                               = 625999872                                 {product} {ergonomic}
   size_t MinHeapDeltaBytes                        = 1048576                                   {product} {ergonomic}
   size_t MinHeapSize                              = 8388608                                   {product} {ergonomic}
    uintx NonNMethodCodeHeapSize                   = 4096                                   {pd product} {ergonomic}
    uintx NonProfiledCodeHeapSize                  = 0                                      {pd product} {ergonomic}
     bool ProfileInterpreter                       = false                                  {pd product} {command line}
    uintx ProfiledCodeHeapSize                     = 0                                      {pd product} {ergonomic}
   size_t SoftMaxHeapSize                          = 1044381696                             {manageable} {ergonomic}
     intx TieredStopAtLevel                        = 1                                         {product} {command line}
     bool UseCompressedOops                        = true                           {product lp64_product} {ergonomic}
     bool UseG1GC                                  = true                                      {product} {ergonomic}
     bool UseLargePagesIndividualAllocation        = false                                  {pd product} {ergonomic}

Logging:
Log output configuration:
 #0: stdout all=warning uptime,level,tags foldmultilines=false
 #1: stderr all=off uptime,level,tags foldmultilines=false

Environment Variables:
JAVA_HOME=C:\Program Files\Java\jdk-21
PATH=C:\Program Files (x86)\VMware\VMware Workstation\bin\;C:\Program Files\Common Files\Oracle\Java\javapath;C:\Program Files (x86)\Common Files\Oracle\Java\java8path;C:\Program Files (x86)\Common Files\Oracle\Java\javapath;C:\Windows\system32;C:\Windows;C:\Windows\System32\Wbem;C:\Windows\System32\WindowsPowerShell\v1.0\;C:\Windows\System32\OpenSSH\;C:\ProgramData\chocolatey\bin;C:\Program Files\Microsoft SQL Server\150\Tools\Binn\;C:\Program Files\Microsoft SQL Server\Client SDK\ODBC\170\Tools\Binn\;C:\Program Files\dotnet\;C:\Program Files (x86)\Incredibuild;C:\Program Files (x86)\Windows Kits\10\Windows Performance Toolkit\;C:\Program Files\Git\cmd;C:\Program Files\Common Files\Oracle\Java\javapath;C:\Windows\system32;C:\Windows;C:\Windows\System32\Wbem;C:\Windows\System32\WindowsPowerShell\v1.0\;C:\Windows\System32\OpenSSH\;C:\ProgramData\chocolatey\bin;C:\Program Files\Microsoft SQL Server\150\Tools\Binn\;C:\Program Files\Microsoft SQL Server\Client SDK\ODBC\170\Tools\Binn\;C:\Program Files\dotnet\;C:\Program Files (x86)\Incredibuild;C:\Program Files (x86)\Wind;C:\Program Files\nodejs\;C:\ProgramData\chocolatey\lib\maven\apache-maven-3.9.9\bin;C:\Program Files\System32\scrcpy;C:\Program Files\scrcpy;C:\Program Files\Common Files\Oracle\Java\javapath;C:\Windows\system32;C:\Windows;C:\Windows\System32\Wbem;C:\Windows\System32\WindowsPowerShell\v1.0\;C:\Windows\System32\OpenSSH\;C:\ProgramData\chocolatey\bin;C:\Program Files\Microsoft SQL Server\150\Tools\Binn\;C:\Program Files\Microsoft SQL Server\Client SDK\ODBC\170\Tools\Binn\;C:\Program Files\dotnet\;C:\Program Files (x86)\Incredibuild;C:\Program Files (x86)\Windows Kits\10\Windows Performance Toolkit\;C:\Program Files\Git\cmd;C:\Users\Shibli Sadik\AppData\Local\Microsoft\WindowsApps;C:\Users\Shibli Sadik\AppData\Local\Programs\Microsoft VS Code\bin;C:\Program Files\JetBrains\IntelliJ IDEA 2024.2.1\bin;C:\Users\Shibli Sadik\.dotnet\tools;C:\Users\Shibli Sadik\AppData\Local\Packages\PythonSoftwareFoundation.Python.3.12_qbz5n2kfra8p0\LocalCache\local-packages\Python312\Scripts;C:\Users\Shibli Sadik\AppData\Roaming\npm;C:\Program Files\scrcpy;C:\Program Files\Common Files\Oracle\Java\javapath;C:\Windows\system32;C:\Windows;C:\Windows\System32\Wbem;C:\Windows\System32\WindowsPowerShell\v1.0\;C:\Windows\System32\OpenSSH\;C:\ProgramData\chocolatey\bin;C:\Program Files\Microsoft SQL Server\150\Tools\Binn\;C:\Program Files\Microsoft SQL Server\Client SDK\ODBC\170\Tools\Binn\;C:\Program Files\dotnet\;C:\Program Files (x86)\Incredibuild;C:\Program Files (x86)\Windows Kits\10\Windows Performance Toolkit\;C:\Program Files\Git\cmd;C:\Users\Shibli Sadik\AppData\Local\Microsoft\WindowsApps;C:\Users\Shibli Sadik\AppData\Local\Programs\Microsoft VS Code\bin;C:\Program Files\JetBrains\IntelliJ IDEA 2024.2.1\bin;C:\Users\Shibli Sadik\.dotnet\tools;C:\Users\Shibli Sadik\AppData\Local\Packages\PythonSoftwareFoundation.Python.3.12_qbz5n2kfra8p0\LocalCache\local-packages\Python312\Scripts;C:\Users\Shibli Sadik\AppData\Roaming\npm;C:\Program Files\scrcpy\scrcpy-win64-v2.6.1;C:\Program Files\PowerShell\7\;C:\Program Files\Common Files\Oracle\Java\javapath;C:\Program Files (x86)\Common Files\Oracle\Java\javapath;C:\Windows\system32;C:\Windows;C:\Windows\System32\Wbem;C:\Windows\System32\WindowsPowerShell\v1.0\;C:\Windows\System32\OpenSSH\;C:\ProgramData\chocolatey\bin;C:\Program Files\Microsoft SQL Server\150\Tools\Binn\;C:\Program Files\Microsoft SQL Server\Client SDK\ODBC\170\Tools\Binn\;C:\Program Files\dotnet\;C:\Program Files (x86)\Incredibuild;C:\Program Files (x86)\Windows Kits\10\Windows Performance Toolkit\;C:\Program Files\Git\cmd;C:\Users\Shibli Sadik\AppData\Local\Microsoft\WindowsApps;C:\Users\Shibli Sadik\AppData\Local\Programs\Microsoft VS Code\bin;C:\Program Files\JetBrains\IntelliJ IDEA 2024.2.1\bin;C:\Users\Shibli Sadik\.dotnet\tools;C:\Users\Shibli Sadik\AppData\Local\Packages\PythonSoftwareFoundation.Python.3.12_qbz5n2kfra8p0\LocalCache\local-packages\Python312\Scripts;C:\Users\Shibli Sadik\AppData\Roaming\npm;C:\Program Files\Nmap
USERNAME=Shibli Sadik
OS=Windows_NT
PROCESSOR_IDENTIFIER=Intel64 Family 6 Model 142 Stepping 11, GenuineIntel
TMP=C:\Users\SHIBLI~1\AppData\Local\Temp
TEMP=C:\Users\SHIBLI~1\AppData\Local\Temp




Periodic native trim disabled

---------------  S Y S T E M  ---------------

OS:
 Windows 11 , 64 bit Build 22621 (10.0.22621.3958)
OS uptime: 9 days 9:27 hours

CPU: total 8 (initial active 8) (4 cores per cpu, 2 threads per core) family 6 model 142 stepping 11 microcode 0xf2, cx8, cmov, fxsr, ht, mmx, 3dnowpref, sse, sse2, sse3, ssse3, sse4.1, sse4.2, popcnt, lzcnt, tsc, tscinvbit, avx, avx2, aes, erms, clmul, bmi1, bmi2, adx, fma, vzeroupper, clflush, clflushopt, rdtscp, f16c
Processor Information for all 8 processors :
  Max Mhz: 1800, Current Mhz: 1600, Mhz Limit: 1584

Memory: 4k page, system-wide physical 3977M (52M free)
TotalPageFile size 16265M (AvailPageFile size 42M)
current process WorkingSet (physical memory assigned to process): 125M, peak: 170M
current process commit charge ("private bytes"): 236M, peak: 316M

vm_info: Java HotSpot(TM) 64-Bit Server VM (21.0.4+8-LTS-274) for windows-amd64 JRE (21.0.4+8-LTS-274), built on 2024-06-05T05:23:33Z by "mach5one" with MS VC++ 17.6 (VS2022)

END.
